[0.593s] Invoking command in '/home/breno/ros2_ws/src/my_py_pkg': DEBUGINFOD_URLS=https://debuginfod.ubuntu.com PYTHONPATH=/home/breno/ros2_ws/build/my_py_pkg/prefix_override:/usr/lib/python3/dist-packages/colcon_core/task/python/colcon_distutils_commands:/home/breno/ros2_ws/install/my_py_pkg/lib/python3.12/site-packages:/home/breno/ros2_ws/install/my_robot_interfaces/lib/python3.12/site-packages:/home/breno/ros2_ws/build/my_py_pkg:/home/breno/ros2_ws/install/my_py_pkg/lib/python3.12/site-packages:/opt/ros/jazzy/lib/python3.12/site-packages /usr/bin/python3 -W ignore:setup.py install is deprecated -W ignore:easy_install command is deprecated setup.py egg_info --egg-base ../../build/my_py_pkg build --build-base /home/breno/ros2_ws/build/my_py_pkg/build install --record /home/breno/ros2_ws/build/my_py_pkg/install.log --single-version-externally-managed install_data
[0.787s] running egg_info
[0.801s] writing ../../build/my_py_pkg/my_py_pkg.egg-info/PKG-INFO
[0.801s] writing dependency_links to ../../build/my_py_pkg/my_py_pkg.egg-info/dependency_links.txt
[0.802s] writing entry points to ../../build/my_py_pkg/my_py_pkg.egg-info/entry_points.txt
[0.802s] writing requirements to ../../build/my_py_pkg/my_py_pkg.egg-info/requires.txt
[0.802s] writing top-level names to ../../build/my_py_pkg/my_py_pkg.egg-info/top_level.txt
[0.831s] reading manifest file '../../build/my_py_pkg/my_py_pkg.egg-info/SOURCES.txt'
[0.832s] writing manifest file '../../build/my_py_pkg/my_py_pkg.egg-info/SOURCES.txt'
[0.832s] running build
[0.832s] running build_py
[0.832s] copying my_py_pkg/led_panel.py -> /home/breno/ros2_ws/build/my_py_pkg/build/lib/my_py_pkg
[0.833s] running install
[0.837s] running install_lib
[0.852s] copying /home/breno/ros2_ws/build/my_py_pkg/build/lib/my_py_pkg/led_panel.py -> /home/breno/ros2_ws/install/my_py_pkg/lib/python3.12/site-packages/my_py_pkg
[0.853s] byte-compiling /home/breno/ros2_ws/install/my_py_pkg/lib/python3.12/site-packages/my_py_pkg/led_panel.py to led_panel.cpython-312.pyc
[0.853s] running install_data
[0.854s] running install_egg_info
[0.869s] removing '/home/breno/ros2_ws/install/my_py_pkg/lib/python3.12/site-packages/my_py_pkg-0.0.0-py3.12.egg-info' (and everything under it)
[0.869s] Copying ../../build/my_py_pkg/my_py_pkg.egg-info to /home/breno/ros2_ws/install/my_py_pkg/lib/python3.12/site-packages/my_py_pkg-0.0.0-py3.12.egg-info
[0.870s] running install_scripts
[0.972s] Installing add_two_ints_client script to /home/breno/ros2_ws/install/my_py_pkg/lib/my_py_pkg
[0.972s] Installing add_two_ints_client_no_opp script to /home/breno/ros2_ws/install/my_py_pkg/lib/my_py_pkg
[0.972s] Installing add_two_ints_server script to /home/breno/ros2_ws/install/my_py_pkg/lib/my_py_pkg
[0.972s] Installing hw_status_publisher script to /home/breno/ros2_ws/install/my_py_pkg/lib/my_py_pkg
[0.972s] Installing led_panel script to /home/breno/ros2_ws/install/my_py_pkg/lib/my_py_pkg
[0.972s] Installing number_counter script to /home/breno/ros2_ws/install/my_py_pkg/lib/my_py_pkg
[0.972s] Installing number_publisher script to /home/breno/ros2_ws/install/my_py_pkg/lib/my_py_pkg
[0.972s] Installing py_node script to /home/breno/ros2_ws/install/my_py_pkg/lib/my_py_pkg
[0.972s] Installing reset_counter script to /home/breno/ros2_ws/install/my_py_pkg/lib/my_py_pkg
[0.972s] Installing robot_news_station script to /home/breno/ros2_ws/install/my_py_pkg/lib/my_py_pkg
[0.972s] Installing smartphone script to /home/breno/ros2_ws/install/my_py_pkg/lib/my_py_pkg
[0.973s] writing list of installed files to '/home/breno/ros2_ws/build/my_py_pkg/install.log'
[0.992s] Invoked command in '/home/breno/ros2_ws/src/my_py_pkg' returned '0': DEBUGINFOD_URLS=https://debuginfod.ubuntu.com PYTHONPATH=/home/breno/ros2_ws/build/my_py_pkg/prefix_override:/usr/lib/python3/dist-packages/colcon_core/task/python/colcon_distutils_commands:/home/breno/ros2_ws/install/my_py_pkg/lib/python3.12/site-packages:/home/breno/ros2_ws/install/my_robot_interfaces/lib/python3.12/site-packages:/home/breno/ros2_ws/build/my_py_pkg:/home/breno/ros2_ws/install/my_py_pkg/lib/python3.12/site-packages:/opt/ros/jazzy/lib/python3.12/site-packages /usr/bin/python3 -W ignore:setup.py install is deprecated -W ignore:easy_install command is deprecated setup.py egg_info --egg-base ../../build/my_py_pkg build --build-base /home/breno/ros2_ws/build/my_py_pkg/build install --record /home/breno/ros2_ws/build/my_py_pkg/install.log --single-version-externally-managed install_data
