-- Found ament_cmake: 2.5.6 (/opt/ros/jazzy/share/ament_cmake/cmake)
-- Override CMake install command with custom implementation using symlinks instead of copying resources
-- Configuring done (0.2s)
-- Generating done (0.0s)
-- Build files have been written to: /home/breno/ros2_ws/build/my_robot_bringup
-- Install configuration: ""
-- Execute custom install script
-- Symlinking: /home/breno/ros2_ws/install/my_robot_bringup/share/my_robot_bringup//launch/number_app.launch.py
-- Symlinking: /home/breno/ros2_ws/install/my_robot_bringup/share/my_robot_bringup//launch/number_app.launch.xml
-- Symlinking: /home/breno/ros2_ws/install/my_robot_bringup/share/my_robot_bringup//launch/number_app_from_python.launch.xml
-- Symlinking: /home/breno/ros2_ws/install/my_robot_bringup/share/my_robot_bringup//launch/robot_news_station.launch.xml
-- Symlinking: /home/breno/ros2_ws/install/my_robot_bringup/share/my_robot_bringup//launch/turtle_controller_choose.launch.xml
-- Symlinking: /home/breno/ros2_ws/install/my_robot_bringup/share/my_robot_bringup//config/number_app.yaml
-- Symlinking: /home/breno/ros2_ws/install/my_robot_bringup/share/my_robot_bringup//config/robot_news_station.yaml
-- Symlinking: /home/breno/ros2_ws/install/my_robot_bringup/share/my_robot_bringup//config/turtle_controller_choose.yaml
-- Symlinking: /home/breno/ros2_ws/install/my_robot_bringup/share/ament_index/resource_index/package_run_dependencies/my_robot_bringup
-- Symlinking: /home/breno/ros2_ws/install/my_robot_bringup/share/ament_index/resource_index/parent_prefix_path/my_robot_bringup
-- Symlinking: /home/breno/ros2_ws/install/my_robot_bringup/share/my_robot_bringup/environment/ament_prefix_path.sh
-- Symlinking: /home/breno/ros2_ws/install/my_robot_bringup/share/my_robot_bringup/environment/ament_prefix_path.dsv
-- Symlinking: /home/breno/ros2_ws/install/my_robot_bringup/share/my_robot_bringup/environment/path.sh
-- Symlinking: /home/breno/ros2_ws/install/my_robot_bringup/share/my_robot_bringup/environment/path.dsv
-- Symlinking: /home/breno/ros2_ws/install/my_robot_bringup/share/my_robot_bringup/local_setup.bash
-- Symlinking: /home/breno/ros2_ws/install/my_robot_bringup/share/my_robot_bringup/local_setup.sh
-- Symlinking: /home/breno/ros2_ws/install/my_robot_bringup/share/my_robot_bringup/local_setup.zsh
-- Symlinking: /home/breno/ros2_ws/install/my_robot_bringup/share/my_robot_bringup/local_setup.dsv
-- Symlinking: /home/breno/ros2_ws/install/my_robot_bringup/share/my_robot_bringup/package.dsv
-- Symlinking: /home/breno/ros2_ws/install/my_robot_bringup/share/ament_index/resource_index/packages/my_robot_bringup
-- Symlinking: /home/breno/ros2_ws/install/my_robot_bringup/share/my_robot_bringup/cmake/my_robot_bringupConfig.cmake
-- Symlinking: /home/breno/ros2_ws/install/my_robot_bringup/share/my_robot_bringup/cmake/my_robot_bringupConfig-version.cmake
-- Symlinking: /home/breno/ros2_ws/install/my_robot_bringup/share/my_robot_bringup/package.xml
