[0.013s] Invoking command in '/home/breno/ros2_ws/build/my_robot_bringup': CMAKE_PREFIX_PATH=${CMAKE_PREFIX_PATH}:/home/breno/ros2_ws/install/my_py_pkg:/opt/ros/jazzy DEBUGINFOD_URLS=https://debuginfod.ubuntu.com /usr/bin/cmake /home/breno/ros2_ws/src/my_robot_bringup -DCMAKE_INSTALL_PREFIX=/home/breno/ros2_ws/install/my_robot_bringup
[0.163s] -- The C compiler identification is GNU 13.3.0
[0.275s] -- The CXX compiler identification is GNU 13.3.0
[0.293s] -- Detecting C compiler ABI info
[0.377s] -- Detecting C compiler ABI info - done
[0.383s] -- Check for working C compiler: /usr/bin/cc - skipped
[0.384s] -- Detecting C compile features
[0.384s] -- Detecting C compile features - done
[0.392s] -- Detecting CXX compiler ABI info
[0.471s] -- Detecting CXX compiler ABI info - done
[0.478s] -- Check for working CXX compiler: /usr/bin/c++ - skipped
[0.478s] -- Detecting CXX compile features
[0.479s] -- Detecting CXX compile features - done
[0.485s] -- Found ament_cmake: 2.5.6 (/opt/ros/jazzy/share/ament_cmake/cmake)
[0.596s] -- Found Python3: /usr/bin/python3 (found version "3.12.3") found components: Interpreter 
[0.756s] -- Configuring done (0.7s)
[0.758s] -- Generating done (0.0s)
[0.761s] -- Build files have been written to: /home/breno/ros2_ws/build/my_robot_bringup
[0.765s] Invoked command in '/home/breno/ros2_ws/build/my_robot_bringup' returned '0': CMAKE_PREFIX_PATH=${CMAKE_PREFIX_PATH}:/home/breno/ros2_ws/install/my_py_pkg:/opt/ros/jazzy DEBUGINFOD_URLS=https://debuginfod.ubuntu.com /usr/bin/cmake /home/breno/ros2_ws/src/my_robot_bringup -DCMAKE_INSTALL_PREFIX=/home/breno/ros2_ws/install/my_robot_bringup
[0.766s] Invoking command in '/home/breno/ros2_ws/build/my_robot_bringup': CMAKE_PREFIX_PATH=${CMAKE_PREFIX_PATH}:/home/breno/ros2_ws/install/my_py_pkg:/opt/ros/jazzy DEBUGINFOD_URLS=https://debuginfod.ubuntu.com /usr/bin/cmake --build /home/breno/ros2_ws/build/my_robot_bringup -- -j16 -l16
[0.797s] Invoked command in '/home/breno/ros2_ws/build/my_robot_bringup' returned '0': CMAKE_PREFIX_PATH=${CMAKE_PREFIX_PATH}:/home/breno/ros2_ws/install/my_py_pkg:/opt/ros/jazzy DEBUGINFOD_URLS=https://debuginfod.ubuntu.com /usr/bin/cmake --build /home/breno/ros2_ws/build/my_robot_bringup -- -j16 -l16
[0.806s] Invoking command in '/home/breno/ros2_ws/build/my_robot_bringup': CMAKE_PREFIX_PATH=${CMAKE_PREFIX_PATH}:/home/breno/ros2_ws/install/my_py_pkg:/opt/ros/jazzy DEBUGINFOD_URLS=https://debuginfod.ubuntu.com /usr/bin/cmake --install /home/breno/ros2_ws/build/my_robot_bringup
[0.812s] -- Install configuration: ""
[0.812s] -- Installing: /home/breno/ros2_ws/install/my_robot_bringup/share/my_robot_bringup//launch
[0.812s] -- Installing: /home/breno/ros2_ws/install/my_robot_bringup/share/my_robot_bringup//launch/number_app.launch.xml
[0.812s] -- Installing: /home/breno/ros2_ws/install/my_robot_bringup/share/ament_index/resource_index/package_run_dependencies/my_robot_bringup
[0.812s] -- Installing: /home/breno/ros2_ws/install/my_robot_bringup/share/ament_index/resource_index/parent_prefix_path/my_robot_bringup
[0.812s] -- Installing: /home/breno/ros2_ws/install/my_robot_bringup/share/my_robot_bringup/environment/ament_prefix_path.sh
[0.812s] -- Installing: /home/breno/ros2_ws/install/my_robot_bringup/share/my_robot_bringup/environment/ament_prefix_path.dsv
[0.812s] -- Installing: /home/breno/ros2_ws/install/my_robot_bringup/share/my_robot_bringup/environment/path.sh
[0.813s] -- Installing: /home/breno/ros2_ws/install/my_robot_bringup/share/my_robot_bringup/environment/path.dsv
[0.813s] -- Installing: /home/breno/ros2_ws/install/my_robot_bringup/share/my_robot_bringup/local_setup.bash
[0.813s] -- Installing: /home/breno/ros2_ws/install/my_robot_bringup/share/my_robot_bringup/local_setup.sh
[0.813s] -- Installing: /home/breno/ros2_ws/install/my_robot_bringup/share/my_robot_bringup/local_setup.zsh
[0.813s] -- Installing: /home/breno/ros2_ws/install/my_robot_bringup/share/my_robot_bringup/local_setup.dsv
[0.813s] -- Installing: /home/breno/ros2_ws/install/my_robot_bringup/share/my_robot_bringup/package.dsv
[0.813s] -- Installing: /home/breno/ros2_ws/install/my_robot_bringup/share/ament_index/resource_index/packages/my_robot_bringup
[0.813s] -- Installing: /home/breno/ros2_ws/install/my_robot_bringup/share/my_robot_bringup/cmake/my_robot_bringupConfig.cmake
[0.814s] -- Installing: /home/breno/ros2_ws/install/my_robot_bringup/share/my_robot_bringup/cmake/my_robot_bringupConfig-version.cmake
[0.814s] -- Installing: /home/breno/ros2_ws/install/my_robot_bringup/share/my_robot_bringup/package.xml
[0.815s] Invoked command in '/home/breno/ros2_ws/build/my_robot_bringup' returned '0': CMAKE_PREFIX_PATH=${CMAKE_PREFIX_PATH}:/home/breno/ros2_ws/install/my_py_pkg:/opt/ros/jazzy DEBUGINFOD_URLS=https://debuginfod.ubuntu.com /usr/bin/cmake --install /home/breno/ros2_ws/build/my_robot_bringup
