[0.603s] Invoking command in '/home/breno/ros2_ws/build/my_py_pkg': DEBUGINFOD_URLS=https://debuginfod.ubuntu.com PYTHONPATH=/home/breno/ros2_ws/build/my_py_pkg/prefix_override:/usr/lib/python3/dist-packages/colcon_core/task/python/colcon_distutils_commands:/home/breno/ros2_ws/install/my_py_pkg/lib/python3.12/site-packages:${PYTHONPATH} /usr/bin/python3 -W ignore:setup.py install is deprecated -W ignore:easy_install command is deprecated setup.py develop --editable --build-directory /home/breno/ros2_ws/build/my_py_pkg/build --no-deps symlink_data
[0.847s] running develop
[1.004s] running egg_info
[1.005s] creating my_py_pkg.egg-info
[1.020s] writing my_py_pkg.egg-info/PKG-INFO
[1.020s] writing dependency_links to my_py_pkg.egg-info/dependency_links.txt
[1.020s] writing entry points to my_py_pkg.egg-info/entry_points.txt
[1.020s] writing requirements to my_py_pkg.egg-info/requires.txt
[1.021s] writing top-level names to my_py_pkg.egg-info/top_level.txt
[1.021s] writing manifest file 'my_py_pkg.egg-info/SOURCES.txt'
[1.052s] reading manifest file 'my_py_pkg.egg-info/SOURCES.txt'
[1.052s] writing manifest file 'my_py_pkg.egg-info/SOURCES.txt'
[1.068s] running build_ext
[1.068s] Creating /home/breno/ros2_ws/install/my_py_pkg/lib/python3.12/site-packages/my-py-pkg.egg-link (link to .)
[1.069s] Installing py_node script to /home/breno/ros2_ws/install/my_py_pkg/lib/my_py_pkg
[1.069s] Installing robot_news_station script to /home/breno/ros2_ws/install/my_py_pkg/lib/my_py_pkg
[1.069s] 
[1.069s] Installed /home/breno/ros2_ws/build/my_py_pkg
[1.069s] running symlink_data
[1.069s] creating /home/breno/ros2_ws/install/my_py_pkg/share/ament_index
[1.069s] creating /home/breno/ros2_ws/install/my_py_pkg/share/ament_index/resource_index
[1.069s] creating /home/breno/ros2_ws/install/my_py_pkg/share/ament_index/resource_index/packages
[1.069s] symbolically linking /home/breno/ros2_ws/build/my_py_pkg/resource/my_py_pkg -> /home/breno/ros2_ws/install/my_py_pkg/share/ament_index/resource_index/packages
[1.069s] symbolically linking /home/breno/ros2_ws/build/my_py_pkg/package.xml -> /home/breno/ros2_ws/install/my_py_pkg/share/my_py_pkg
[1.099s] Invoked command in '/home/breno/ros2_ws/build/my_py_pkg' returned '0': DEBUGINFOD_URLS=https://debuginfod.ubuntu.com PYTHONPATH=/home/breno/ros2_ws/build/my_py_pkg/prefix_override:/usr/lib/python3/dist-packages/colcon_core/task/python/colcon_distutils_commands:/home/breno/ros2_ws/install/my_py_pkg/lib/python3.12/site-packages:${PYTHONPATH} /usr/bin/python3 -W ignore:setup.py install is deprecated -W ignore:easy_install command is deprecated setup.py develop --editable --build-directory /home/breno/ros2_ws/build/my_py_pkg/build --no-deps symlink_data
