[0.008s] Invoking command in '/home/breno/ros2_ws/build/my_robot_interfaces': CMAKE_PREFIX_PATH=${CMAKE_PREFIX_PATH}:/home/breno/ros2_ws/install/my_py_pkg:/opt/ros/jazzy DEBUGINFOD_URLS=https://debuginfod.ubuntu.com /usr/bin/cmake --build /home/breno/ros2_ws/build/my_robot_interfaces -- -j16 -l16
[0.030s] -- Found ament_cmake: 2.5.6 (/opt/ros/jazzy/share/ament_cmake/cmake)
[0.109s] -- Found rosidl_default_generators: 1.6.0 (/opt/ros/jazzy/share/rosidl_default_generators/cmake)
[0.110s] -- Using all available rosidl_typesupport_c: rosidl_typesupport_fastrtps_c;rosidl_typesupport_introspection_c
[0.137s] -- Using all available rosidl_typesupport_cpp: rosidl_typesupport_fastrtps_cpp;rosidl_typesupport_introspection_cpp
[0.160s] -- Found rosidl_adapter: 4.6.7 (/opt/ros/jazzy/share/rosidl_adapter/cmake)
[0.380s] -- Found ament_cmake_ros: 0.12.0 (/opt/ros/jazzy/share/ament_cmake_ros/cmake)
[0.452s] -- Using all available rosidl_typesupport_c: rosidl_typesupport_fastrtps_c;rosidl_typesupport_introspection_c
[0.547s] -- Using all available rosidl_typesupport_cpp: rosidl_typesupport_fastrtps_cpp;rosidl_typesupport_introspection_cpp
[0.547s] -- Found python_cmake_module: 0.11.1 (/opt/ros/jazzy/share/python_cmake_module/cmake)
[0.746s] -- Found Python3: /usr/bin/python3 (found version "3.12.3") found components: Interpreter Development NumPy Development.Module Development.Embed 
[0.776s] -- Found Python3: /usr/bin/python3 (found version "3.12.3") found components: Interpreter 
[0.782s] -- Configuring done (0.8s)
[0.818s] -- Generating done (0.0s)
[0.828s] -- Build files have been written to: /home/breno/ros2_ws/build/my_robot_interfaces
[0.861s] [  1%] [34m[1mGenerating type hashes for ROS interfaces[0m
[0.861s] [  2%] [34m[1mGenerating Rust code for ROS interfaces[0m
[0.870s] [  2%] Built target ament_cmake_python_copy_my_robot_interfaces
[1.038s] [  2%] Built target my_robot_interfaces__rosidl_generator_type_description
[1.039s] running egg_info
[1.048s] [  3%] [34m[1mGenerating C code for ROS interfaces[0m
[1.055s] writing my_robot_interfaces.egg-info/PKG-INFO
[1.056s] writing dependency_links to my_robot_interfaces.egg-info/dependency_links.txt
[1.056s] writing top-level names to my_robot_interfaces.egg-info/top_level.txt
[1.058s] [  4%] [34m[1mGenerating C++ code for ROS interfaces[0m
[1.067s] [  4%] Built target my_robot_interfaces__rs
[1.102s] reading manifest file 'my_robot_interfaces.egg-info/SOURCES.txt'
[1.102s] writing manifest file 'my_robot_interfaces.egg-info/SOURCES.txt'
[1.127s] [  4%] Built target ament_cmake_python_build_my_robot_interfaces_egg
[1.439s] [  4%] Built target my_robot_interfaces__cpp
[1.530s] [ 18%] [32mBuilding C object CMakeFiles/my_robot_interfaces__rosidl_generator_c.dir/rosidl_generator_c/my_robot_interfaces/srv/detail/set_led__description.c.o[0m
[1.530s] [ 18%] [32mBuilding C object CMakeFiles/my_robot_interfaces__rosidl_generator_c.dir/rosidl_generator_c/my_robot_interfaces/msg/detail/hardware_status__description.c.o[0m
[1.530s] [ 18%] [32mBuilding C object CMakeFiles/my_robot_interfaces__rosidl_generator_c.dir/rosidl_generator_c/my_robot_interfaces/srv/detail/compute_rectangle_area__description.c.o[0m
[1.530s] [ 18%] [32mBuilding C object CMakeFiles/my_robot_interfaces__rosidl_generator_c.dir/rosidl_generator_c/my_robot_interfaces/srv/detail/compute_rectangle_area__type_support.c.o[0m
[1.530s] [ 18%] [32mBuilding C object CMakeFiles/my_robot_interfaces__rosidl_generator_c.dir/rosidl_generator_c/my_robot_interfaces/srv/detail/set_led__functions.c.o[0m
[1.530s] [ 18%] [32mBuilding C object CMakeFiles/my_robot_interfaces__rosidl_generator_c.dir/rosidl_generator_c/my_robot_interfaces/msg/detail/led_panel_state__functions.c.o[0m
[1.530s] [ 18%] [32mBuilding C object CMakeFiles/my_robot_interfaces__rosidl_generator_c.dir/rosidl_generator_c/my_robot_interfaces/msg/detail/hardware_status__functions.c.o[0m
[1.530s] [ 18%] [32mBuilding C object CMakeFiles/my_robot_interfaces__rosidl_generator_c.dir/rosidl_generator_c/my_robot_interfaces/msg/detail/led_panel_state__description.c.o[0m
[1.530s] [ 18%] [32mBuilding C object CMakeFiles/my_robot_interfaces__rosidl_generator_c.dir/rosidl_generator_c/my_robot_interfaces/msg/detail/led_panel_state__type_support.c.o[0m
[1.530s] [ 18%] [32mBuilding C object CMakeFiles/my_robot_interfaces__rosidl_generator_c.dir/rosidl_generator_c/my_robot_interfaces/srv/detail/compute_rectangle_area__functions.c.o[0m
[1.530s] [ 18%] [32mBuilding C object CMakeFiles/my_robot_interfaces__rosidl_generator_c.dir/rosidl_generator_c/my_robot_interfaces/msg/detail/hardware_status__type_support.c.o[0m
[1.530s] [ 18%] [32mBuilding C object CMakeFiles/my_robot_interfaces__rosidl_generator_c.dir/rosidl_generator_c/my_robot_interfaces/srv/detail/set_led__type_support.c.o[0m
[1.530s] [ 20%] [32mBuilding C object CMakeFiles/my_robot_interfaces__rosidl_generator_c.dir/rosidl_generator_c/my_robot_interfaces/msg/detail/alive_turtles__description.c.o[0m
[1.531s] [ 21%] [32mBuilding C object CMakeFiles/my_robot_interfaces__rosidl_generator_c.dir/rosidl_generator_c/my_robot_interfaces/msg/detail/alive_turtles__functions.c.o[0m
[1.532s] [ 23%] [32mBuilding C object CMakeFiles/my_robot_interfaces__rosidl_generator_c.dir/rosidl_generator_c/my_robot_interfaces/srv/detail/catch_turtle__description.c.o[0m
[1.532s] [ 23%] [32mBuilding C object CMakeFiles/my_robot_interfaces__rosidl_generator_c.dir/rosidl_generator_c/my_robot_interfaces/msg/detail/alive_turtles__type_support.c.o[0m
[1.575s] [ 25%] [32mBuilding C object CMakeFiles/my_robot_interfaces__rosidl_generator_c.dir/rosidl_generator_c/my_robot_interfaces/srv/detail/catch_turtle__type_support.c.o[0m
[1.575s] [ 25%] [32mBuilding C object CMakeFiles/my_robot_interfaces__rosidl_generator_c.dir/rosidl_generator_c/my_robot_interfaces/srv/detail/catch_turtle__functions.c.o[0m
[1.631s] [ 27%] [32m[1mLinking C shared library libmy_robot_interfaces__rosidl_generator_c.so[0m
[1.664s] [ 27%] Built target my_robot_interfaces__rosidl_generator_c
[1.674s] [ 34%] [34m[1mGenerating C type support for eProsima Fast-RTPS[0m
[1.674s] [ 34%] [34m[1mGenerating C++ type support for eProsima Fast-RTPS[0m
[1.674s] [ 34%] [34m[1mGenerating C introspection for ROS interfaces[0m
[1.674s] [ 34%] [34m[1mGenerating C++ type support dispatch for ROS interfaces[0m
[1.674s] [ 34%] [34m[1mGenerating C++ introspection for ROS interfaces[0m
[1.674s] [ 34%] [34m[1mGenerating C type support dispatch for ROS interfaces[0m
[1.935s] [ 36%] [32mBuilding CXX object CMakeFiles/my_robot_interfaces__rosidl_typesupport_c.dir/rosidl_typesupport_c/my_robot_interfaces/srv/compute_rectangle_area__type_support.cpp.o[0m
[1.935s] [ 36%] [32mBuilding CXX object CMakeFiles/my_robot_interfaces__rosidl_typesupport_c.dir/rosidl_typesupport_c/my_robot_interfaces/msg/hardware_status__type_support.cpp.o[0m
[1.936s] [ 37%] [32mBuilding CXX object CMakeFiles/my_robot_interfaces__rosidl_typesupport_c.dir/rosidl_typesupport_c/my_robot_interfaces/msg/led_panel_state__type_support.cpp.o[0m
[1.936s] [ 38%] [32mBuilding CXX object CMakeFiles/my_robot_interfaces__rosidl_typesupport_c.dir/rosidl_typesupport_c/my_robot_interfaces/msg/alive_turtles__type_support.cpp.o[0m
[1.937s] [ 40%] [32mBuilding CXX object CMakeFiles/my_robot_interfaces__rosidl_typesupport_c.dir/rosidl_typesupport_c/my_robot_interfaces/srv/catch_turtle__type_support.cpp.o[0m
[1.937s] [ 41%] [32mBuilding CXX object CMakeFiles/my_robot_interfaces__rosidl_typesupport_c.dir/rosidl_typesupport_c/my_robot_interfaces/srv/set_led__type_support.cpp.o[0m
[1.956s] [ 45%] [32mBuilding CXX object CMakeFiles/my_robot_interfaces__rosidl_typesupport_cpp.dir/rosidl_typesupport_cpp/my_robot_interfaces/msg/alive_turtles__type_support.cpp.o[0m
[1.956s] [ 45%] [32mBuilding CXX object CMakeFiles/my_robot_interfaces__rosidl_typesupport_cpp.dir/rosidl_typesupport_cpp/my_robot_interfaces/msg/led_panel_state__type_support.cpp.o[0m
[1.956s] [ 45%] [32mBuilding CXX object CMakeFiles/my_robot_interfaces__rosidl_typesupport_cpp.dir/rosidl_typesupport_cpp/my_robot_interfaces/srv/set_led__type_support.cpp.o[0m
[1.956s] [ 45%] [32mBuilding CXX object CMakeFiles/my_robot_interfaces__rosidl_typesupport_cpp.dir/rosidl_typesupport_cpp/my_robot_interfaces/msg/hardware_status__type_support.cpp.o[0m
[1.958s] [ 47%] [32mBuilding CXX object CMakeFiles/my_robot_interfaces__rosidl_typesupport_cpp.dir/rosidl_typesupport_cpp/my_robot_interfaces/srv/catch_turtle__type_support.cpp.o[0m
[1.961s] [ 48%] [32mBuilding CXX object CMakeFiles/my_robot_interfaces__rosidl_typesupport_cpp.dir/rosidl_typesupport_cpp/my_robot_interfaces/srv/compute_rectangle_area__type_support.cpp.o[0m
[2.001s] [ 49%] [32m[1mLinking CXX shared library libmy_robot_interfaces__rosidl_typesupport_c.so[0m
[2.057s] [ 51%] [32mBuilding CXX object CMakeFiles/my_robot_interfaces__rosidl_typesupport_introspection_cpp.dir/rosidl_typesupport_introspection_cpp/my_robot_interfaces/srv/detail/compute_rectangle_area__type_support.cpp.o[0m
[2.057s] [ 51%] [32mBuilding CXX object CMakeFiles/my_robot_interfaces__rosidl_typesupport_introspection_cpp.dir/rosidl_typesupport_introspection_cpp/my_robot_interfaces/msg/detail/hardware_status__type_support.cpp.o[0m
[2.059s] [ 52%] [32mBuilding CXX object CMakeFiles/my_robot_interfaces__rosidl_typesupport_introspection_cpp.dir/rosidl_typesupport_introspection_cpp/my_robot_interfaces/srv/detail/set_led__type_support.cpp.o[0m
[2.060s] [ 54%] [32mBuilding CXX object CMakeFiles/my_robot_interfaces__rosidl_typesupport_introspection_cpp.dir/rosidl_typesupport_introspection_cpp/my_robot_interfaces/msg/detail/led_panel_state__type_support.cpp.o[0m
[2.070s] [ 55%] [32mBuilding CXX object CMakeFiles/my_robot_interfaces__rosidl_typesupport_introspection_cpp.dir/rosidl_typesupport_introspection_cpp/my_robot_interfaces/msg/detail/alive_turtles__type_support.cpp.o[0m
[2.070s] [ 55%] Built target my_robot_interfaces__rosidl_typesupport_c
[2.097s] [ 56%] [32mBuilding CXX object CMakeFiles/my_robot_interfaces__rosidl_typesupport_introspection_cpp.dir/rosidl_typesupport_introspection_cpp/my_robot_interfaces/srv/detail/catch_turtle__type_support.cpp.o[0m
[2.121s] [ 57%] [32mBuilding C object CMakeFiles/my_robot_interfaces__rosidl_typesupport_introspection_c.dir/rosidl_typesupport_introspection_c/my_robot_interfaces/msg/detail/hardware_status__type_support.c.o[0m
[2.122s] [ 58%] [32mBuilding C object CMakeFiles/my_robot_interfaces__rosidl_typesupport_introspection_c.dir/rosidl_typesupport_introspection_c/my_robot_interfaces/srv/detail/compute_rectangle_area__type_support.c.o[0m
[2.184s] [ 60%] [32mBuilding C object CMakeFiles/my_robot_interfaces__rosidl_typesupport_introspection_c.dir/rosidl_typesupport_introspection_c/my_robot_interfaces/msg/detail/led_panel_state__type_support.c.o[0m
[2.198s] [ 61%] [32mBuilding C object CMakeFiles/my_robot_interfaces__rosidl_typesupport_introspection_c.dir/rosidl_typesupport_introspection_c/my_robot_interfaces/srv/detail/set_led__type_support.c.o[0m
[2.259s] [ 62%] [32mBuilding C object CMakeFiles/my_robot_interfaces__rosidl_typesupport_introspection_c.dir/rosidl_typesupport_introspection_c/my_robot_interfaces/msg/detail/alive_turtles__type_support.c.o[0m
[2.289s] [ 63%] [32mBuilding C object CMakeFiles/my_robot_interfaces__rosidl_typesupport_introspection_c.dir/rosidl_typesupport_introspection_c/my_robot_interfaces/srv/detail/catch_turtle__type_support.c.o[0m
[2.369s] [ 64%] [32m[1mLinking C shared library libmy_robot_interfaces__rosidl_typesupport_introspection_c.so[0m
[2.388s] [ 67%] [32mBuilding CXX object CMakeFiles/my_robot_interfaces__rosidl_typesupport_fastrtps_cpp.dir/rosidl_typesupport_fastrtps_cpp/my_robot_interfaces/msg/detail/dds_fastrtps/hardware_status__type_support.cpp.o[0m
[2.388s] [ 67%] [32mBuilding CXX object CMakeFiles/my_robot_interfaces__rosidl_typesupport_fastrtps_cpp.dir/rosidl_typesupport_fastrtps_cpp/my_robot_interfaces/srv/detail/dds_fastrtps/compute_rectangle_area__type_support.cpp.o[0m
[2.396s] [ 68%] [32mBuilding CXX object CMakeFiles/my_robot_interfaces__rosidl_typesupport_fastrtps_cpp.dir/rosidl_typesupport_fastrtps_cpp/my_robot_interfaces/msg/detail/dds_fastrtps/led_panel_state__type_support.cpp.o[0m
[2.397s] [ 69%] [32mBuilding CXX object CMakeFiles/my_robot_interfaces__rosidl_typesupport_fastrtps_cpp.dir/rosidl_typesupport_fastrtps_cpp/my_robot_interfaces/srv/detail/dds_fastrtps/set_led__type_support.cpp.o[0m
[2.425s] [ 70%] [32mBuilding CXX object CMakeFiles/my_robot_interfaces__rosidl_typesupport_fastrtps_cpp.dir/rosidl_typesupport_fastrtps_cpp/my_robot_interfaces/msg/detail/dds_fastrtps/alive_turtles__type_support.cpp.o[0m
[2.428s] [ 71%] Built target my_robot_interfaces__rosidl_typesupport_introspection_c
[2.428s] [ 71%] [32mBuilding CXX object CMakeFiles/my_robot_interfaces__rosidl_typesupport_fastrtps_c.dir/rosidl_typesupport_fastrtps_c/my_robot_interfaces/msg/detail/hardware_status__type_support_c.cpp.o[0m
[2.444s] [ 72%] [32mBuilding CXX object CMakeFiles/my_robot_interfaces__rosidl_typesupport_fastrtps_cpp.dir/rosidl_typesupport_fastrtps_cpp/my_robot_interfaces/srv/detail/dds_fastrtps/catch_turtle__type_support.cpp.o[0m
[2.496s] [ 74%] [32mBuilding CXX object CMakeFiles/my_robot_interfaces__rosidl_typesupport_fastrtps_c.dir/rosidl_typesupport_fastrtps_c/my_robot_interfaces/srv/detail/compute_rectangle_area__type_support_c.cpp.o[0m
[2.512s] [ 75%] [32mBuilding CXX object CMakeFiles/my_robot_interfaces__rosidl_typesupport_fastrtps_c.dir/rosidl_typesupport_fastrtps_c/my_robot_interfaces/msg/detail/led_panel_state__type_support_c.cpp.o[0m
[2.515s] [ 76%] [32mBuilding CXX object CMakeFiles/my_robot_interfaces__rosidl_typesupport_fastrtps_c.dir/rosidl_typesupport_fastrtps_c/my_robot_interfaces/srv/detail/set_led__type_support_c.cpp.o[0m
[2.518s] [ 77%] [32mBuilding CXX object CMakeFiles/my_robot_interfaces__rosidl_typesupport_fastrtps_c.dir/rosidl_typesupport_fastrtps_c/my_robot_interfaces/msg/detail/alive_turtles__type_support_c.cpp.o[0m
[2.530s] [ 78%] [32mBuilding CXX object CMakeFiles/my_robot_interfaces__rosidl_typesupport_fastrtps_c.dir/rosidl_typesupport_fastrtps_c/my_robot_interfaces/srv/detail/catch_turtle__type_support_c.cpp.o[0m
[2.592s] [ 80%] [32m[1mLinking CXX shared library libmy_robot_interfaces__rosidl_typesupport_cpp.so[0m
[2.707s] [ 81%] [32m[1mLinking CXX shared library libmy_robot_interfaces__rosidl_typesupport_introspection_cpp.so[0m
[2.802s] [ 81%] Built target my_robot_interfaces__rosidl_typesupport_cpp
[2.904s] [ 81%] Built target my_robot_interfaces__rosidl_typesupport_introspection_cpp
[3.175s] [ 82%] [32m[1mLinking CXX shared library libmy_robot_interfaces__rosidl_typesupport_fastrtps_c.so[0m
[3.197s] [ 83%] [32m[1mLinking CXX shared library libmy_robot_interfaces__rosidl_typesupport_fastrtps_cpp.so[0m
[3.249s] [ 83%] Built target my_robot_interfaces__rosidl_typesupport_fastrtps_c
[3.269s] [ 83%] Built target my_robot_interfaces__rosidl_typesupport_fastrtps_cpp
[3.285s] [ 83%] Built target my_robot_interfaces
[3.301s] [ 84%] [34m[1mGenerating Python code for ROS interfaces[0m
[3.864s] [ 84%] Built target my_robot_interfaces__py
[3.888s] [ 91%] [32mBuilding C object CMakeFiles/my_robot_interfaces__rosidl_generator_py.dir/rosidl_generator_py/my_robot_interfaces/msg/_hardware_status_s.c.o[0m
[3.888s] [ 91%] [32mBuilding C object CMakeFiles/my_robot_interfaces__rosidl_generator_py.dir/rosidl_generator_py/my_robot_interfaces/msg/_alive_turtles_s.c.o[0m
[3.888s] [ 91%] [32mBuilding C object CMakeFiles/my_robot_interfaces__rosidl_generator_py.dir/rosidl_generator_py/my_robot_interfaces/srv/_compute_rectangle_area_s.c.o[0m
[3.888s] [ 91%] [32mBuilding C object CMakeFiles/my_robot_interfaces__rosidl_generator_py.dir/rosidl_generator_py/my_robot_interfaces/srv/_catch_turtle_s.c.o[0m
[3.889s] [ 91%] [32mBuilding C object CMakeFiles/my_robot_interfaces__rosidl_generator_py.dir/rosidl_generator_py/my_robot_interfaces/srv/_set_led_s.c.o[0m
[3.889s] [ 91%] [32mBuilding C object CMakeFiles/my_robot_interfaces__rosidl_generator_py.dir/rosidl_generator_py/my_robot_interfaces/msg/_led_panel_state_s.c.o[0m
[4.011s] [ 92%] [32m[1mLinking C shared library libmy_robot_interfaces__rosidl_generator_py.so[0m
[4.048s] [ 92%] Built target my_robot_interfaces__rosidl_generator_py
[4.068s] [ 96%] [32mBuilding C object CMakeFiles/my_robot_interfaces_s__rosidl_typesupport_introspection_c.dir/rosidl_generator_py/my_robot_interfaces/_my_robot_interfaces_s.ep.rosidl_typesupport_introspection_c.c.o[0m
[4.069s] [ 96%] [32mBuilding C object CMakeFiles/my_robot_interfaces_s__rosidl_typesupport_c.dir/rosidl_generator_py/my_robot_interfaces/_my_robot_interfaces_s.ep.rosidl_typesupport_c.c.o[0m
[4.069s] [ 96%] [32mBuilding C object CMakeFiles/my_robot_interfaces_s__rosidl_typesupport_fastrtps_c.dir/rosidl_generator_py/my_robot_interfaces/_my_robot_interfaces_s.ep.rosidl_typesupport_fastrtps_c.c.o[0m
[4.171s] [ 97%] [32m[1mLinking C shared module rosidl_generator_py/my_robot_interfaces/my_robot_interfaces_s__rosidl_typesupport_c.so[0m
[4.173s] [100%] [32m[1mLinking C shared module rosidl_generator_py/my_robot_interfaces/my_robot_interfaces_s__rosidl_typesupport_introspection_c.so[0m
[4.173s] [100%] [32m[1mLinking C shared module rosidl_generator_py/my_robot_interfaces/my_robot_interfaces_s__rosidl_typesupport_fastrtps_c.so[0m
[4.199s] [100%] Built target my_robot_interfaces_s__rosidl_typesupport_fastrtps_c
[4.199s] [100%] Built target my_robot_interfaces_s__rosidl_typesupport_c
[4.199s] [100%] Built target my_robot_interfaces_s__rosidl_typesupport_introspection_c
[4.210s] Invoked command in '/home/breno/ros2_ws/build/my_robot_interfaces' returned '0': CMAKE_PREFIX_PATH=${CMAKE_PREFIX_PATH}:/home/breno/ros2_ws/install/my_py_pkg:/opt/ros/jazzy DEBUGINFOD_URLS=https://debuginfod.ubuntu.com /usr/bin/cmake --build /home/breno/ros2_ws/build/my_robot_interfaces -- -j16 -l16
[4.219s] Invoking command in '/home/breno/ros2_ws/build/my_robot_interfaces': CMAKE_PREFIX_PATH=${CMAKE_PREFIX_PATH}:/home/breno/ros2_ws/install/my_py_pkg:/opt/ros/jazzy DEBUGINFOD_URLS=https://debuginfod.ubuntu.com /usr/bin/cmake --install /home/breno/ros2_ws/build/my_robot_interfaces
[4.226s] -- Install configuration: ""
[4.226s] -- Installing: /home/breno/ros2_ws/install/my_robot_interfaces/share/ament_index/resource_index/rosidl_interfaces/my_robot_interfaces
[4.226s] -- Installing: /home/breno/ros2_ws/install/my_robot_interfaces/share/my_robot_interfaces/msg/HardwareStatus.json
[4.226s] -- Installing: /home/breno/ros2_ws/install/my_robot_interfaces/share/my_robot_interfaces/srv/ComputeRectangleArea.json
[4.227s] -- Installing: /home/breno/ros2_ws/install/my_robot_interfaces/share/my_robot_interfaces/msg/LedPanelState.json
[4.227s] -- Installing: /home/breno/ros2_ws/install/my_robot_interfaces/share/my_robot_interfaces/srv/SetLed.json
[4.227s] -- Installing: /home/breno/ros2_ws/install/my_robot_interfaces/share/my_robot_interfaces/msg/AliveTurtles.json
[4.227s] -- Installing: /home/breno/ros2_ws/install/my_robot_interfaces/share/my_robot_interfaces/srv/CatchTurtle.json
[4.227s] -- Up-to-date: /home/breno/ros2_ws/install/my_robot_interfaces/include/my_robot_interfaces/my_robot_interfaces
[4.227s] -- Up-to-date: /home/breno/ros2_ws/install/my_robot_interfaces/include/my_robot_interfaces/my_robot_interfaces/srv
[4.227s] -- Installing: /home/breno/ros2_ws/install/my_robot_interfaces/include/my_robot_interfaces/my_robot_interfaces/srv/catch_turtle.h
[4.227s] -- Installing: /home/breno/ros2_ws/install/my_robot_interfaces/include/my_robot_interfaces/my_robot_interfaces/srv/compute_rectangle_area.h
[4.227s] -- Up-to-date: /home/breno/ros2_ws/install/my_robot_interfaces/include/my_robot_interfaces/my_robot_interfaces/srv/detail
[4.227s] -- Installing: /home/breno/ros2_ws/install/my_robot_interfaces/include/my_robot_interfaces/my_robot_interfaces/srv/detail/compute_rectangle_area__functions.c
[4.228s] -- Installing: /home/breno/ros2_ws/install/my_robot_interfaces/include/my_robot_interfaces/my_robot_interfaces/srv/detail/set_led__functions.c
[4.228s] -- Installing: /home/breno/ros2_ws/install/my_robot_interfaces/include/my_robot_interfaces/my_robot_interfaces/srv/detail/compute_rectangle_area__struct.h
[4.228s] -- Installing: /home/breno/ros2_ws/install/my_robot_interfaces/include/my_robot_interfaces/my_robot_interfaces/srv/detail/catch_turtle__struct.h
[4.228s] -- Installing: /home/breno/ros2_ws/install/my_robot_interfaces/include/my_robot_interfaces/my_robot_interfaces/srv/detail/catch_turtle__type_support.c
[4.228s] -- Installing: /home/breno/ros2_ws/install/my_robot_interfaces/include/my_robot_interfaces/my_robot_interfaces/srv/detail/compute_rectangle_area__functions.h
[4.228s] -- Installing: /home/breno/ros2_ws/install/my_robot_interfaces/include/my_robot_interfaces/my_robot_interfaces/srv/detail/set_led__struct.h
[4.228s] -- Installing: /home/breno/ros2_ws/install/my_robot_interfaces/include/my_robot_interfaces/my_robot_interfaces/srv/detail/compute_rectangle_area__type_support.c
[4.228s] -- Installing: /home/breno/ros2_ws/install/my_robot_interfaces/include/my_robot_interfaces/my_robot_interfaces/srv/detail/set_led__functions.h
[4.229s] -- Installing: /home/breno/ros2_ws/install/my_robot_interfaces/include/my_robot_interfaces/my_robot_interfaces/srv/detail/set_led__type_support.h
[4.229s] -- Installing: /home/breno/ros2_ws/install/my_robot_interfaces/include/my_robot_interfaces/my_robot_interfaces/srv/detail/catch_turtle__description.c
[4.229s] -- Installing: /home/breno/ros2_ws/install/my_robot_interfaces/include/my_robot_interfaces/my_robot_interfaces/srv/detail/catch_turtle__type_support.h
[4.229s] -- Installing: /home/breno/ros2_ws/install/my_robot_interfaces/include/my_robot_interfaces/my_robot_interfaces/srv/detail/catch_turtle__functions.c
[4.229s] -- Installing: /home/breno/ros2_ws/install/my_robot_interfaces/include/my_robot_interfaces/my_robot_interfaces/srv/detail/catch_turtle__functions.h
[4.229s] -- Installing: /home/breno/ros2_ws/install/my_robot_interfaces/include/my_robot_interfaces/my_robot_interfaces/srv/detail/compute_rectangle_area__type_support.h
[4.229s] -- Installing: /home/breno/ros2_ws/install/my_robot_interfaces/include/my_robot_interfaces/my_robot_interfaces/srv/detail/set_led__description.c
[4.229s] -- Installing: /home/breno/ros2_ws/install/my_robot_interfaces/include/my_robot_interfaces/my_robot_interfaces/srv/detail/set_led__type_support.c
[4.230s] -- Installing: /home/breno/ros2_ws/install/my_robot_interfaces/include/my_robot_interfaces/my_robot_interfaces/srv/detail/compute_rectangle_area__description.c
[4.230s] -- Installing: /home/breno/ros2_ws/install/my_robot_interfaces/include/my_robot_interfaces/my_robot_interfaces/srv/set_led.h
[4.230s] -- Up-to-date: /home/breno/ros2_ws/install/my_robot_interfaces/include/my_robot_interfaces/my_robot_interfaces/msg
[4.230s] -- Up-to-date: /home/breno/ros2_ws/install/my_robot_interfaces/include/my_robot_interfaces/my_robot_interfaces/msg/rosidl_generator_c__visibility_control.h
[4.230s] -- Installing: /home/breno/ros2_ws/install/my_robot_interfaces/include/my_robot_interfaces/my_robot_interfaces/msg/alive_turtles.h
[4.230s] -- Installing: /home/breno/ros2_ws/install/my_robot_interfaces/include/my_robot_interfaces/my_robot_interfaces/msg/led_panel_state.h
[4.230s] -- Installing: /home/breno/ros2_ws/install/my_robot_interfaces/include/my_robot_interfaces/my_robot_interfaces/msg/hardware_status.h
[4.230s] -- Up-to-date: /home/breno/ros2_ws/install/my_robot_interfaces/include/my_robot_interfaces/my_robot_interfaces/msg/detail
[4.230s] -- Installing: /home/breno/ros2_ws/install/my_robot_interfaces/include/my_robot_interfaces/my_robot_interfaces/msg/detail/alive_turtles__functions.c
[4.230s] -- Installing: /home/breno/ros2_ws/install/my_robot_interfaces/include/my_robot_interfaces/my_robot_interfaces/msg/detail/led_panel_state__description.c
[4.231s] -- Installing: /home/breno/ros2_ws/install/my_robot_interfaces/include/my_robot_interfaces/my_robot_interfaces/msg/detail/alive_turtles__functions.h
[4.231s] -- Installing: /home/breno/ros2_ws/install/my_robot_interfaces/include/my_robot_interfaces/my_robot_interfaces/msg/detail/hardware_status__type_support.h
[4.231s] -- Installing: /home/breno/ros2_ws/install/my_robot_interfaces/include/my_robot_interfaces/my_robot_interfaces/msg/detail/alive_turtles__description.c
[4.231s] -- Installing: /home/breno/ros2_ws/install/my_robot_interfaces/include/my_robot_interfaces/my_robot_interfaces/msg/detail/alive_turtles__struct.h
[4.231s] -- Installing: /home/breno/ros2_ws/install/my_robot_interfaces/include/my_robot_interfaces/my_robot_interfaces/msg/detail/led_panel_state__type_support.c
[4.231s] -- Installing: /home/breno/ros2_ws/install/my_robot_interfaces/include/my_robot_interfaces/my_robot_interfaces/msg/detail/hardware_status__functions.c
[4.231s] -- Installing: /home/breno/ros2_ws/install/my_robot_interfaces/include/my_robot_interfaces/my_robot_interfaces/msg/detail/hardware_status__struct.h
[4.231s] -- Installing: /home/breno/ros2_ws/install/my_robot_interfaces/include/my_robot_interfaces/my_robot_interfaces/msg/detail/led_panel_state__struct.h
[4.232s] -- Installing: /home/breno/ros2_ws/install/my_robot_interfaces/include/my_robot_interfaces/my_robot_interfaces/msg/detail/hardware_status__description.c
[4.232s] -- Installing: /home/breno/ros2_ws/install/my_robot_interfaces/include/my_robot_interfaces/my_robot_interfaces/msg/detail/hardware_status__type_support.c
[4.232s] -- Installing: /home/breno/ros2_ws/install/my_robot_interfaces/include/my_robot_interfaces/my_robot_interfaces/msg/detail/led_panel_state__functions.c
[4.232s] -- Installing: /home/breno/ros2_ws/install/my_robot_interfaces/include/my_robot_interfaces/my_robot_interfaces/msg/detail/alive_turtles__type_support.h
[4.232s] -- Installing: /home/breno/ros2_ws/install/my_robot_interfaces/include/my_robot_interfaces/my_robot_interfaces/msg/detail/hardware_status__functions.h
[4.232s] -- Installing: /home/breno/ros2_ws/install/my_robot_interfaces/include/my_robot_interfaces/my_robot_interfaces/msg/detail/led_panel_state__type_support.h
[4.232s] -- Installing: /home/breno/ros2_ws/install/my_robot_interfaces/include/my_robot_interfaces/my_robot_interfaces/msg/detail/alive_turtles__type_support.c
[4.232s] -- Installing: /home/breno/ros2_ws/install/my_robot_interfaces/include/my_robot_interfaces/my_robot_interfaces/msg/detail/led_panel_state__functions.h
[4.233s] -- Up-to-date: /home/breno/ros2_ws/install/my_robot_interfaces/share/my_robot_interfaces/environment/library_path.sh
[4.233s] -- Up-to-date: /home/breno/ros2_ws/install/my_robot_interfaces/share/my_robot_interfaces/environment/library_path.dsv
[4.233s] -- Installing: /home/breno/ros2_ws/install/my_robot_interfaces/lib/libmy_robot_interfaces__rosidl_generator_c.so
[4.233s] -- Set non-toolchain portion of runtime path of "/home/breno/ros2_ws/install/my_robot_interfaces/lib/libmy_robot_interfaces__rosidl_generator_c.so" to ""
[4.233s] -- Up-to-date: /home/breno/ros2_ws/install/my_robot_interfaces/include/my_robot_interfaces/my_robot_interfaces
[4.233s] -- Up-to-date: /home/breno/ros2_ws/install/my_robot_interfaces/include/my_robot_interfaces/my_robot_interfaces/srv
[4.234s] -- Up-to-date: /home/breno/ros2_ws/install/my_robot_interfaces/include/my_robot_interfaces/my_robot_interfaces/srv/detail
[4.234s] -- Installing: /home/breno/ros2_ws/install/my_robot_interfaces/include/my_robot_interfaces/my_robot_interfaces/srv/detail/set_led__rosidl_typesupport_fastrtps_c.h
[4.234s] -- Installing: /home/breno/ros2_ws/install/my_robot_interfaces/include/my_robot_interfaces/my_robot_interfaces/srv/detail/catch_turtle__rosidl_typesupport_fastrtps_c.h
[4.234s] -- Installing: /home/breno/ros2_ws/install/my_robot_interfaces/include/my_robot_interfaces/my_robot_interfaces/srv/detail/compute_rectangle_area__rosidl_typesupport_fastrtps_c.h
[4.234s] -- Up-to-date: /home/breno/ros2_ws/install/my_robot_interfaces/include/my_robot_interfaces/my_robot_interfaces/msg
[4.234s] -- Up-to-date: /home/breno/ros2_ws/install/my_robot_interfaces/include/my_robot_interfaces/my_robot_interfaces/msg/rosidl_typesupport_fastrtps_c__visibility_control.h
[4.234s] -- Up-to-date: /home/breno/ros2_ws/install/my_robot_interfaces/include/my_robot_interfaces/my_robot_interfaces/msg/detail
[4.234s] -- Installing: /home/breno/ros2_ws/install/my_robot_interfaces/include/my_robot_interfaces/my_robot_interfaces/msg/detail/alive_turtles__rosidl_typesupport_fastrtps_c.h
[4.234s] -- Installing: /home/breno/ros2_ws/install/my_robot_interfaces/include/my_robot_interfaces/my_robot_interfaces/msg/detail/led_panel_state__rosidl_typesupport_fastrtps_c.h
[4.234s] -- Installing: /home/breno/ros2_ws/install/my_robot_interfaces/include/my_robot_interfaces/my_robot_interfaces/msg/detail/hardware_status__rosidl_typesupport_fastrtps_c.h
[4.234s] -- Installing: /home/breno/ros2_ws/install/my_robot_interfaces/lib/libmy_robot_interfaces__rosidl_typesupport_fastrtps_c.so
[4.235s] -- Set non-toolchain portion of runtime path of "/home/breno/ros2_ws/install/my_robot_interfaces/lib/libmy_robot_interfaces__rosidl_typesupport_fastrtps_c.so" to ""
[4.235s] -- Up-to-date: /home/breno/ros2_ws/install/my_robot_interfaces/include/my_robot_interfaces/my_robot_interfaces
[4.235s] -- Up-to-date: /home/breno/ros2_ws/install/my_robot_interfaces/include/my_robot_interfaces/my_robot_interfaces/srv
[4.235s] -- Up-to-date: /home/breno/ros2_ws/install/my_robot_interfaces/include/my_robot_interfaces/my_robot_interfaces/srv/detail
[4.235s] -- Installing: /home/breno/ros2_ws/install/my_robot_interfaces/include/my_robot_interfaces/my_robot_interfaces/srv/detail/set_led__rosidl_typesupport_introspection_c.h
[4.235s] -- Installing: /home/breno/ros2_ws/install/my_robot_interfaces/include/my_robot_interfaces/my_robot_interfaces/srv/detail/catch_turtle__rosidl_typesupport_introspection_c.h
[4.235s] -- Installing: /home/breno/ros2_ws/install/my_robot_interfaces/include/my_robot_interfaces/my_robot_interfaces/srv/detail/catch_turtle__type_support.c
[4.235s] -- Installing: /home/breno/ros2_ws/install/my_robot_interfaces/include/my_robot_interfaces/my_robot_interfaces/srv/detail/compute_rectangle_area__type_support.c
[4.236s] -- Installing: /home/breno/ros2_ws/install/my_robot_interfaces/include/my_robot_interfaces/my_robot_interfaces/srv/detail/compute_rectangle_area__rosidl_typesupport_introspection_c.h
[4.236s] -- Installing: /home/breno/ros2_ws/install/my_robot_interfaces/include/my_robot_interfaces/my_robot_interfaces/srv/detail/set_led__type_support.c
[4.236s] -- Up-to-date: /home/breno/ros2_ws/install/my_robot_interfaces/include/my_robot_interfaces/my_robot_interfaces/msg
[4.236s] -- Up-to-date: /home/breno/ros2_ws/install/my_robot_interfaces/include/my_robot_interfaces/my_robot_interfaces/msg/rosidl_typesupport_introspection_c__visibility_control.h
[4.236s] -- Up-to-date: /home/breno/ros2_ws/install/my_robot_interfaces/include/my_robot_interfaces/my_robot_interfaces/msg/detail
[4.236s] -- Installing: /home/breno/ros2_ws/install/my_robot_interfaces/include/my_robot_interfaces/my_robot_interfaces/msg/detail/hardware_status__rosidl_typesupport_introspection_c.h
[4.236s] -- Installing: /home/breno/ros2_ws/install/my_robot_interfaces/include/my_robot_interfaces/my_robot_interfaces/msg/detail/led_panel_state__type_support.c
[4.236s] -- Installing: /home/breno/ros2_ws/install/my_robot_interfaces/include/my_robot_interfaces/my_robot_interfaces/msg/detail/hardware_status__type_support.c
[4.236s] -- Installing: /home/breno/ros2_ws/install/my_robot_interfaces/include/my_robot_interfaces/my_robot_interfaces/msg/detail/alive_turtles__rosidl_typesupport_introspection_c.h
[4.236s] -- Installing: /home/breno/ros2_ws/install/my_robot_interfaces/include/my_robot_interfaces/my_robot_interfaces/msg/detail/led_panel_state__rosidl_typesupport_introspection_c.h
[4.237s] -- Installing: /home/breno/ros2_ws/install/my_robot_interfaces/include/my_robot_interfaces/my_robot_interfaces/msg/detail/alive_turtles__type_support.c
[4.237s] -- Installing: /home/breno/ros2_ws/install/my_robot_interfaces/lib/libmy_robot_interfaces__rosidl_typesupport_introspection_c.so
[4.237s] -- Set non-toolchain portion of runtime path of "/home/breno/ros2_ws/install/my_robot_interfaces/lib/libmy_robot_interfaces__rosidl_typesupport_introspection_c.so" to ""
[4.237s] -- Installing: /home/breno/ros2_ws/install/my_robot_interfaces/lib/libmy_robot_interfaces__rosidl_typesupport_c.so
[4.238s] -- Set non-toolchain portion of runtime path of "/home/breno/ros2_ws/install/my_robot_interfaces/lib/libmy_robot_interfaces__rosidl_typesupport_c.so" to ""
[4.238s] -- Up-to-date: /home/breno/ros2_ws/install/my_robot_interfaces/include/my_robot_interfaces/my_robot_interfaces
[4.238s] -- Up-to-date: /home/breno/ros2_ws/install/my_robot_interfaces/include/my_robot_interfaces/my_robot_interfaces/srv
[4.238s] -- Installing: /home/breno/ros2_ws/install/my_robot_interfaces/include/my_robot_interfaces/my_robot_interfaces/srv/set_led.hpp
[4.238s] -- Installing: /home/breno/ros2_ws/install/my_robot_interfaces/include/my_robot_interfaces/my_robot_interfaces/srv/compute_rectangle_area.hpp
[4.238s] -- Up-to-date: /home/breno/ros2_ws/install/my_robot_interfaces/include/my_robot_interfaces/my_robot_interfaces/srv/detail
[4.238s] -- Installing: /home/breno/ros2_ws/install/my_robot_interfaces/include/my_robot_interfaces/my_robot_interfaces/srv/detail/catch_turtle__traits.hpp
[4.238s] -- Installing: /home/breno/ros2_ws/install/my_robot_interfaces/include/my_robot_interfaces/my_robot_interfaces/srv/detail/catch_turtle__type_support.hpp
[4.238s] -- Installing: /home/breno/ros2_ws/install/my_robot_interfaces/include/my_robot_interfaces/my_robot_interfaces/srv/detail/compute_rectangle_area__traits.hpp
[4.238s] -- Installing: /home/breno/ros2_ws/install/my_robot_interfaces/include/my_robot_interfaces/my_robot_interfaces/srv/detail/compute_rectangle_area__type_support.hpp
[4.239s] -- Installing: /home/breno/ros2_ws/install/my_robot_interfaces/include/my_robot_interfaces/my_robot_interfaces/srv/detail/set_led__builder.hpp
[4.239s] -- Installing: /home/breno/ros2_ws/install/my_robot_interfaces/include/my_robot_interfaces/my_robot_interfaces/srv/detail/catch_turtle__builder.hpp
[4.239s] -- Installing: /home/breno/ros2_ws/install/my_robot_interfaces/include/my_robot_interfaces/my_robot_interfaces/srv/detail/set_led__type_support.hpp
[4.239s] -- Installing: /home/breno/ros2_ws/install/my_robot_interfaces/include/my_robot_interfaces/my_robot_interfaces/srv/detail/catch_turtle__struct.hpp
[4.239s] -- Installing: /home/breno/ros2_ws/install/my_robot_interfaces/include/my_robot_interfaces/my_robot_interfaces/srv/detail/compute_rectangle_area__struct.hpp
[4.239s] -- Installing: /home/breno/ros2_ws/install/my_robot_interfaces/include/my_robot_interfaces/my_robot_interfaces/srv/detail/set_led__struct.hpp
[4.239s] -- Installing: /home/breno/ros2_ws/install/my_robot_interfaces/include/my_robot_interfaces/my_robot_interfaces/srv/detail/compute_rectangle_area__builder.hpp
[4.240s] -- Installing: /home/breno/ros2_ws/install/my_robot_interfaces/include/my_robot_interfaces/my_robot_interfaces/srv/detail/set_led__traits.hpp
[4.240s] -- Installing: /home/breno/ros2_ws/install/my_robot_interfaces/include/my_robot_interfaces/my_robot_interfaces/srv/catch_turtle.hpp
[4.240s] -- Up-to-date: /home/breno/ros2_ws/install/my_robot_interfaces/include/my_robot_interfaces/my_robot_interfaces/msg
[4.240s] -- Installing: /home/breno/ros2_ws/install/my_robot_interfaces/include/my_robot_interfaces/my_robot_interfaces/msg/led_panel_state.hpp
[4.240s] -- Installing: /home/breno/ros2_ws/install/my_robot_interfaces/include/my_robot_interfaces/my_robot_interfaces/msg/alive_turtles.hpp
[4.240s] -- Up-to-date: /home/breno/ros2_ws/install/my_robot_interfaces/include/my_robot_interfaces/my_robot_interfaces/msg/detail
[4.240s] -- Installing: /home/breno/ros2_ws/install/my_robot_interfaces/include/my_robot_interfaces/my_robot_interfaces/msg/detail/alive_turtles__struct.hpp
[4.240s] -- Installing: /home/breno/ros2_ws/install/my_robot_interfaces/include/my_robot_interfaces/my_robot_interfaces/msg/detail/hardware_status__builder.hpp
[4.240s] -- Installing: /home/breno/ros2_ws/install/my_robot_interfaces/include/my_robot_interfaces/my_robot_interfaces/msg/detail/led_panel_state__struct.hpp
[4.240s] -- Installing: /home/breno/ros2_ws/install/my_robot_interfaces/include/my_robot_interfaces/my_robot_interfaces/msg/detail/hardware_status__traits.hpp
[4.241s] -- Installing: /home/breno/ros2_ws/install/my_robot_interfaces/include/my_robot_interfaces/my_robot_interfaces/msg/detail/hardware_status__type_support.hpp
[4.241s] -- Installing: /home/breno/ros2_ws/install/my_robot_interfaces/include/my_robot_interfaces/my_robot_interfaces/msg/detail/alive_turtles__type_support.hpp
[4.241s] -- Installing: /home/breno/ros2_ws/install/my_robot_interfaces/include/my_robot_interfaces/my_robot_interfaces/msg/detail/led_panel_state__type_support.hpp
[4.241s] -- Installing: /home/breno/ros2_ws/install/my_robot_interfaces/include/my_robot_interfaces/my_robot_interfaces/msg/detail/alive_turtles__traits.hpp
[4.241s] -- Installing: /home/breno/ros2_ws/install/my_robot_interfaces/include/my_robot_interfaces/my_robot_interfaces/msg/detail/led_panel_state__traits.hpp
[4.241s] -- Installing: /home/breno/ros2_ws/install/my_robot_interfaces/include/my_robot_interfaces/my_robot_interfaces/msg/detail/led_panel_state__builder.hpp
[4.241s] -- Installing: /home/breno/ros2_ws/install/my_robot_interfaces/include/my_robot_interfaces/my_robot_interfaces/msg/detail/alive_turtles__builder.hpp
[4.241s] -- Installing: /home/breno/ros2_ws/install/my_robot_interfaces/include/my_robot_interfaces/my_robot_interfaces/msg/detail/hardware_status__struct.hpp
[4.242s] -- Installing: /home/breno/ros2_ws/install/my_robot_interfaces/include/my_robot_interfaces/my_robot_interfaces/msg/hardware_status.hpp
[4.242s] -- Installing: /home/breno/ros2_ws/install/my_robot_interfaces/include/my_robot_interfaces/my_robot_interfaces/msg/rosidl_generator_cpp__visibility_control.hpp
[4.242s] -- Up-to-date: /home/breno/ros2_ws/install/my_robot_interfaces/include/my_robot_interfaces/my_robot_interfaces
[4.242s] -- Up-to-date: /home/breno/ros2_ws/install/my_robot_interfaces/include/my_robot_interfaces/my_robot_interfaces/srv
[4.242s] -- Up-to-date: /home/breno/ros2_ws/install/my_robot_interfaces/include/my_robot_interfaces/my_robot_interfaces/srv/detail
[4.242s] -- Installing: /home/breno/ros2_ws/install/my_robot_interfaces/include/my_robot_interfaces/my_robot_interfaces/srv/detail/catch_turtle__rosidl_typesupport_fastrtps_cpp.hpp
[4.242s] -- Installing: /home/breno/ros2_ws/install/my_robot_interfaces/include/my_robot_interfaces/my_robot_interfaces/srv/detail/set_led__rosidl_typesupport_fastrtps_cpp.hpp
[4.242s] -- Up-to-date: /home/breno/ros2_ws/install/my_robot_interfaces/include/my_robot_interfaces/my_robot_interfaces/srv/detail/dds_fastrtps
[4.242s] -- Installing: /home/breno/ros2_ws/install/my_robot_interfaces/include/my_robot_interfaces/my_robot_interfaces/srv/detail/compute_rectangle_area__rosidl_typesupport_fastrtps_cpp.hpp
[4.242s] -- Up-to-date: /home/breno/ros2_ws/install/my_robot_interfaces/include/my_robot_interfaces/my_robot_interfaces/msg
[4.242s] -- Up-to-date: /home/breno/ros2_ws/install/my_robot_interfaces/include/my_robot_interfaces/my_robot_interfaces/msg/rosidl_typesupport_fastrtps_cpp__visibility_control.h
[4.243s] -- Up-to-date: /home/breno/ros2_ws/install/my_robot_interfaces/include/my_robot_interfaces/my_robot_interfaces/msg/detail
[4.243s] -- Installing: /home/breno/ros2_ws/install/my_robot_interfaces/include/my_robot_interfaces/my_robot_interfaces/msg/detail/hardware_status__rosidl_typesupport_fastrtps_cpp.hpp
[4.243s] -- Installing: /home/breno/ros2_ws/install/my_robot_interfaces/include/my_robot_interfaces/my_robot_interfaces/msg/detail/led_panel_state__rosidl_typesupport_fastrtps_cpp.hpp
[4.243s] -- Installing: /home/breno/ros2_ws/install/my_robot_interfaces/include/my_robot_interfaces/my_robot_interfaces/msg/detail/alive_turtles__rosidl_typesupport_fastrtps_cpp.hpp
[4.243s] -- Up-to-date: /home/breno/ros2_ws/install/my_robot_interfaces/include/my_robot_interfaces/my_robot_interfaces/msg/detail/dds_fastrtps
[4.243s] -- Installing: /home/breno/ros2_ws/install/my_robot_interfaces/lib/libmy_robot_interfaces__rosidl_typesupport_fastrtps_cpp.so
[4.244s] -- Set non-toolchain portion of runtime path of "/home/breno/ros2_ws/install/my_robot_interfaces/lib/libmy_robot_interfaces__rosidl_typesupport_fastrtps_cpp.so" to ""
[4.244s] -- Up-to-date: /home/breno/ros2_ws/install/my_robot_interfaces/include/my_robot_interfaces/my_robot_interfaces
[4.244s] -- Up-to-date: /home/breno/ros2_ws/install/my_robot_interfaces/include/my_robot_interfaces/my_robot_interfaces/srv
[4.244s] -- Up-to-date: /home/breno/ros2_ws/install/my_robot_interfaces/include/my_robot_interfaces/my_robot_interfaces/srv/detail
[4.244s] -- Installing: /home/breno/ros2_ws/install/my_robot_interfaces/include/my_robot_interfaces/my_robot_interfaces/srv/detail/set_led__rosidl_typesupport_introspection_cpp.hpp
[4.244s] -- Installing: /home/breno/ros2_ws/install/my_robot_interfaces/include/my_robot_interfaces/my_robot_interfaces/srv/detail/compute_rectangle_area__type_support.cpp
[4.245s] -- Installing: /home/breno/ros2_ws/install/my_robot_interfaces/include/my_robot_interfaces/my_robot_interfaces/srv/detail/compute_rectangle_area__rosidl_typesupport_introspection_cpp.hpp
[4.245s] -- Installing: /home/breno/ros2_ws/install/my_robot_interfaces/include/my_robot_interfaces/my_robot_interfaces/srv/detail/catch_turtle__rosidl_typesupport_introspection_cpp.hpp
[4.245s] -- Installing: /home/breno/ros2_ws/install/my_robot_interfaces/include/my_robot_interfaces/my_robot_interfaces/srv/detail/catch_turtle__type_support.cpp
[4.245s] -- Installing: /home/breno/ros2_ws/install/my_robot_interfaces/include/my_robot_interfaces/my_robot_interfaces/srv/detail/set_led__type_support.cpp
[4.245s] -- Up-to-date: /home/breno/ros2_ws/install/my_robot_interfaces/include/my_robot_interfaces/my_robot_interfaces/msg
[4.245s] -- Up-to-date: /home/breno/ros2_ws/install/my_robot_interfaces/include/my_robot_interfaces/my_robot_interfaces/msg/detail
[4.245s] -- Installing: /home/breno/ros2_ws/install/my_robot_interfaces/include/my_robot_interfaces/my_robot_interfaces/msg/detail/hardware_status__rosidl_typesupport_introspection_cpp.hpp
[4.246s] -- Installing: /home/breno/ros2_ws/install/my_robot_interfaces/include/my_robot_interfaces/my_robot_interfaces/msg/detail/led_panel_state__rosidl_typesupport_introspection_cpp.hpp
[4.246s] -- Installing: /home/breno/ros2_ws/install/my_robot_interfaces/include/my_robot_interfaces/my_robot_interfaces/msg/detail/hardware_status__type_support.cpp
[4.246s] -- Installing: /home/breno/ros2_ws/install/my_robot_interfaces/include/my_robot_interfaces/my_robot_interfaces/msg/detail/led_panel_state__type_support.cpp
[4.246s] -- Installing: /home/breno/ros2_ws/install/my_robot_interfaces/include/my_robot_interfaces/my_robot_interfaces/msg/detail/alive_turtles__rosidl_typesupport_introspection_cpp.hpp
[4.246s] -- Installing: /home/breno/ros2_ws/install/my_robot_interfaces/include/my_robot_interfaces/my_robot_interfaces/msg/detail/alive_turtles__type_support.cpp
[4.247s] -- Installing: /home/breno/ros2_ws/install/my_robot_interfaces/lib/libmy_robot_interfaces__rosidl_typesupport_introspection_cpp.so
[4.247s] -- Set non-toolchain portion of runtime path of "/home/breno/ros2_ws/install/my_robot_interfaces/lib/libmy_robot_interfaces__rosidl_typesupport_introspection_cpp.so" to ""
[4.247s] -- Installing: /home/breno/ros2_ws/install/my_robot_interfaces/lib/libmy_robot_interfaces__rosidl_typesupport_cpp.so
[4.248s] -- Set non-toolchain portion of runtime path of "/home/breno/ros2_ws/install/my_robot_interfaces/lib/libmy_robot_interfaces__rosidl_typesupport_cpp.so" to ""
[4.248s] -- Up-to-date: /home/breno/ros2_ws/install/my_robot_interfaces/share/my_robot_interfaces/environment/pythonpath.sh
[4.248s] -- Up-to-date: /home/breno/ros2_ws/install/my_robot_interfaces/share/my_robot_interfaces/environment/pythonpath.dsv
[4.248s] -- Up-to-date: /home/breno/ros2_ws/install/my_robot_interfaces/lib/python3.12/site-packages/my_robot_interfaces-0.0.0-py3.12.egg-info
[4.249s] -- Installing: /home/breno/ros2_ws/install/my_robot_interfaces/lib/python3.12/site-packages/my_robot_interfaces-0.0.0-py3.12.egg-info/top_level.txt
[4.249s] -- Installing: /home/breno/ros2_ws/install/my_robot_interfaces/lib/python3.12/site-packages/my_robot_interfaces-0.0.0-py3.12.egg-info/dependency_links.txt
[4.249s] -- Installing: /home/breno/ros2_ws/install/my_robot_interfaces/lib/python3.12/site-packages/my_robot_interfaces-0.0.0-py3.12.egg-info/PKG-INFO
[4.249s] -- Installing: /home/breno/ros2_ws/install/my_robot_interfaces/lib/python3.12/site-packages/my_robot_interfaces-0.0.0-py3.12.egg-info/SOURCES.txt
[4.249s] -- Up-to-date: /home/breno/ros2_ws/install/my_robot_interfaces/lib/python3.12/site-packages/my_robot_interfaces
[4.249s] -- Installing: /home/breno/ros2_ws/install/my_robot_interfaces/lib/python3.12/site-packages/my_robot_interfaces/my_robot_interfaces_s__rosidl_typesupport_fastrtps_c.so
[4.249s] -- Installing: /home/breno/ros2_ws/install/my_robot_interfaces/lib/python3.12/site-packages/my_robot_interfaces/__init__.py
[4.250s] -- Up-to-date: /home/breno/ros2_ws/install/my_robot_interfaces/lib/python3.12/site-packages/my_robot_interfaces/srv
[4.250s] -- Installing: /home/breno/ros2_ws/install/my_robot_interfaces/lib/python3.12/site-packages/my_robot_interfaces/srv/__init__.py
[4.250s] -- Installing: /home/breno/ros2_ws/install/my_robot_interfaces/lib/python3.12/site-packages/my_robot_interfaces/srv/_catch_turtle_s.c
[4.250s] -- Installing: /home/breno/ros2_ws/install/my_robot_interfaces/lib/python3.12/site-packages/my_robot_interfaces/srv/_set_led_s.c
[4.250s] -- Installing: /home/breno/ros2_ws/install/my_robot_interfaces/lib/python3.12/site-packages/my_robot_interfaces/srv/_catch_turtle.py
[4.250s] -- Installing: /home/breno/ros2_ws/install/my_robot_interfaces/lib/python3.12/site-packages/my_robot_interfaces/srv/_compute_rectangle_area_s.c
[4.251s] -- Installing: /home/breno/ros2_ws/install/my_robot_interfaces/lib/python3.12/site-packages/my_robot_interfaces/srv/_compute_rectangle_area.py
[4.251s] -- Installing: /home/breno/ros2_ws/install/my_robot_interfaces/lib/python3.12/site-packages/my_robot_interfaces/srv/_set_led.py
[4.251s] -- Installing: /home/breno/ros2_ws/install/my_robot_interfaces/lib/python3.12/site-packages/my_robot_interfaces/_my_robot_interfaces_s.ep.rosidl_typesupport_introspection_c.c
[4.251s] -- Up-to-date: /home/breno/ros2_ws/install/my_robot_interfaces/lib/python3.12/site-packages/my_robot_interfaces/msg
[4.251s] -- Installing: /home/breno/ros2_ws/install/my_robot_interfaces/lib/python3.12/site-packages/my_robot_interfaces/msg/_hardware_status_s.c
[4.251s] -- Installing: /home/breno/ros2_ws/install/my_robot_interfaces/lib/python3.12/site-packages/my_robot_interfaces/msg/__init__.py
[4.251s] -- Installing: /home/breno/ros2_ws/install/my_robot_interfaces/lib/python3.12/site-packages/my_robot_interfaces/msg/_led_panel_state_s.c
[4.252s] -- Installing: /home/breno/ros2_ws/install/my_robot_interfaces/lib/python3.12/site-packages/my_robot_interfaces/msg/_alive_turtles.py
[4.252s] -- Installing: /home/breno/ros2_ws/install/my_robot_interfaces/lib/python3.12/site-packages/my_robot_interfaces/msg/_led_panel_state.py
[4.252s] -- Installing: /home/breno/ros2_ws/install/my_robot_interfaces/lib/python3.12/site-packages/my_robot_interfaces/msg/_hardware_status.py
[4.252s] -- Installing: /home/breno/ros2_ws/install/my_robot_interfaces/lib/python3.12/site-packages/my_robot_interfaces/msg/_alive_turtles_s.c
[4.252s] -- Installing: /home/breno/ros2_ws/install/my_robot_interfaces/lib/python3.12/site-packages/my_robot_interfaces/my_robot_interfaces_s__rosidl_typesupport_introspection_c.so
[4.253s] -- Installing: /home/breno/ros2_ws/install/my_robot_interfaces/lib/python3.12/site-packages/my_robot_interfaces/_my_robot_interfaces_s.ep.rosidl_typesupport_fastrtps_c.c
[4.253s] -- Installing: /home/breno/ros2_ws/install/my_robot_interfaces/lib/python3.12/site-packages/my_robot_interfaces/_my_robot_interfaces_s.ep.rosidl_typesupport_c.c
[4.253s] -- Installing: /home/breno/ros2_ws/install/my_robot_interfaces/lib/python3.12/site-packages/my_robot_interfaces/my_robot_interfaces_s__rosidl_typesupport_c.so
[4.291s] Listing '/home/breno/ros2_ws/install/my_robot_interfaces/lib/python3.12/site-packages/my_robot_interfaces'...
[4.291s] Compiling '/home/breno/ros2_ws/install/my_robot_interfaces/lib/python3.12/site-packages/my_robot_interfaces/__init__.py'...
[4.291s] Listing '/home/breno/ros2_ws/install/my_robot_interfaces/lib/python3.12/site-packages/my_robot_interfaces/msg'...
[4.291s] Compiling '/home/breno/ros2_ws/install/my_robot_interfaces/lib/python3.12/site-packages/my_robot_interfaces/msg/__init__.py'...
[4.291s] Compiling '/home/breno/ros2_ws/install/my_robot_interfaces/lib/python3.12/site-packages/my_robot_interfaces/msg/_alive_turtles.py'...
[4.291s] Compiling '/home/breno/ros2_ws/install/my_robot_interfaces/lib/python3.12/site-packages/my_robot_interfaces/msg/_hardware_status.py'...
[4.291s] Compiling '/home/breno/ros2_ws/install/my_robot_interfaces/lib/python3.12/site-packages/my_robot_interfaces/msg/_led_panel_state.py'...
[4.291s] Listing '/home/breno/ros2_ws/install/my_robot_interfaces/lib/python3.12/site-packages/my_robot_interfaces/srv'...
[4.291s] Compiling '/home/breno/ros2_ws/install/my_robot_interfaces/lib/python3.12/site-packages/my_robot_interfaces/srv/__init__.py'...
[4.291s] Compiling '/home/breno/ros2_ws/install/my_robot_interfaces/lib/python3.12/site-packages/my_robot_interfaces/srv/_catch_turtle.py'...
[4.291s] Compiling '/home/breno/ros2_ws/install/my_robot_interfaces/lib/python3.12/site-packages/my_robot_interfaces/srv/_compute_rectangle_area.py'...
[4.291s] Compiling '/home/breno/ros2_ws/install/my_robot_interfaces/lib/python3.12/site-packages/my_robot_interfaces/srv/_set_led.py'...
[4.295s] -- Installing: /home/breno/ros2_ws/install/my_robot_interfaces/lib/python3.12/site-packages/my_robot_interfaces/my_robot_interfaces_s__rosidl_typesupport_fastrtps_c.so
[4.296s] -- Set non-toolchain portion of runtime path of "/home/breno/ros2_ws/install/my_robot_interfaces/lib/python3.12/site-packages/my_robot_interfaces/my_robot_interfaces_s__rosidl_typesupport_fastrtps_c.so" to ""
[4.296s] -- Installing: /home/breno/ros2_ws/install/my_robot_interfaces/lib/python3.12/site-packages/my_robot_interfaces/my_robot_interfaces_s__rosidl_typesupport_introspection_c.so
[4.296s] -- Set non-toolchain portion of runtime path of "/home/breno/ros2_ws/install/my_robot_interfaces/lib/python3.12/site-packages/my_robot_interfaces/my_robot_interfaces_s__rosidl_typesupport_introspection_c.so" to ""
[4.297s] -- Installing: /home/breno/ros2_ws/install/my_robot_interfaces/lib/python3.12/site-packages/my_robot_interfaces/my_robot_interfaces_s__rosidl_typesupport_c.so
[4.297s] -- Set non-toolchain portion of runtime path of "/home/breno/ros2_ws/install/my_robot_interfaces/lib/python3.12/site-packages/my_robot_interfaces/my_robot_interfaces_s__rosidl_typesupport_c.so" to ""
[4.297s] -- Installing: /home/breno/ros2_ws/install/my_robot_interfaces/lib/libmy_robot_interfaces__rosidl_generator_py.so
[4.298s] -- Set non-toolchain portion of runtime path of "/home/breno/ros2_ws/install/my_robot_interfaces/lib/libmy_robot_interfaces__rosidl_generator_py.so" to ""
[4.298s] -- Up-to-date: /home/breno/ros2_ws/install/my_robot_interfaces/share/ament_index/resource_index/rust_packages/my_robot_interfaces
[4.298s] -- Up-to-date: /home/breno/ros2_ws/install/my_robot_interfaces/share/my_robot_interfaces/rust
[4.298s] -- Installing: /home/breno/ros2_ws/install/my_robot_interfaces/share/my_robot_interfaces/rust/build.rs
[4.298s] -- Installing: /home/breno/ros2_ws/install/my_robot_interfaces/share/my_robot_interfaces/rust/Cargo.toml
[4.298s] -- Up-to-date: /home/breno/ros2_ws/install/my_robot_interfaces/share/my_robot_interfaces/rust/src
[4.298s] -- Installing: /home/breno/ros2_ws/install/my_robot_interfaces/share/my_robot_interfaces/rust/src/msg.rs
[4.298s] -- Up-to-date: /home/breno/ros2_ws/install/my_robot_interfaces/share/my_robot_interfaces/rust/src/srv
[4.298s] -- Installing: /home/breno/ros2_ws/install/my_robot_interfaces/share/my_robot_interfaces/rust/src/srv/rmw.rs
[4.298s] -- Installing: /home/breno/ros2_ws/install/my_robot_interfaces/share/my_robot_interfaces/rust/src/srv.rs
[4.299s] -- Up-to-date: /home/breno/ros2_ws/install/my_robot_interfaces/share/my_robot_interfaces/rust/src/msg
[4.299s] -- Installing: /home/breno/ros2_ws/install/my_robot_interfaces/share/my_robot_interfaces/rust/src/msg/rmw.rs
[4.299s] -- Installing: /home/breno/ros2_ws/install/my_robot_interfaces/share/my_robot_interfaces/rust/src/lib.rs
[4.299s] -- Up-to-date: /home/breno/ros2_ws/install/my_robot_interfaces/share/my_robot_interfaces/msg/HardwareStatus.idl
[4.299s] -- Up-to-date: /home/breno/ros2_ws/install/my_robot_interfaces/share/my_robot_interfaces/srv/ComputeRectangleArea.idl
[4.299s] -- Up-to-date: /home/breno/ros2_ws/install/my_robot_interfaces/share/my_robot_interfaces/msg/LedPanelState.idl
[4.299s] -- Up-to-date: /home/breno/ros2_ws/install/my_robot_interfaces/share/my_robot_interfaces/srv/SetLed.idl
[4.299s] -- Up-to-date: /home/breno/ros2_ws/install/my_robot_interfaces/share/my_robot_interfaces/msg/AliveTurtles.idl
[4.299s] -- Installing: /home/breno/ros2_ws/install/my_robot_interfaces/share/my_robot_interfaces/srv/CatchTurtle.idl
[4.299s] -- Up-to-date: /home/breno/ros2_ws/install/my_robot_interfaces/share/my_robot_interfaces/msg/HardwareStatus.msg
[4.299s] -- Up-to-date: /home/breno/ros2_ws/install/my_robot_interfaces/share/my_robot_interfaces/srv/ComputeRectangleArea.srv
[4.300s] -- Up-to-date: /home/breno/ros2_ws/install/my_robot_interfaces/share/my_robot_interfaces/msg/LedPanelState.msg
[4.300s] -- Up-to-date: /home/breno/ros2_ws/install/my_robot_interfaces/share/my_robot_interfaces/srv/SetLed.srv
[4.300s] -- Up-to-date: /home/breno/ros2_ws/install/my_robot_interfaces/share/my_robot_interfaces/msg/AliveTurtles.msg
[4.300s] -- Installing: /home/breno/ros2_ws/install/my_robot_interfaces/share/my_robot_interfaces/srv/CatchTurtle.srv
[4.300s] -- Up-to-date: /home/breno/ros2_ws/install/my_robot_interfaces/share/ament_index/resource_index/package_run_dependencies/my_robot_interfaces
[4.300s] -- Up-to-date: /home/breno/ros2_ws/install/my_robot_interfaces/share/ament_index/resource_index/parent_prefix_path/my_robot_interfaces
[4.300s] -- Up-to-date: /home/breno/ros2_ws/install/my_robot_interfaces/share/my_robot_interfaces/environment/ament_prefix_path.sh
[4.300s] -- Up-to-date: /home/breno/ros2_ws/install/my_robot_interfaces/share/my_robot_interfaces/environment/ament_prefix_path.dsv
[4.300s] -- Up-to-date: /home/breno/ros2_ws/install/my_robot_interfaces/share/my_robot_interfaces/environment/path.sh
[4.300s] -- Up-to-date: /home/breno/ros2_ws/install/my_robot_interfaces/share/my_robot_interfaces/environment/path.dsv
[4.300s] -- Up-to-date: /home/breno/ros2_ws/install/my_robot_interfaces/share/my_robot_interfaces/local_setup.bash
[4.300s] -- Up-to-date: /home/breno/ros2_ws/install/my_robot_interfaces/share/my_robot_interfaces/local_setup.sh
[4.300s] -- Up-to-date: /home/breno/ros2_ws/install/my_robot_interfaces/share/my_robot_interfaces/local_setup.zsh
[4.300s] -- Up-to-date: /home/breno/ros2_ws/install/my_robot_interfaces/share/my_robot_interfaces/local_setup.dsv
[4.301s] -- Installing: /home/breno/ros2_ws/install/my_robot_interfaces/share/my_robot_interfaces/package.dsv
[4.301s] -- Up-to-date: /home/breno/ros2_ws/install/my_robot_interfaces/share/ament_index/resource_index/packages/my_robot_interfaces
[4.301s] -- Up-to-date: /home/breno/ros2_ws/install/my_robot_interfaces/share/my_robot_interfaces/cmake/export_my_robot_interfaces__rosidl_generator_cExport.cmake
[4.301s] -- Up-to-date: /home/breno/ros2_ws/install/my_robot_interfaces/share/my_robot_interfaces/cmake/export_my_robot_interfaces__rosidl_generator_cExport-noconfig.cmake
[4.301s] -- Up-to-date: /home/breno/ros2_ws/install/my_robot_interfaces/share/my_robot_interfaces/cmake/export_my_robot_interfaces__rosidl_typesupport_fastrtps_cExport.cmake
[4.301s] -- Up-to-date: /home/breno/ros2_ws/install/my_robot_interfaces/share/my_robot_interfaces/cmake/export_my_robot_interfaces__rosidl_typesupport_fastrtps_cExport-noconfig.cmake
[4.301s] -- Up-to-date: /home/breno/ros2_ws/install/my_robot_interfaces/share/my_robot_interfaces/cmake/my_robot_interfaces__rosidl_typesupport_introspection_cExport.cmake
[4.301s] -- Up-to-date: /home/breno/ros2_ws/install/my_robot_interfaces/share/my_robot_interfaces/cmake/my_robot_interfaces__rosidl_typesupport_introspection_cExport-noconfig.cmake
[4.301s] -- Up-to-date: /home/breno/ros2_ws/install/my_robot_interfaces/share/my_robot_interfaces/cmake/my_robot_interfaces__rosidl_typesupport_cExport.cmake
[4.301s] -- Up-to-date: /home/breno/ros2_ws/install/my_robot_interfaces/share/my_robot_interfaces/cmake/my_robot_interfaces__rosidl_typesupport_cExport-noconfig.cmake
[4.301s] -- Up-to-date: /home/breno/ros2_ws/install/my_robot_interfaces/share/my_robot_interfaces/cmake/export_my_robot_interfaces__rosidl_generator_cppExport.cmake
[4.301s] -- Up-to-date: /home/breno/ros2_ws/install/my_robot_interfaces/share/my_robot_interfaces/cmake/export_my_robot_interfaces__rosidl_typesupport_fastrtps_cppExport.cmake
[4.302s] -- Up-to-date: /home/breno/ros2_ws/install/my_robot_interfaces/share/my_robot_interfaces/cmake/export_my_robot_interfaces__rosidl_typesupport_fastrtps_cppExport-noconfig.cmake
[4.302s] -- Up-to-date: /home/breno/ros2_ws/install/my_robot_interfaces/share/my_robot_interfaces/cmake/my_robot_interfaces__rosidl_typesupport_introspection_cppExport.cmake
[4.302s] -- Up-to-date: /home/breno/ros2_ws/install/my_robot_interfaces/share/my_robot_interfaces/cmake/my_robot_interfaces__rosidl_typesupport_introspection_cppExport-noconfig.cmake
[4.302s] -- Up-to-date: /home/breno/ros2_ws/install/my_robot_interfaces/share/my_robot_interfaces/cmake/my_robot_interfaces__rosidl_typesupport_cppExport.cmake
[4.302s] -- Up-to-date: /home/breno/ros2_ws/install/my_robot_interfaces/share/my_robot_interfaces/cmake/my_robot_interfaces__rosidl_typesupport_cppExport-noconfig.cmake
[4.302s] -- Up-to-date: /home/breno/ros2_ws/install/my_robot_interfaces/share/my_robot_interfaces/cmake/export_my_robot_interfaces__rosidl_generator_pyExport.cmake
[4.302s] -- Up-to-date: /home/breno/ros2_ws/install/my_robot_interfaces/share/my_robot_interfaces/cmake/export_my_robot_interfaces__rosidl_generator_pyExport-noconfig.cmake
[4.302s] -- Installing: /home/breno/ros2_ws/install/my_robot_interfaces/share/my_robot_interfaces/cmake/rosidl_cmake-extras.cmake
[4.302s] -- Installing: /home/breno/ros2_ws/install/my_robot_interfaces/share/my_robot_interfaces/cmake/ament_cmake_export_dependencies-extras.cmake
[4.302s] -- Up-to-date: /home/breno/ros2_ws/install/my_robot_interfaces/share/my_robot_interfaces/cmake/ament_cmake_export_include_directories-extras.cmake
[4.302s] -- Up-to-date: /home/breno/ros2_ws/install/my_robot_interfaces/share/my_robot_interfaces/cmake/ament_cmake_export_libraries-extras.cmake
[4.302s] -- Up-to-date: /home/breno/ros2_ws/install/my_robot_interfaces/share/my_robot_interfaces/cmake/ament_cmake_export_targets-extras.cmake
[4.302s] -- Up-to-date: /home/breno/ros2_ws/install/my_robot_interfaces/share/my_robot_interfaces/cmake/rosidl_cmake_export_typesupport_targets-extras.cmake
[4.302s] -- Up-to-date: /home/breno/ros2_ws/install/my_robot_interfaces/share/my_robot_interfaces/cmake/rosidl_cmake_export_typesupport_libraries-extras.cmake
[4.302s] -- Up-to-date: /home/breno/ros2_ws/install/my_robot_interfaces/share/my_robot_interfaces/cmake/my_robot_interfacesConfig.cmake
[4.302s] -- Up-to-date: /home/breno/ros2_ws/install/my_robot_interfaces/share/my_robot_interfaces/cmake/my_robot_interfacesConfig-version.cmake
[4.303s] -- Installing: /home/breno/ros2_ws/install/my_robot_interfaces/share/my_robot_interfaces/package.xml
[4.305s] Invoked command in '/home/breno/ros2_ws/build/my_robot_interfaces' returned '0': CMAKE_PREFIX_PATH=${CMAKE_PREFIX_PATH}:/home/breno/ros2_ws/install/my_py_pkg:/opt/ros/jazzy DEBUGINFOD_URLS=https://debuginfod.ubuntu.com /usr/bin/cmake --install /home/breno/ros2_ws/build/my_robot_interfaces
