[0.014s] Invoking command in '/home/breno/ros2_ws/build/my_robot_bringup': AMENT_PREFIX_PATH=/home/breno/ros2_ws/install/my_py_pkg:/home/breno/ros2_ws/install/my_robot_bringup:/home/breno/ros2_ws/install/my_robot_interfaces:/home/breno/ros2_ws/install/my_cpp_pkg:/opt/ros/jazzy CMAKE_PREFIX_PATH=/home/breno/ros2_ws/install/my_robot_interfaces:/home/breno/ros2_ws/install/my_robot_bringup:/home/breno/ros2_ws/install/my_cpp_pkg:/opt/ros/jazzy/opt/gz_math_vendor:/opt/ros/jazzy/opt/gz_utils_vendor:/opt/ros/jazzy/opt/gz_cmake_vendor:/home/breno/ros2_ws/install/my_py_pkg:/opt/ros/jazzy DEBUGINFOD_URLS=https://debuginfod.ubuntu.com /usr/bin/cmake --build /home/breno/ros2_ws/build/my_robot_bringup -- -j16 -l16
[0.053s] Invoked command in '/home/breno/ros2_ws/build/my_robot_bringup' returned '0': AMENT_PREFIX_PATH=/home/breno/ros2_ws/install/my_py_pkg:/home/breno/ros2_ws/install/my_robot_bringup:/home/breno/ros2_ws/install/my_robot_interfaces:/home/breno/ros2_ws/install/my_cpp_pkg:/opt/ros/jazzy CMAKE_PREFIX_PATH=/home/breno/ros2_ws/install/my_robot_interfaces:/home/breno/ros2_ws/install/my_robot_bringup:/home/breno/ros2_ws/install/my_cpp_pkg:/opt/ros/jazzy/opt/gz_math_vendor:/opt/ros/jazzy/opt/gz_utils_vendor:/opt/ros/jazzy/opt/gz_cmake_vendor:/home/breno/ros2_ws/install/my_py_pkg:/opt/ros/jazzy DEBUGINFOD_URLS=https://debuginfod.ubuntu.com /usr/bin/cmake --build /home/breno/ros2_ws/build/my_robot_bringup -- -j16 -l16
[0.065s] Invoking command in '/home/breno/ros2_ws/build/my_robot_bringup': AMENT_PREFIX_PATH=/home/breno/ros2_ws/install/my_py_pkg:/home/breno/ros2_ws/install/my_robot_bringup:/home/breno/ros2_ws/install/my_robot_interfaces:/home/breno/ros2_ws/install/my_cpp_pkg:/opt/ros/jazzy CMAKE_PREFIX_PATH=/home/breno/ros2_ws/install/my_robot_interfaces:/home/breno/ros2_ws/install/my_robot_bringup:/home/breno/ros2_ws/install/my_cpp_pkg:/opt/ros/jazzy/opt/gz_math_vendor:/opt/ros/jazzy/opt/gz_utils_vendor:/opt/ros/jazzy/opt/gz_cmake_vendor:/home/breno/ros2_ws/install/my_py_pkg:/opt/ros/jazzy DEBUGINFOD_URLS=https://debuginfod.ubuntu.com /usr/bin/cmake --install /home/breno/ros2_ws/build/my_robot_bringup
[0.071s] -- Install configuration: ""
[0.071s] -- Up-to-date: /home/breno/ros2_ws/install/my_robot_bringup/share/my_robot_bringup//launch
[0.071s] -- Installing: /home/breno/ros2_ws/install/my_robot_bringup/share/my_robot_bringup//launch/turtle_controller_choose.launch.xml
[0.072s] -- Up-to-date: /home/breno/ros2_ws/install/my_robot_bringup/share/my_robot_bringup//launch/number_app.launch.xml
[0.072s] -- Up-to-date: /home/breno/ros2_ws/install/my_robot_bringup/share/my_robot_bringup//launch/number_app.launch.py
[0.072s] -- Up-to-date: /home/breno/ros2_ws/install/my_robot_bringup/share/my_robot_bringup//launch/number_app_from_python.launch.xml
[0.072s] -- Up-to-date: /home/breno/ros2_ws/install/my_robot_bringup/share/my_robot_bringup//launch/robot_news_station.launch.xml
[0.072s] -- Up-to-date: /home/breno/ros2_ws/install/my_robot_bringup/share/my_robot_bringup//config
[0.072s] -- Installing: /home/breno/ros2_ws/install/my_robot_bringup/share/my_robot_bringup//config/turtle_controller_choose.yaml
[0.072s] -- Installing: /home/breno/ros2_ws/install/my_robot_bringup/share/my_robot_bringup//config/turtle_spawner.yaml
[0.072s] -- Up-to-date: /home/breno/ros2_ws/install/my_robot_bringup/share/my_robot_bringup//config/number_app.yaml
[0.072s] -- Up-to-date: /home/breno/ros2_ws/install/my_robot_bringup/share/my_robot_bringup//config/robot_news_station.yaml
[0.073s] -- Up-to-date: /home/breno/ros2_ws/install/my_robot_bringup/share/ament_index/resource_index/package_run_dependencies/my_robot_bringup
[0.073s] -- Up-to-date: /home/breno/ros2_ws/install/my_robot_bringup/share/ament_index/resource_index/parent_prefix_path/my_robot_bringup
[0.073s] -- Up-to-date: /home/breno/ros2_ws/install/my_robot_bringup/share/my_robot_bringup/environment/ament_prefix_path.sh
[0.073s] -- Up-to-date: /home/breno/ros2_ws/install/my_robot_bringup/share/my_robot_bringup/environment/ament_prefix_path.dsv
[0.073s] -- Up-to-date: /home/breno/ros2_ws/install/my_robot_bringup/share/my_robot_bringup/environment/path.sh
[0.073s] -- Up-to-date: /home/breno/ros2_ws/install/my_robot_bringup/share/my_robot_bringup/environment/path.dsv
[0.073s] -- Up-to-date: /home/breno/ros2_ws/install/my_robot_bringup/share/my_robot_bringup/local_setup.bash
[0.073s] -- Up-to-date: /home/breno/ros2_ws/install/my_robot_bringup/share/my_robot_bringup/local_setup.sh
[0.073s] -- Up-to-date: /home/breno/ros2_ws/install/my_robot_bringup/share/my_robot_bringup/local_setup.zsh
[0.073s] -- Up-to-date: /home/breno/ros2_ws/install/my_robot_bringup/share/my_robot_bringup/local_setup.dsv
[0.073s] -- Installing: /home/breno/ros2_ws/install/my_robot_bringup/share/my_robot_bringup/package.dsv
[0.073s] -- Up-to-date: /home/breno/ros2_ws/install/my_robot_bringup/share/ament_index/resource_index/packages/my_robot_bringup
[0.073s] -- Up-to-date: /home/breno/ros2_ws/install/my_robot_bringup/share/my_robot_bringup/cmake/my_robot_bringupConfig.cmake
[0.073s] -- Up-to-date: /home/breno/ros2_ws/install/my_robot_bringup/share/my_robot_bringup/cmake/my_robot_bringupConfig-version.cmake
[0.073s] -- Up-to-date: /home/breno/ros2_ws/install/my_robot_bringup/share/my_robot_bringup/package.xml
[0.074s] Invoked command in '/home/breno/ros2_ws/build/my_robot_bringup' returned '0': AMENT_PREFIX_PATH=/home/breno/ros2_ws/install/my_py_pkg:/home/breno/ros2_ws/install/my_robot_bringup:/home/breno/ros2_ws/install/my_robot_interfaces:/home/breno/ros2_ws/install/my_cpp_pkg:/opt/ros/jazzy CMAKE_PREFIX_PATH=/home/breno/ros2_ws/install/my_robot_interfaces:/home/breno/ros2_ws/install/my_robot_bringup:/home/breno/ros2_ws/install/my_cpp_pkg:/opt/ros/jazzy/opt/gz_math_vendor:/opt/ros/jazzy/opt/gz_utils_vendor:/opt/ros/jazzy/opt/gz_cmake_vendor:/home/breno/ros2_ws/install/my_py_pkg:/opt/ros/jazzy DEBUGINFOD_URLS=https://debuginfod.ubuntu.com /usr/bin/cmake --install /home/breno/ros2_ws/build/my_robot_bringup
