[0.008s] Invoking command in '/home/breno/ros2_ws/build/my_robot_interfaces': CMAKE_PREFIX_PATH=${CMAKE_PREFIX_PATH}:/home/breno/ros2_ws/install/my_py_pkg:/opt/ros/jazzy DEBUGINFOD_URLS=https://debuginfod.ubuntu.com /usr/bin/cmake --build /home/breno/ros2_ws/build/my_robot_interfaces -- -j16 -l16
[0.030s] -- Found ament_cmake: 2.5.6 (/opt/ros/jazzy/share/ament_cmake/cmake)
[0.120s] -- Found rosidl_default_generators: 1.6.0 (/opt/ros/jazzy/share/rosidl_default_generators/cmake)
[0.121s] -- Using all available rosidl_typesupport_c: rosidl_typesupport_fastrtps_c;rosidl_typesupport_introspection_c
[0.149s] -- Using all available rosidl_typesupport_cpp: rosidl_typesupport_fastrtps_cpp;rosidl_typesupport_introspection_cpp
[0.172s] -- Found rosidl_adapter: 4.6.7 (/opt/ros/jazzy/share/rosidl_adapter/cmake)
[0.307s] [31mCMake Error at /opt/ros/jazzy/share/rosidl_adapter/cmake/rosidl_adapt_interfaces.cmake:57 (message):
[0.308s]   execute_process(/usr/bin/python3 -m rosidl_adapter --package-name
[0.308s]   my_robot_interfaces --arguments-file
[0.308s]   /home/breno/ros2_ws/build/my_robot_interfaces/rosidl_adapter__arguments__my_robot_interfaces.json
[0.308s]   --output-dir
[0.308s]   /home/breno/ros2_ws/build/my_robot_interfaces/rosidl_adapter/my_robot_interfaces
[0.308s]   --output-file
[0.308s]   /home/breno/ros2_ws/build/my_robot_interfaces/rosidl_adapter/my_robot_interfaces.idls)
[0.308s]   returned error code 1:
[0.308s] 
[0.308s]   Error processing 'bool is_led3 on' of 'my_robot_interfaces/LedPanelState':
[0.308s]   'value 'on' can not be converted to type 'bool': must be either 'true' /
[0.308s]   '1' or 'false' / '0''
[0.308s] 
[0.308s]   Traceback (most recent call last):
[0.308s] 
[0.308s]     File "<frozen runpy>", line 198, in _run_module_as_main
[0.308s]     File "<frozen runpy>", line 88, in _run_code
[0.308s]     File "/opt/ros/jazzy/lib/python3.12/site-packages/rosidl_adapter/__main__.py", line 19, in <module>
[0.308s]       sys.exit(main())
[0.308s]                ^^^^^^
[0.308s]     File "/opt/ros/jazzy/lib/python3.12/site-packages/rosidl_adapter/main.py", line 53, in main
[0.309s]       abs_idl_file = convert_to_idl(
[0.309s]                      ^^^^^^^^^^^^^^^
[0.309s]     File "/opt/ros/jazzy/lib/python3.12/site-packages/rosidl_adapter/__init__.py", line 19, in convert_to_idl
[0.309s]       return convert_msg_to_idl(
[0.309s]              ^^^^^^^^^^^^^^^^^^^
[0.309s]     File "/opt/ros/jazzy/lib/python3.12/site-packages/rosidl_adapter/msg/__init__.py", line 28, in convert_msg_to_idl
[0.309s]       msg = parse_message_string(package_name, input_file.stem, content)
[0.309s]             ^^^^^^^^^^^^^^^^^^^^^^^^^^^^^^^^^^^^^^^^^^^^^^^^^^^^^^^^^^^^
[0.309s]     File "/opt/ros/jazzy/lib/python3.12/site-packages/rosidl_adapter/parser.py", line 520, in parse_message_string
[0.309s]       fields.append(Field(
[0.309s]                     ^^^^^^
[0.309s]     File "/opt/ros/jazzy/lib/python3.12/site-packages/rosidl_adapter/parser.py", line 362, in __init__
[0.309s]       self.default_value = parse_value_string(
[0.309s]                            ^^^^^^^^^^^^^^^^^^^
[0.309s]     File "/opt/ros/jazzy/lib/python3.12/site-packages/rosidl_adapter/parser.py", line 595, in parse_value_string
[0.309s]       return parse_primitive_value_string(type_, value_string)
[0.309s]              ^^^^^^^^^^^^^^^^^^^^^^^^^^^^^^^^^^^^^^^^^^^^^^^^^
[0.309s]     File "/opt/ros/jazzy/lib/python3.12/site-packages/rosidl_adapter/parser.py", line 707, in parse_primitive_value_string
[0.309s]       raise InvalidValue(
[0.309s] 
[0.309s]   rosidl_adapter.parser.InvalidValue: value 'on' can not be converted to type
[0.309s]   'bool': must be either 'true' / '1' or 'false' / '0'
[0.309s] 
[0.309s] Call Stack (most recent call first):
[0.310s]   /opt/ros/jazzy/share/rosidl_cmake/cmake/rosidl_generate_interfaces.cmake:132 (rosidl_adapt_interfaces)
[0.310s]   CMakeLists.txt:12 (rosidl_generate_interfaces)
[0.310s] 
[0.310s] [0m
[0.310s] -- Configuring incomplete, errors occurred!
[0.315s] gmake: *** [Makefile:1099: cmake_check_build_system] Error 1
[0.317s] Invoked command in '/home/breno/ros2_ws/build/my_robot_interfaces' returned '2': CMAKE_PREFIX_PATH=${CMAKE_PREFIX_PATH}:/home/breno/ros2_ws/install/my_py_pkg:/opt/ros/jazzy DEBUGINFOD_URLS=https://debuginfod.ubuntu.com /usr/bin/cmake --build /home/breno/ros2_ws/build/my_robot_interfaces -- -j16 -l16
