[0.083s] DEBUG:colcon:Command line arguments: ['/usr/bin/colcon', 'build']
[0.083s] DEBUG:colcon:Parsed command line arguments: Namespace(log_base=None, log_level=None, verb_name='build', build_base='build', install_base='install', merge_install=False, symlink_install=False, test_result_base=None, continue_on_error=False, executor='parallel', parallel_workers=16, event_handlers=None, ignore_user_meta=False, metas=['./colcon.meta'], base_paths=['.'], packages_ignore=None, packages_ignore_regex=None, paths=None, packages_up_to=None, packages_up_to_regex=None, packages_above=None, packages_above_and_dependencies=None, packages_above_depth=None, packages_select_by_dep=None, packages_skip_by_dep=None, packages_skip_up_to=None, packages_select_build_failed=False, packages_skip_build_finished=False, packages_select_test_failures=False, packages_skip_test_passed=False, packages_select=None, packages_skip=None, packages_select_regex=None, packages_skip_regex=None, packages_start=None, packages_end=None, allow_overriding=[], cmake_args=None, cmake_target=None, cmake_target_skip_unavailable=False, cmake_clean_cache=False, cmake_clean_first=False, cmake_force_configure=False, ament_cmake_args=None, catkin_cmake_args=None, catkin_skip_building_tests=False, mixin_files=None, mixin=None, verb_parser=<colcon_mixin.mixin.mixin_argument.MixinArgumentDecorator object at 0x7a4bb0ae39e0>, verb_extension=<colcon_core.verb.build.BuildVerb object at 0x7a4bb1652240>, main=<bound method BuildVerb.main of <colcon_core.verb.build.BuildVerb object at 0x7a4bb1652240>>, mixin_verb=('build',))
[0.115s] Level 1:colcon.colcon_core.package_discovery:discover_packages(colcon_meta) check parameters
[0.115s] Level 1:colcon.colcon_core.package_discovery:discover_packages(recursive) check parameters
[0.115s] Level 1:colcon.colcon_core.package_discovery:discover_packages(ignore) check parameters
[0.115s] Level 1:colcon.colcon_core.package_discovery:discover_packages(path) check parameters
[0.115s] Level 1:colcon.colcon_core.package_discovery:discover_packages(colcon_meta) discover
[0.115s] Level 1:colcon.colcon_core.package_discovery:discover_packages(recursive) discover
[0.115s] INFO:colcon.colcon_core.package_discovery:Crawling recursively for packages in '/home/breno/ros2_ws'
[0.115s] Level 1:colcon.colcon_core.package_identification:_identify(.) by extensions ['ignore', 'ignore_ament_install']
[0.115s] Level 1:colcon.colcon_core.package_identification:_identify(.) by extension 'ignore'
[0.115s] Level 1:colcon.colcon_core.package_identification:_identify(.) by extension 'ignore_ament_install'
[0.115s] Level 1:colcon.colcon_core.package_identification:_identify(.) by extensions ['colcon_pkg']
[0.115s] Level 1:colcon.colcon_core.package_identification:_identify(.) by extension 'colcon_pkg'
[0.115s] Level 1:colcon.colcon_core.package_identification:_identify(.) by extensions ['colcon_meta']
[0.115s] Level 1:colcon.colcon_core.package_identification:_identify(.) by extension 'colcon_meta'
[0.115s] Level 1:colcon.colcon_core.package_identification:_identify(.) by extensions ['ros']
[0.115s] Level 1:colcon.colcon_core.package_identification:_identify(.) by extension 'ros'
[0.135s] Level 1:colcon.colcon_core.package_identification:_identify(.) by extensions ['cmake', 'python']
[0.135s] Level 1:colcon.colcon_core.package_identification:_identify(.) by extension 'cmake'
[0.135s] Level 1:colcon.colcon_core.package_identification:_identify(.) by extension 'python'
[0.135s] Level 1:colcon.colcon_core.package_identification:_identify(.) by extensions ['python_setup_py']
[0.135s] Level 1:colcon.colcon_core.package_identification:_identify(.) by extension 'python_setup_py'
[0.135s] Level 1:colcon.colcon_core.package_identification:_identify(build) by extensions ['ignore', 'ignore_ament_install']
[0.135s] Level 1:colcon.colcon_core.package_identification:_identify(build) by extension 'ignore'
[0.135s] Level 1:colcon.colcon_core.package_identification:_identify(build) ignored
[0.135s] Level 1:colcon.colcon_core.package_identification:_identify(install) by extensions ['ignore', 'ignore_ament_install']
[0.135s] Level 1:colcon.colcon_core.package_identification:_identify(install) by extension 'ignore'
[0.135s] Level 1:colcon.colcon_core.package_identification:_identify(install) ignored
[0.136s] Level 1:colcon.colcon_core.package_identification:_identify(log) by extensions ['ignore', 'ignore_ament_install']
[0.136s] Level 1:colcon.colcon_core.package_identification:_identify(log) by extension 'ignore'
[0.136s] Level 1:colcon.colcon_core.package_identification:_identify(log) ignored
[0.136s] Level 1:colcon.colcon_core.package_identification:_identify(src) by extensions ['ignore', 'ignore_ament_install']
[0.136s] Level 1:colcon.colcon_core.package_identification:_identify(src) by extension 'ignore'
[0.136s] Level 1:colcon.colcon_core.package_identification:_identify(src) by extension 'ignore_ament_install'
[0.136s] Level 1:colcon.colcon_core.package_identification:_identify(src) by extensions ['colcon_pkg']
[0.136s] Level 1:colcon.colcon_core.package_identification:_identify(src) by extension 'colcon_pkg'
[0.136s] Level 1:colcon.colcon_core.package_identification:_identify(src) by extensions ['colcon_meta']
[0.136s] Level 1:colcon.colcon_core.package_identification:_identify(src) by extension 'colcon_meta'
[0.136s] Level 1:colcon.colcon_core.package_identification:_identify(src) by extensions ['ros']
[0.136s] Level 1:colcon.colcon_core.package_identification:_identify(src) by extension 'ros'
[0.136s] Level 1:colcon.colcon_core.package_identification:_identify(src) by extensions ['cmake', 'python']
[0.136s] Level 1:colcon.colcon_core.package_identification:_identify(src) by extension 'cmake'
[0.136s] Level 1:colcon.colcon_core.package_identification:_identify(src) by extension 'python'
[0.136s] Level 1:colcon.colcon_core.package_identification:_identify(src) by extensions ['python_setup_py']
[0.136s] Level 1:colcon.colcon_core.package_identification:_identify(src) by extension 'python_setup_py'
[0.136s] Level 1:colcon.colcon_core.package_identification:_identify(src/my_cpp_pkg) by extensions ['ignore', 'ignore_ament_install']
[0.136s] Level 1:colcon.colcon_core.package_identification:_identify(src/my_cpp_pkg) by extension 'ignore'
[0.136s] Level 1:colcon.colcon_core.package_identification:_identify(src/my_cpp_pkg) by extension 'ignore_ament_install'
[0.136s] Level 1:colcon.colcon_core.package_identification:_identify(src/my_cpp_pkg) by extensions ['colcon_pkg']
[0.136s] Level 1:colcon.colcon_core.package_identification:_identify(src/my_cpp_pkg) by extension 'colcon_pkg'
[0.136s] Level 1:colcon.colcon_core.package_identification:_identify(src/my_cpp_pkg) by extensions ['colcon_meta']
[0.136s] Level 1:colcon.colcon_core.package_identification:_identify(src/my_cpp_pkg) by extension 'colcon_meta'
[0.136s] Level 1:colcon.colcon_core.package_identification:_identify(src/my_cpp_pkg) by extensions ['ros']
[0.136s] Level 1:colcon.colcon_core.package_identification:_identify(src/my_cpp_pkg) by extension 'ros'
[0.138s] DEBUG:colcon.colcon_core.package_identification:Package 'src/my_cpp_pkg' with type 'ros.ament_cmake' and name 'my_cpp_pkg'
[0.138s] Level 1:colcon.colcon_core.package_identification:_identify(src/my_py_pkg) by extensions ['ignore', 'ignore_ament_install']
[0.138s] Level 1:colcon.colcon_core.package_identification:_identify(src/my_py_pkg) by extension 'ignore'
[0.138s] Level 1:colcon.colcon_core.package_identification:_identify(src/my_py_pkg) by extension 'ignore_ament_install'
[0.138s] Level 1:colcon.colcon_core.package_identification:_identify(src/my_py_pkg) by extensions ['colcon_pkg']
[0.138s] Level 1:colcon.colcon_core.package_identification:_identify(src/my_py_pkg) by extension 'colcon_pkg'
[0.138s] Level 1:colcon.colcon_core.package_identification:_identify(src/my_py_pkg) by extensions ['colcon_meta']
[0.138s] Level 1:colcon.colcon_core.package_identification:_identify(src/my_py_pkg) by extension 'colcon_meta'
[0.138s] Level 1:colcon.colcon_core.package_identification:_identify(src/my_py_pkg) by extensions ['ros']
[0.138s] Level 1:colcon.colcon_core.package_identification:_identify(src/my_py_pkg) by extension 'ros'
[0.139s] DEBUG:colcon.colcon_core.package_identification:Package 'src/my_py_pkg' with type 'ros.ament_python' and name 'my_py_pkg'
[0.139s] Level 1:colcon.colcon_core.package_identification:_identify(src/my_robot_bringup) by extensions ['ignore', 'ignore_ament_install']
[0.139s] Level 1:colcon.colcon_core.package_identification:_identify(src/my_robot_bringup) by extension 'ignore'
[0.139s] Level 1:colcon.colcon_core.package_identification:_identify(src/my_robot_bringup) by extension 'ignore_ament_install'
[0.139s] Level 1:colcon.colcon_core.package_identification:_identify(src/my_robot_bringup) by extensions ['colcon_pkg']
[0.139s] Level 1:colcon.colcon_core.package_identification:_identify(src/my_robot_bringup) by extension 'colcon_pkg'
[0.139s] Level 1:colcon.colcon_core.package_identification:_identify(src/my_robot_bringup) by extensions ['colcon_meta']
[0.139s] Level 1:colcon.colcon_core.package_identification:_identify(src/my_robot_bringup) by extension 'colcon_meta'
[0.139s] Level 1:colcon.colcon_core.package_identification:_identify(src/my_robot_bringup) by extensions ['ros']
[0.139s] Level 1:colcon.colcon_core.package_identification:_identify(src/my_robot_bringup) by extension 'ros'
[0.140s] DEBUG:colcon.colcon_core.package_identification:Package 'src/my_robot_bringup' with type 'ros.ament_cmake' and name 'my_robot_bringup'
[0.140s] Level 1:colcon.colcon_core.package_identification:_identify(src/my_robot_interfaces) by extensions ['ignore', 'ignore_ament_install']
[0.140s] Level 1:colcon.colcon_core.package_identification:_identify(src/my_robot_interfaces) by extension 'ignore'
[0.140s] Level 1:colcon.colcon_core.package_identification:_identify(src/my_robot_interfaces) by extension 'ignore_ament_install'
[0.140s] Level 1:colcon.colcon_core.package_identification:_identify(src/my_robot_interfaces) by extensions ['colcon_pkg']
[0.140s] Level 1:colcon.colcon_core.package_identification:_identify(src/my_robot_interfaces) by extension 'colcon_pkg'
[0.140s] Level 1:colcon.colcon_core.package_identification:_identify(src/my_robot_interfaces) by extensions ['colcon_meta']
[0.140s] Level 1:colcon.colcon_core.package_identification:_identify(src/my_robot_interfaces) by extension 'colcon_meta'
[0.140s] Level 1:colcon.colcon_core.package_identification:_identify(src/my_robot_interfaces) by extensions ['ros']
[0.140s] Level 1:colcon.colcon_core.package_identification:_identify(src/my_robot_interfaces) by extension 'ros'
[0.140s] DEBUG:colcon.colcon_core.package_identification:Package 'src/my_robot_interfaces' with type 'ros.ament_cmake' and name 'my_robot_interfaces'
[0.140s] Level 1:colcon.colcon_core.package_discovery:discover_packages(recursive) using defaults
[0.140s] Level 1:colcon.colcon_core.package_discovery:discover_packages(ignore) discover
[0.140s] Level 1:colcon.colcon_core.package_discovery:discover_packages(ignore) using defaults
[0.140s] Level 1:colcon.colcon_core.package_discovery:discover_packages(path) discover
[0.140s] Level 1:colcon.colcon_core.package_discovery:discover_packages(path) using defaults
[0.155s] Level 1:colcon.colcon_core.package_discovery:discover_packages(prefix_path) check parameters
[0.155s] Level 1:colcon.colcon_core.package_discovery:discover_packages(prefix_path) discover
[0.156s] DEBUG:colcon.colcon_installed_package_information.package_discovery:Found 3 installed packages in /home/breno/ros2_ws/install
[0.157s] DEBUG:colcon.colcon_installed_package_information.package_discovery:Found 287 installed packages in /opt/ros/jazzy
[0.158s] Level 1:colcon.colcon_core.package_discovery:discover_packages(prefix_path) using defaults
[0.190s] Level 5:colcon.colcon_core.verb:set package 'my_cpp_pkg' build argument 'cmake_args' from command line to 'None'
[0.190s] Level 5:colcon.colcon_core.verb:set package 'my_cpp_pkg' build argument 'cmake_target' from command line to 'None'
[0.190s] Level 5:colcon.colcon_core.verb:set package 'my_cpp_pkg' build argument 'cmake_target_skip_unavailable' from command line to 'False'
[0.190s] Level 5:colcon.colcon_core.verb:set package 'my_cpp_pkg' build argument 'cmake_clean_cache' from command line to 'False'
[0.190s] Level 5:colcon.colcon_core.verb:set package 'my_cpp_pkg' build argument 'cmake_clean_first' from command line to 'False'
[0.190s] Level 5:colcon.colcon_core.verb:set package 'my_cpp_pkg' build argument 'cmake_force_configure' from command line to 'False'
[0.190s] Level 5:colcon.colcon_core.verb:set package 'my_cpp_pkg' build argument 'ament_cmake_args' from command line to 'None'
[0.190s] Level 5:colcon.colcon_core.verb:set package 'my_cpp_pkg' build argument 'catkin_cmake_args' from command line to 'None'
[0.190s] Level 5:colcon.colcon_core.verb:set package 'my_cpp_pkg' build argument 'catkin_skip_building_tests' from command line to 'False'
[0.190s] DEBUG:colcon.colcon_core.verb:Building package 'my_cpp_pkg' with the following arguments: {'ament_cmake_args': None, 'build_base': '/home/breno/ros2_ws/build/my_cpp_pkg', 'catkin_cmake_args': None, 'catkin_skip_building_tests': False, 'cmake_args': None, 'cmake_clean_cache': False, 'cmake_clean_first': False, 'cmake_force_configure': False, 'cmake_target': None, 'cmake_target_skip_unavailable': False, 'install_base': '/home/breno/ros2_ws/install/my_cpp_pkg', 'merge_install': False, 'path': '/home/breno/ros2_ws/src/my_cpp_pkg', 'symlink_install': False, 'test_result_base': None}
[0.191s] Level 5:colcon.colcon_core.verb:set package 'my_robot_interfaces' build argument 'cmake_args' from command line to 'None'
[0.191s] Level 5:colcon.colcon_core.verb:set package 'my_robot_interfaces' build argument 'cmake_target' from command line to 'None'
[0.191s] Level 5:colcon.colcon_core.verb:set package 'my_robot_interfaces' build argument 'cmake_target_skip_unavailable' from command line to 'False'
[0.191s] Level 5:colcon.colcon_core.verb:set package 'my_robot_interfaces' build argument 'cmake_clean_cache' from command line to 'False'
[0.191s] Level 5:colcon.colcon_core.verb:set package 'my_robot_interfaces' build argument 'cmake_clean_first' from command line to 'False'
[0.191s] Level 5:colcon.colcon_core.verb:set package 'my_robot_interfaces' build argument 'cmake_force_configure' from command line to 'False'
[0.191s] Level 5:colcon.colcon_core.verb:set package 'my_robot_interfaces' build argument 'ament_cmake_args' from command line to 'None'
[0.191s] Level 5:colcon.colcon_core.verb:set package 'my_robot_interfaces' build argument 'catkin_cmake_args' from command line to 'None'
[0.191s] Level 5:colcon.colcon_core.verb:set package 'my_robot_interfaces' build argument 'catkin_skip_building_tests' from command line to 'False'
[0.191s] DEBUG:colcon.colcon_core.verb:Building package 'my_robot_interfaces' with the following arguments: {'ament_cmake_args': None, 'build_base': '/home/breno/ros2_ws/build/my_robot_interfaces', 'catkin_cmake_args': None, 'catkin_skip_building_tests': False, 'cmake_args': None, 'cmake_clean_cache': False, 'cmake_clean_first': False, 'cmake_force_configure': False, 'cmake_target': None, 'cmake_target_skip_unavailable': False, 'install_base': '/home/breno/ros2_ws/install/my_robot_interfaces', 'merge_install': False, 'path': '/home/breno/ros2_ws/src/my_robot_interfaces', 'symlink_install': False, 'test_result_base': None}
[0.191s] Level 5:colcon.colcon_core.verb:set package 'my_py_pkg' build argument 'cmake_args' from command line to 'None'
[0.191s] Level 5:colcon.colcon_core.verb:set package 'my_py_pkg' build argument 'cmake_target' from command line to 'None'
[0.191s] Level 5:colcon.colcon_core.verb:set package 'my_py_pkg' build argument 'cmake_target_skip_unavailable' from command line to 'False'
[0.191s] Level 5:colcon.colcon_core.verb:set package 'my_py_pkg' build argument 'cmake_clean_cache' from command line to 'False'
[0.191s] Level 5:colcon.colcon_core.verb:set package 'my_py_pkg' build argument 'cmake_clean_first' from command line to 'False'
[0.191s] Level 5:colcon.colcon_core.verb:set package 'my_py_pkg' build argument 'cmake_force_configure' from command line to 'False'
[0.191s] Level 5:colcon.colcon_core.verb:set package 'my_py_pkg' build argument 'ament_cmake_args' from command line to 'None'
[0.191s] Level 5:colcon.colcon_core.verb:set package 'my_py_pkg' build argument 'catkin_cmake_args' from command line to 'None'
[0.191s] Level 5:colcon.colcon_core.verb:set package 'my_py_pkg' build argument 'catkin_skip_building_tests' from command line to 'False'
[0.191s] DEBUG:colcon.colcon_core.verb:Building package 'my_py_pkg' with the following arguments: {'ament_cmake_args': None, 'build_base': '/home/breno/ros2_ws/build/my_py_pkg', 'catkin_cmake_args': None, 'catkin_skip_building_tests': False, 'cmake_args': None, 'cmake_clean_cache': False, 'cmake_clean_first': False, 'cmake_force_configure': False, 'cmake_target': None, 'cmake_target_skip_unavailable': False, 'install_base': '/home/breno/ros2_ws/install/my_py_pkg', 'merge_install': False, 'path': '/home/breno/ros2_ws/src/my_py_pkg', 'symlink_install': False, 'test_result_base': None}
[0.191s] Level 5:colcon.colcon_core.verb:set package 'my_robot_bringup' build argument 'cmake_args' from command line to 'None'
[0.191s] Level 5:colcon.colcon_core.verb:set package 'my_robot_bringup' build argument 'cmake_target' from command line to 'None'
[0.191s] Level 5:colcon.colcon_core.verb:set package 'my_robot_bringup' build argument 'cmake_target_skip_unavailable' from command line to 'False'
[0.191s] Level 5:colcon.colcon_core.verb:set package 'my_robot_bringup' build argument 'cmake_clean_cache' from command line to 'False'
[0.191s] Level 5:colcon.colcon_core.verb:set package 'my_robot_bringup' build argument 'cmake_clean_first' from command line to 'False'
[0.191s] Level 5:colcon.colcon_core.verb:set package 'my_robot_bringup' build argument 'cmake_force_configure' from command line to 'False'
[0.191s] Level 5:colcon.colcon_core.verb:set package 'my_robot_bringup' build argument 'ament_cmake_args' from command line to 'None'
[0.191s] Level 5:colcon.colcon_core.verb:set package 'my_robot_bringup' build argument 'catkin_cmake_args' from command line to 'None'
[0.191s] Level 5:colcon.colcon_core.verb:set package 'my_robot_bringup' build argument 'catkin_skip_building_tests' from command line to 'False'
[0.191s] DEBUG:colcon.colcon_core.verb:Building package 'my_robot_bringup' with the following arguments: {'ament_cmake_args': None, 'build_base': '/home/breno/ros2_ws/build/my_robot_bringup', 'catkin_cmake_args': None, 'catkin_skip_building_tests': False, 'cmake_args': None, 'cmake_clean_cache': False, 'cmake_clean_first': False, 'cmake_force_configure': False, 'cmake_target': None, 'cmake_target_skip_unavailable': False, 'install_base': '/home/breno/ros2_ws/install/my_robot_bringup', 'merge_install': False, 'path': '/home/breno/ros2_ws/src/my_robot_bringup', 'symlink_install': False, 'test_result_base': None}
[0.192s] INFO:colcon.colcon_core.executor:Executing jobs using 'parallel' executor
[0.192s] DEBUG:colcon.colcon_parallel_executor.executor.parallel:run_until_complete
[0.193s] INFO:colcon.colcon_ros.task.ament_cmake.build:Building ROS package in '/home/breno/ros2_ws/src/my_robot_interfaces' with build type 'ament_cmake'
[0.193s] INFO:colcon.colcon_cmake.task.cmake.build:Building CMake package in '/home/breno/ros2_ws/src/my_robot_interfaces'
[0.195s] INFO:colcon.colcon_core.plugin_system:Skipping extension 'colcon_core.shell.bat': Not used on non-Windows systems
[0.195s] INFO:colcon.colcon_core.shell:Skip shell extension 'powershell' for command environment: Not usable outside of PowerShell
[0.195s] DEBUG:colcon.colcon_core.shell:Skip shell extension 'dsv' for command environment
[0.198s] INFO:colcon.colcon_ros.task.ament_cmake.build:Building ROS package in '/home/breno/ros2_ws/src/my_cpp_pkg' with build type 'ament_cmake'
[0.198s] INFO:colcon.colcon_cmake.task.cmake.build:Building CMake package in '/home/breno/ros2_ws/src/my_cpp_pkg'
[0.198s] INFO:colcon.colcon_core.shell:Skip shell extension 'powershell' for command environment: Not usable outside of PowerShell
[0.198s] DEBUG:colcon.colcon_core.shell:Skip shell extension 'dsv' for command environment
[0.203s] DEBUG:colcon.colcon_core.event_handler.log_command:Invoking command in '/home/breno/ros2_ws/build/my_robot_interfaces': CMAKE_PREFIX_PATH=${CMAKE_PREFIX_PATH}:/home/breno/ros2_ws/install/my_py_pkg:/opt/ros/jazzy DEBUGINFOD_URLS=https://debuginfod.ubuntu.com /usr/bin/cmake --build /home/breno/ros2_ws/build/my_robot_interfaces -- -j16 -l16
[0.206s] DEBUG:colcon.colcon_core.event_handler.log_command:Invoking command in '/home/breno/ros2_ws/build/my_cpp_pkg': CMAKE_PREFIX_PATH=${CMAKE_PREFIX_PATH}:/home/breno/ros2_ws/install/my_py_pkg:/opt/ros/jazzy DEBUGINFOD_URLS=https://debuginfod.ubuntu.com /usr/bin/cmake /home/breno/ros2_ws/src/my_cpp_pkg -DCMAKE_INSTALL_PREFIX=/home/breno/ros2_ws/install/my_cpp_pkg
[0.556s] DEBUG:colcon.colcon_core.event_handler.log_command:Invoked command in '/home/breno/ros2_ws/build/my_robot_interfaces' returned '0': CMAKE_PREFIX_PATH=${CMAKE_PREFIX_PATH}:/home/breno/ros2_ws/install/my_py_pkg:/opt/ros/jazzy DEBUGINFOD_URLS=https://debuginfod.ubuntu.com /usr/bin/cmake --build /home/breno/ros2_ws/build/my_robot_interfaces -- -j16 -l16
[0.566s] DEBUG:colcon.colcon_core.event_handler.log_command:Invoking command in '/home/breno/ros2_ws/build/my_robot_interfaces': CMAKE_PREFIX_PATH=${CMAKE_PREFIX_PATH}:/home/breno/ros2_ws/install/my_py_pkg:/opt/ros/jazzy DEBUGINFOD_URLS=https://debuginfod.ubuntu.com /usr/bin/cmake --install /home/breno/ros2_ws/build/my_robot_interfaces
[0.621s] Level 1:colcon.colcon_core.environment:create_environment_scripts_only(my_robot_interfaces)
[0.621s] DEBUG:colcon.colcon_core.event_handler.log_command:Invoked command in '/home/breno/ros2_ws/build/my_robot_interfaces' returned '0': CMAKE_PREFIX_PATH=${CMAKE_PREFIX_PATH}:/home/breno/ros2_ws/install/my_py_pkg:/opt/ros/jazzy DEBUGINFOD_URLS=https://debuginfod.ubuntu.com /usr/bin/cmake --install /home/breno/ros2_ws/build/my_robot_interfaces
[0.623s] Level 1:colcon.colcon_core.environment:checking '/home/breno/ros2_ws/install/my_robot_interfaces' for CMake module files
[0.624s] Level 1:colcon.colcon_core.environment:checking '/home/breno/ros2_ws/install/my_robot_interfaces' for CMake config files
[0.625s] Level 1:colcon.colcon_core.shell:create_environment_hook('my_robot_interfaces', 'cmake_prefix_path')
[0.625s] INFO:colcon.colcon_core.shell:Creating environment hook '/home/breno/ros2_ws/install/my_robot_interfaces/share/my_robot_interfaces/hook/cmake_prefix_path.ps1'
[0.626s] INFO:colcon.colcon_core.shell:Creating environment descriptor '/home/breno/ros2_ws/install/my_robot_interfaces/share/my_robot_interfaces/hook/cmake_prefix_path.dsv'
[0.627s] INFO:colcon.colcon_core.shell:Creating environment hook '/home/breno/ros2_ws/install/my_robot_interfaces/share/my_robot_interfaces/hook/cmake_prefix_path.sh'
[0.627s] Level 1:colcon.colcon_core.environment:checking '/home/breno/ros2_ws/install/my_robot_interfaces/lib'
[0.628s] Level 1:colcon.colcon_core.shell:create_environment_hook('my_robot_interfaces', 'ld_library_path_lib')
[0.628s] INFO:colcon.colcon_core.shell:Creating environment hook '/home/breno/ros2_ws/install/my_robot_interfaces/share/my_robot_interfaces/hook/ld_library_path_lib.ps1'
[0.628s] INFO:colcon.colcon_core.shell:Creating environment descriptor '/home/breno/ros2_ws/install/my_robot_interfaces/share/my_robot_interfaces/hook/ld_library_path_lib.dsv'
[0.628s] INFO:colcon.colcon_core.shell:Creating environment hook '/home/breno/ros2_ws/install/my_robot_interfaces/share/my_robot_interfaces/hook/ld_library_path_lib.sh'
[0.629s] Level 1:colcon.colcon_core.environment:checking '/home/breno/ros2_ws/install/my_robot_interfaces/bin'
[0.629s] Level 1:colcon.colcon_core.environment:checking '/home/breno/ros2_ws/install/my_robot_interfaces/lib/pkgconfig/my_robot_interfaces.pc'
[0.629s] Level 1:colcon.colcon_core.environment:checking '/home/breno/ros2_ws/install/my_robot_interfaces/lib/python3.12/site-packages'
[0.629s] Level 1:colcon.colcon_core.shell:create_environment_hook('my_robot_interfaces', 'pythonpath')
[0.629s] INFO:colcon.colcon_core.shell:Creating environment hook '/home/breno/ros2_ws/install/my_robot_interfaces/share/my_robot_interfaces/hook/pythonpath.ps1'
[0.630s] INFO:colcon.colcon_core.shell:Creating environment descriptor '/home/breno/ros2_ws/install/my_robot_interfaces/share/my_robot_interfaces/hook/pythonpath.dsv'
[0.630s] INFO:colcon.colcon_core.shell:Creating environment hook '/home/breno/ros2_ws/install/my_robot_interfaces/share/my_robot_interfaces/hook/pythonpath.sh'
[0.631s] Level 1:colcon.colcon_core.environment:checking '/home/breno/ros2_ws/install/my_robot_interfaces/bin'
[0.631s] INFO:colcon.colcon_core.shell:Creating package script '/home/breno/ros2_ws/install/my_robot_interfaces/share/my_robot_interfaces/package.ps1'
[0.632s] INFO:colcon.colcon_core.shell:Creating package descriptor '/home/breno/ros2_ws/install/my_robot_interfaces/share/my_robot_interfaces/package.dsv'
[0.632s] INFO:colcon.colcon_core.shell:Creating package script '/home/breno/ros2_ws/install/my_robot_interfaces/share/my_robot_interfaces/package.sh'
[0.633s] INFO:colcon.colcon_core.shell:Creating package script '/home/breno/ros2_ws/install/my_robot_interfaces/share/my_robot_interfaces/package.bash'
[0.633s] INFO:colcon.colcon_core.shell:Creating package script '/home/breno/ros2_ws/install/my_robot_interfaces/share/my_robot_interfaces/package.zsh'
[0.634s] Level 1:colcon.colcon_core.environment:create_file_with_runtime_dependencies(/home/breno/ros2_ws/install/my_robot_interfaces/share/colcon-core/packages/my_robot_interfaces)
[0.634s] Level 1:colcon.colcon_core.environment:create_environment_scripts_only(my_robot_interfaces)
[0.635s] Level 1:colcon.colcon_core.environment:checking '/home/breno/ros2_ws/install/my_robot_interfaces' for CMake module files
[0.635s] Level 1:colcon.colcon_core.environment:checking '/home/breno/ros2_ws/install/my_robot_interfaces' for CMake config files
[0.636s] Level 1:colcon.colcon_core.shell:create_environment_hook('my_robot_interfaces', 'cmake_prefix_path')
[0.636s] INFO:colcon.colcon_core.shell:Creating environment hook '/home/breno/ros2_ws/install/my_robot_interfaces/share/my_robot_interfaces/hook/cmake_prefix_path.ps1'
[0.636s] INFO:colcon.colcon_core.shell:Creating environment descriptor '/home/breno/ros2_ws/install/my_robot_interfaces/share/my_robot_interfaces/hook/cmake_prefix_path.dsv'
[0.636s] INFO:colcon.colcon_core.shell:Creating environment hook '/home/breno/ros2_ws/install/my_robot_interfaces/share/my_robot_interfaces/hook/cmake_prefix_path.sh'
[0.636s] Level 1:colcon.colcon_core.environment:checking '/home/breno/ros2_ws/install/my_robot_interfaces/lib'
[0.637s] Level 1:colcon.colcon_core.shell:create_environment_hook('my_robot_interfaces', 'ld_library_path_lib')
[0.637s] INFO:colcon.colcon_core.shell:Creating environment hook '/home/breno/ros2_ws/install/my_robot_interfaces/share/my_robot_interfaces/hook/ld_library_path_lib.ps1'
[0.637s] INFO:colcon.colcon_core.shell:Creating environment descriptor '/home/breno/ros2_ws/install/my_robot_interfaces/share/my_robot_interfaces/hook/ld_library_path_lib.dsv'
[0.637s] INFO:colcon.colcon_core.shell:Creating environment hook '/home/breno/ros2_ws/install/my_robot_interfaces/share/my_robot_interfaces/hook/ld_library_path_lib.sh'
[0.637s] Level 1:colcon.colcon_core.environment:checking '/home/breno/ros2_ws/install/my_robot_interfaces/bin'
[0.637s] Level 1:colcon.colcon_core.environment:checking '/home/breno/ros2_ws/install/my_robot_interfaces/lib/pkgconfig/my_robot_interfaces.pc'
[0.638s] Level 1:colcon.colcon_core.environment:checking '/home/breno/ros2_ws/install/my_robot_interfaces/lib/python3.12/site-packages'
[0.638s] Level 1:colcon.colcon_core.shell:create_environment_hook('my_robot_interfaces', 'pythonpath')
[0.638s] INFO:colcon.colcon_core.shell:Creating environment hook '/home/breno/ros2_ws/install/my_robot_interfaces/share/my_robot_interfaces/hook/pythonpath.ps1'
[0.638s] INFO:colcon.colcon_core.shell:Creating environment descriptor '/home/breno/ros2_ws/install/my_robot_interfaces/share/my_robot_interfaces/hook/pythonpath.dsv'
[0.638s] INFO:colcon.colcon_core.shell:Creating environment hook '/home/breno/ros2_ws/install/my_robot_interfaces/share/my_robot_interfaces/hook/pythonpath.sh'
[0.639s] Level 1:colcon.colcon_core.environment:checking '/home/breno/ros2_ws/install/my_robot_interfaces/bin'
[0.639s] INFO:colcon.colcon_core.shell:Creating package script '/home/breno/ros2_ws/install/my_robot_interfaces/share/my_robot_interfaces/package.ps1'
[0.639s] INFO:colcon.colcon_core.shell:Creating package descriptor '/home/breno/ros2_ws/install/my_robot_interfaces/share/my_robot_interfaces/package.dsv'
[0.640s] INFO:colcon.colcon_core.shell:Creating package script '/home/breno/ros2_ws/install/my_robot_interfaces/share/my_robot_interfaces/package.sh'
[0.640s] INFO:colcon.colcon_core.shell:Creating package script '/home/breno/ros2_ws/install/my_robot_interfaces/share/my_robot_interfaces/package.bash'
[0.640s] INFO:colcon.colcon_core.shell:Creating package script '/home/breno/ros2_ws/install/my_robot_interfaces/share/my_robot_interfaces/package.zsh'
[0.640s] Level 1:colcon.colcon_core.environment:create_file_with_runtime_dependencies(/home/breno/ros2_ws/install/my_robot_interfaces/share/colcon-core/packages/my_robot_interfaces)
[0.641s] INFO:colcon.colcon_ros.task.ament_python.build:Building ROS package in '/home/breno/ros2_ws/src/my_py_pkg' with build type 'ament_python'
[0.641s] Level 1:colcon.colcon_core.shell:create_environment_hook('my_py_pkg', 'ament_prefix_path')
[0.641s] INFO:colcon.colcon_core.shell:Creating environment hook '/home/breno/ros2_ws/install/my_py_pkg/share/my_py_pkg/hook/ament_prefix_path.ps1'
[0.642s] INFO:colcon.colcon_core.shell:Creating environment descriptor '/home/breno/ros2_ws/install/my_py_pkg/share/my_py_pkg/hook/ament_prefix_path.dsv'
[0.642s] INFO:colcon.colcon_core.shell:Creating environment hook '/home/breno/ros2_ws/install/my_py_pkg/share/my_py_pkg/hook/ament_prefix_path.sh'
[0.642s] INFO:colcon.colcon_core.shell:Skip shell extension 'powershell' for command environment: Not usable outside of PowerShell
[0.642s] DEBUG:colcon.colcon_core.shell:Skip shell extension 'dsv' for command environment
[0.822s] INFO:colcon.colcon_core.task.python.build:Building Python package in '/home/breno/ros2_ws/src/my_py_pkg'
[0.822s] INFO:colcon.colcon_core.shell:Skip shell extension 'powershell' for command environment: Not usable outside of PowerShell
[0.822s] DEBUG:colcon.colcon_core.shell:Skip shell extension 'dsv' for command environment
[1.204s] DEBUG:colcon.colcon_core.event_handler.log_command:Invoked command in '/home/breno/ros2_ws/build/my_cpp_pkg' returned '0': CMAKE_PREFIX_PATH=${CMAKE_PREFIX_PATH}:/home/breno/ros2_ws/install/my_py_pkg:/opt/ros/jazzy DEBUGINFOD_URLS=https://debuginfod.ubuntu.com /usr/bin/cmake /home/breno/ros2_ws/src/my_cpp_pkg -DCMAKE_INSTALL_PREFIX=/home/breno/ros2_ws/install/my_cpp_pkg
[1.204s] DEBUG:colcon.colcon_core.event_handler.log_command:Invoking command in '/home/breno/ros2_ws/build/my_cpp_pkg': CMAKE_PREFIX_PATH=${CMAKE_PREFIX_PATH}:/home/breno/ros2_ws/install/my_py_pkg:/opt/ros/jazzy DEBUGINFOD_URLS=https://debuginfod.ubuntu.com /usr/bin/cmake --build /home/breno/ros2_ws/build/my_cpp_pkg -- -j16 -l16
[1.244s] DEBUG:colcon.colcon_core.event_handler.log_command:Invoked command in '/home/breno/ros2_ws/build/my_cpp_pkg' returned '0': CMAKE_PREFIX_PATH=${CMAKE_PREFIX_PATH}:/home/breno/ros2_ws/install/my_py_pkg:/opt/ros/jazzy DEBUGINFOD_URLS=https://debuginfod.ubuntu.com /usr/bin/cmake --build /home/breno/ros2_ws/build/my_cpp_pkg -- -j16 -l16
[1.245s] DEBUG:colcon.colcon_core.event_handler.log_command:Invoking command in '/home/breno/ros2_ws/build/my_cpp_pkg': CMAKE_PREFIX_PATH=${CMAKE_PREFIX_PATH}:/home/breno/ros2_ws/install/my_py_pkg:/opt/ros/jazzy DEBUGINFOD_URLS=https://debuginfod.ubuntu.com /usr/bin/cmake --install /home/breno/ros2_ws/build/my_cpp_pkg
[1.256s] Level 1:colcon.colcon_core.environment:create_environment_scripts_only(my_cpp_pkg)
[1.256s] DEBUG:colcon.colcon_core.event_handler.log_command:Invoked command in '/home/breno/ros2_ws/build/my_cpp_pkg' returned '0': CMAKE_PREFIX_PATH=${CMAKE_PREFIX_PATH}:/home/breno/ros2_ws/install/my_py_pkg:/opt/ros/jazzy DEBUGINFOD_URLS=https://debuginfod.ubuntu.com /usr/bin/cmake --install /home/breno/ros2_ws/build/my_cpp_pkg
[1.256s] Level 1:colcon.colcon_core.environment:checking '/home/breno/ros2_ws/install/my_cpp_pkg' for CMake module files
[1.256s] Level 1:colcon.colcon_core.environment:checking '/home/breno/ros2_ws/install/my_cpp_pkg' for CMake config files
[1.257s] Level 1:colcon.colcon_core.shell:create_environment_hook('my_cpp_pkg', 'cmake_prefix_path')
[1.257s] INFO:colcon.colcon_core.shell:Creating environment hook '/home/breno/ros2_ws/install/my_cpp_pkg/share/my_cpp_pkg/hook/cmake_prefix_path.ps1'
[1.257s] INFO:colcon.colcon_core.shell:Creating environment descriptor '/home/breno/ros2_ws/install/my_cpp_pkg/share/my_cpp_pkg/hook/cmake_prefix_path.dsv'
[1.257s] INFO:colcon.colcon_core.shell:Creating environment hook '/home/breno/ros2_ws/install/my_cpp_pkg/share/my_cpp_pkg/hook/cmake_prefix_path.sh'
[1.258s] Level 1:colcon.colcon_core.environment:checking '/home/breno/ros2_ws/install/my_cpp_pkg/bin'
[1.258s] Level 1:colcon.colcon_core.environment:checking '/home/breno/ros2_ws/install/my_cpp_pkg/lib/pkgconfig/my_cpp_pkg.pc'
[1.258s] Level 1:colcon.colcon_core.environment:checking '/home/breno/ros2_ws/install/my_cpp_pkg/lib/python3.12/site-packages'
[1.258s] Level 1:colcon.colcon_core.environment:checking '/home/breno/ros2_ws/install/my_cpp_pkg/bin'
[1.259s] INFO:colcon.colcon_core.shell:Creating package script '/home/breno/ros2_ws/install/my_cpp_pkg/share/my_cpp_pkg/package.ps1'
[1.259s] INFO:colcon.colcon_core.shell:Creating package descriptor '/home/breno/ros2_ws/install/my_cpp_pkg/share/my_cpp_pkg/package.dsv'
[1.260s] INFO:colcon.colcon_core.shell:Creating package script '/home/breno/ros2_ws/install/my_cpp_pkg/share/my_cpp_pkg/package.sh'
[1.260s] INFO:colcon.colcon_core.shell:Creating package script '/home/breno/ros2_ws/install/my_cpp_pkg/share/my_cpp_pkg/package.bash'
[1.260s] INFO:colcon.colcon_core.shell:Creating package script '/home/breno/ros2_ws/install/my_cpp_pkg/share/my_cpp_pkg/package.zsh'
[1.261s] Level 1:colcon.colcon_core.environment:create_file_with_runtime_dependencies(/home/breno/ros2_ws/install/my_cpp_pkg/share/colcon-core/packages/my_cpp_pkg)
[1.261s] Level 1:colcon.colcon_core.environment:create_environment_scripts_only(my_cpp_pkg)
[1.261s] Level 1:colcon.colcon_core.environment:checking '/home/breno/ros2_ws/install/my_cpp_pkg' for CMake module files
[1.261s] Level 1:colcon.colcon_core.environment:checking '/home/breno/ros2_ws/install/my_cpp_pkg' for CMake config files
[1.262s] Level 1:colcon.colcon_core.shell:create_environment_hook('my_cpp_pkg', 'cmake_prefix_path')
[1.262s] INFO:colcon.colcon_core.shell:Creating environment hook '/home/breno/ros2_ws/install/my_cpp_pkg/share/my_cpp_pkg/hook/cmake_prefix_path.ps1'
[1.262s] INFO:colcon.colcon_core.shell:Creating environment descriptor '/home/breno/ros2_ws/install/my_cpp_pkg/share/my_cpp_pkg/hook/cmake_prefix_path.dsv'
[1.262s] INFO:colcon.colcon_core.shell:Creating environment hook '/home/breno/ros2_ws/install/my_cpp_pkg/share/my_cpp_pkg/hook/cmake_prefix_path.sh'
[1.263s] Level 1:colcon.colcon_core.environment:checking '/home/breno/ros2_ws/install/my_cpp_pkg/bin'
[1.263s] Level 1:colcon.colcon_core.environment:checking '/home/breno/ros2_ws/install/my_cpp_pkg/lib/pkgconfig/my_cpp_pkg.pc'
[1.263s] Level 1:colcon.colcon_core.environment:checking '/home/breno/ros2_ws/install/my_cpp_pkg/lib/python3.12/site-packages'
[1.263s] Level 1:colcon.colcon_core.environment:checking '/home/breno/ros2_ws/install/my_cpp_pkg/bin'
[1.263s] INFO:colcon.colcon_core.shell:Creating package script '/home/breno/ros2_ws/install/my_cpp_pkg/share/my_cpp_pkg/package.ps1'
[1.263s] INFO:colcon.colcon_core.shell:Creating package descriptor '/home/breno/ros2_ws/install/my_cpp_pkg/share/my_cpp_pkg/package.dsv'
[1.264s] INFO:colcon.colcon_core.shell:Creating package script '/home/breno/ros2_ws/install/my_cpp_pkg/share/my_cpp_pkg/package.sh'
[1.264s] INFO:colcon.colcon_core.shell:Creating package script '/home/breno/ros2_ws/install/my_cpp_pkg/share/my_cpp_pkg/package.bash'
[1.264s] INFO:colcon.colcon_core.shell:Creating package script '/home/breno/ros2_ws/install/my_cpp_pkg/share/my_cpp_pkg/package.zsh'
[1.265s] Level 1:colcon.colcon_core.environment:create_file_with_runtime_dependencies(/home/breno/ros2_ws/install/my_cpp_pkg/share/colcon-core/packages/my_cpp_pkg)
[1.311s] DEBUG:colcon.colcon_core.event_handler.log_command:Invoking command in '/home/breno/ros2_ws/build/my_py_pkg': CMAKE_PREFIX_PATH=/home/breno/ros2_ws/install/my_robot_interfaces:/home/breno/ros2_ws/install/my_robot_bringup:/opt/ros/jazzy/opt/gz_math_vendor:/opt/ros/jazzy/opt/gz_utils_vendor:/opt/ros/jazzy/opt/gz_cmake_vendor DEBUGINFOD_URLS=https://debuginfod.ubuntu.com PYTHONPATH=/home/breno/ros2_ws/build/my_py_pkg/prefix_override:/usr/lib/python3/dist-packages/colcon_core/task/python/colcon_distutils_commands:/home/breno/ros2_ws/install/my_py_pkg/lib/python3.12/site-packages:/home/breno/ros2_ws/install/my_robot_interfaces/lib/python3.12/site-packages:/home/breno/ros2_ws/build/my_py_pkg:/home/breno/ros2_ws/install/my_py_pkg/lib/python3.12/site-packages:/opt/ros/jazzy/lib/python3.12/site-packages /usr/bin/python3 -W ignore:setup.py install is deprecated -W ignore:easy_install command is deprecated setup.py develop --uninstall --editable --build-directory /home/breno/ros2_ws/build/my_py_pkg/build
[1.754s] DEBUG:colcon.colcon_core.event_handler.log_command:Invoked command in '/home/breno/ros2_ws/build/my_py_pkg' returned '0': CMAKE_PREFIX_PATH=/home/breno/ros2_ws/install/my_robot_interfaces:/home/breno/ros2_ws/install/my_robot_bringup:/opt/ros/jazzy/opt/gz_math_vendor:/opt/ros/jazzy/opt/gz_utils_vendor:/opt/ros/jazzy/opt/gz_cmake_vendor DEBUGINFOD_URLS=https://debuginfod.ubuntu.com PYTHONPATH=/home/breno/ros2_ws/build/my_py_pkg/prefix_override:/usr/lib/python3/dist-packages/colcon_core/task/python/colcon_distutils_commands:/home/breno/ros2_ws/install/my_py_pkg/lib/python3.12/site-packages:/home/breno/ros2_ws/install/my_robot_interfaces/lib/python3.12/site-packages:/home/breno/ros2_ws/build/my_py_pkg:/home/breno/ros2_ws/install/my_py_pkg/lib/python3.12/site-packages:/opt/ros/jazzy/lib/python3.12/site-packages /usr/bin/python3 -W ignore:setup.py install is deprecated -W ignore:easy_install command is deprecated setup.py develop --uninstall --editable --build-directory /home/breno/ros2_ws/build/my_py_pkg/build
[1.755s] DEBUG:colcon.colcon_core.event_handler.log_command:Invoking command in '/home/breno/ros2_ws/src/my_py_pkg': CMAKE_PREFIX_PATH=/home/breno/ros2_ws/install/my_robot_interfaces:/home/breno/ros2_ws/install/my_robot_bringup:/opt/ros/jazzy/opt/gz_math_vendor:/opt/ros/jazzy/opt/gz_utils_vendor:/opt/ros/jazzy/opt/gz_cmake_vendor DEBUGINFOD_URLS=https://debuginfod.ubuntu.com PYTHONPATH=/home/breno/ros2_ws/build/my_py_pkg/prefix_override:/usr/lib/python3/dist-packages/colcon_core/task/python/colcon_distutils_commands:/home/breno/ros2_ws/install/my_py_pkg/lib/python3.12/site-packages:/home/breno/ros2_ws/install/my_robot_interfaces/lib/python3.12/site-packages:/home/breno/ros2_ws/build/my_py_pkg:/home/breno/ros2_ws/install/my_py_pkg/lib/python3.12/site-packages:/opt/ros/jazzy/lib/python3.12/site-packages /usr/bin/python3 -W ignore:setup.py install is deprecated -W ignore:easy_install command is deprecated setup.py egg_info --egg-base ../../build/my_py_pkg build --build-base /home/breno/ros2_ws/build/my_py_pkg/build install --record /home/breno/ros2_ws/build/my_py_pkg/install.log --single-version-externally-managed install_data --force
[2.218s] Level 1:colcon.colcon_core.environment:checking '/home/breno/ros2_ws/install/my_py_pkg' for CMake module files
[2.218s] DEBUG:colcon.colcon_core.event_handler.log_command:Invoked command in '/home/breno/ros2_ws/src/my_py_pkg' returned '0': CMAKE_PREFIX_PATH=/home/breno/ros2_ws/install/my_robot_interfaces:/home/breno/ros2_ws/install/my_robot_bringup:/opt/ros/jazzy/opt/gz_math_vendor:/opt/ros/jazzy/opt/gz_utils_vendor:/opt/ros/jazzy/opt/gz_cmake_vendor DEBUGINFOD_URLS=https://debuginfod.ubuntu.com PYTHONPATH=/home/breno/ros2_ws/build/my_py_pkg/prefix_override:/usr/lib/python3/dist-packages/colcon_core/task/python/colcon_distutils_commands:/home/breno/ros2_ws/install/my_py_pkg/lib/python3.12/site-packages:/home/breno/ros2_ws/install/my_robot_interfaces/lib/python3.12/site-packages:/home/breno/ros2_ws/build/my_py_pkg:/home/breno/ros2_ws/install/my_py_pkg/lib/python3.12/site-packages:/opt/ros/jazzy/lib/python3.12/site-packages /usr/bin/python3 -W ignore:setup.py install is deprecated -W ignore:easy_install command is deprecated setup.py egg_info --egg-base ../../build/my_py_pkg build --build-base /home/breno/ros2_ws/build/my_py_pkg/build install --record /home/breno/ros2_ws/build/my_py_pkg/install.log --single-version-externally-managed install_data --force
[2.219s] Level 1:colcon.colcon_core.environment:checking '/home/breno/ros2_ws/install/my_py_pkg' for CMake config files
[2.219s] Level 1:colcon.colcon_core.environment:checking '/home/breno/ros2_ws/install/my_py_pkg/lib'
[2.219s] Level 1:colcon.colcon_core.environment:checking '/home/breno/ros2_ws/install/my_py_pkg/bin'
[2.219s] Level 1:colcon.colcon_core.environment:checking '/home/breno/ros2_ws/install/my_py_pkg/lib/pkgconfig/my_py_pkg.pc'
[2.219s] Level 1:colcon.colcon_core.environment:checking '/home/breno/ros2_ws/install/my_py_pkg/lib/python3.12/site-packages'
[2.219s] Level 1:colcon.colcon_core.shell:create_environment_hook('my_py_pkg', 'pythonpath')
[2.220s] INFO:colcon.colcon_core.shell:Creating environment hook '/home/breno/ros2_ws/install/my_py_pkg/share/my_py_pkg/hook/pythonpath.ps1'
[2.220s] INFO:colcon.colcon_core.shell:Creating environment descriptor '/home/breno/ros2_ws/install/my_py_pkg/share/my_py_pkg/hook/pythonpath.dsv'
[2.220s] INFO:colcon.colcon_core.shell:Creating environment hook '/home/breno/ros2_ws/install/my_py_pkg/share/my_py_pkg/hook/pythonpath.sh'
[2.221s] Level 1:colcon.colcon_core.environment:checking '/home/breno/ros2_ws/install/my_py_pkg/bin'
[2.221s] Level 1:colcon.colcon_core.environment:create_environment_scripts_only(my_py_pkg)
[2.221s] INFO:colcon.colcon_core.shell:Creating package script '/home/breno/ros2_ws/install/my_py_pkg/share/my_py_pkg/package.ps1'
[2.221s] INFO:colcon.colcon_core.shell:Creating package descriptor '/home/breno/ros2_ws/install/my_py_pkg/share/my_py_pkg/package.dsv'
[2.222s] INFO:colcon.colcon_core.shell:Creating package script '/home/breno/ros2_ws/install/my_py_pkg/share/my_py_pkg/package.sh'
[2.222s] INFO:colcon.colcon_core.shell:Creating package script '/home/breno/ros2_ws/install/my_py_pkg/share/my_py_pkg/package.bash'
[2.222s] INFO:colcon.colcon_core.shell:Creating package script '/home/breno/ros2_ws/install/my_py_pkg/share/my_py_pkg/package.zsh'
[2.222s] Level 1:colcon.colcon_core.environment:create_file_with_runtime_dependencies(/home/breno/ros2_ws/install/my_py_pkg/share/colcon-core/packages/my_py_pkg)
[2.223s] INFO:colcon.colcon_ros.task.ament_cmake.build:Building ROS package in '/home/breno/ros2_ws/src/my_robot_bringup' with build type 'ament_cmake'
[2.223s] INFO:colcon.colcon_cmake.task.cmake.build:Building CMake package in '/home/breno/ros2_ws/src/my_robot_bringup'
[2.223s] INFO:colcon.colcon_core.shell:Skip shell extension 'powershell' for command environment: Not usable outside of PowerShell
[2.223s] DEBUG:colcon.colcon_core.shell:Skip shell extension 'dsv' for command environment
[2.233s] DEBUG:colcon.colcon_core.event_handler.log_command:Invoking command in '/home/breno/ros2_ws/build/my_robot_bringup': AMENT_PREFIX_PATH=/home/breno/ros2_ws/install/my_py_pkg:/home/breno/ros2_ws/install/my_robot_bringup:/home/breno/ros2_ws/install/my_robot_interfaces:/opt/ros/jazzy CMAKE_PREFIX_PATH=/home/breno/ros2_ws/install/my_robot_interfaces:/home/breno/ros2_ws/install/my_robot_bringup:/opt/ros/jazzy/opt/gz_math_vendor:/opt/ros/jazzy/opt/gz_utils_vendor:/opt/ros/jazzy/opt/gz_cmake_vendor:/home/breno/ros2_ws/install/my_py_pkg:/opt/ros/jazzy DEBUGINFOD_URLS=https://debuginfod.ubuntu.com PYTHONPATH=/home/breno/ros2_ws/install/my_py_pkg/lib/python3.12/site-packages:/home/breno/ros2_ws/install/my_robot_interfaces/lib/python3.12/site-packages:/home/breno/ros2_ws/build/my_py_pkg:/opt/ros/jazzy/lib/python3.12/site-packages /usr/bin/cmake --build /home/breno/ros2_ws/build/my_robot_bringup -- -j16 -l16
[2.269s] DEBUG:colcon.colcon_core.event_handler.log_command:Invoked command in '/home/breno/ros2_ws/build/my_robot_bringup' returned '0': AMENT_PREFIX_PATH=/home/breno/ros2_ws/install/my_py_pkg:/home/breno/ros2_ws/install/my_robot_bringup:/home/breno/ros2_ws/install/my_robot_interfaces:/opt/ros/jazzy CMAKE_PREFIX_PATH=/home/breno/ros2_ws/install/my_robot_interfaces:/home/breno/ros2_ws/install/my_robot_bringup:/opt/ros/jazzy/opt/gz_math_vendor:/opt/ros/jazzy/opt/gz_utils_vendor:/opt/ros/jazzy/opt/gz_cmake_vendor:/home/breno/ros2_ws/install/my_py_pkg:/opt/ros/jazzy DEBUGINFOD_URLS=https://debuginfod.ubuntu.com PYTHONPATH=/home/breno/ros2_ws/install/my_py_pkg/lib/python3.12/site-packages:/home/breno/ros2_ws/install/my_robot_interfaces/lib/python3.12/site-packages:/home/breno/ros2_ws/build/my_py_pkg:/opt/ros/jazzy/lib/python3.12/site-packages /usr/bin/cmake --build /home/breno/ros2_ws/build/my_robot_bringup -- -j16 -l16
[2.270s] DEBUG:colcon.colcon_core.event_handler.log_command:Invoking command in '/home/breno/ros2_ws/build/my_robot_bringup': AMENT_PREFIX_PATH=/home/breno/ros2_ws/install/my_py_pkg:/home/breno/ros2_ws/install/my_robot_bringup:/home/breno/ros2_ws/install/my_robot_interfaces:/opt/ros/jazzy CMAKE_PREFIX_PATH=/home/breno/ros2_ws/install/my_robot_interfaces:/home/breno/ros2_ws/install/my_robot_bringup:/opt/ros/jazzy/opt/gz_math_vendor:/opt/ros/jazzy/opt/gz_utils_vendor:/opt/ros/jazzy/opt/gz_cmake_vendor:/home/breno/ros2_ws/install/my_py_pkg:/opt/ros/jazzy DEBUGINFOD_URLS=https://debuginfod.ubuntu.com PYTHONPATH=/home/breno/ros2_ws/install/my_py_pkg/lib/python3.12/site-packages:/home/breno/ros2_ws/install/my_robot_interfaces/lib/python3.12/site-packages:/home/breno/ros2_ws/build/my_py_pkg:/opt/ros/jazzy/lib/python3.12/site-packages /usr/bin/cmake --install /home/breno/ros2_ws/build/my_robot_bringup
[2.280s] Level 1:colcon.colcon_core.environment:create_environment_scripts_only(my_robot_bringup)
[2.280s] DEBUG:colcon.colcon_core.event_handler.log_command:Invoked command in '/home/breno/ros2_ws/build/my_robot_bringup' returned '0': AMENT_PREFIX_PATH=/home/breno/ros2_ws/install/my_py_pkg:/home/breno/ros2_ws/install/my_robot_bringup:/home/breno/ros2_ws/install/my_robot_interfaces:/opt/ros/jazzy CMAKE_PREFIX_PATH=/home/breno/ros2_ws/install/my_robot_interfaces:/home/breno/ros2_ws/install/my_robot_bringup:/opt/ros/jazzy/opt/gz_math_vendor:/opt/ros/jazzy/opt/gz_utils_vendor:/opt/ros/jazzy/opt/gz_cmake_vendor:/home/breno/ros2_ws/install/my_py_pkg:/opt/ros/jazzy DEBUGINFOD_URLS=https://debuginfod.ubuntu.com PYTHONPATH=/home/breno/ros2_ws/install/my_py_pkg/lib/python3.12/site-packages:/home/breno/ros2_ws/install/my_robot_interfaces/lib/python3.12/site-packages:/home/breno/ros2_ws/build/my_py_pkg:/opt/ros/jazzy/lib/python3.12/site-packages /usr/bin/cmake --install /home/breno/ros2_ws/build/my_robot_bringup
[2.280s] Level 1:colcon.colcon_core.environment:checking '/home/breno/ros2_ws/install/my_robot_bringup' for CMake module files
[2.281s] Level 1:colcon.colcon_core.environment:checking '/home/breno/ros2_ws/install/my_robot_bringup' for CMake config files
[2.281s] Level 1:colcon.colcon_core.shell:create_environment_hook('my_robot_bringup', 'cmake_prefix_path')
[2.281s] INFO:colcon.colcon_core.shell:Creating environment hook '/home/breno/ros2_ws/install/my_robot_bringup/share/my_robot_bringup/hook/cmake_prefix_path.ps1'
[2.282s] INFO:colcon.colcon_core.shell:Creating environment descriptor '/home/breno/ros2_ws/install/my_robot_bringup/share/my_robot_bringup/hook/cmake_prefix_path.dsv'
[2.282s] INFO:colcon.colcon_core.shell:Creating environment hook '/home/breno/ros2_ws/install/my_robot_bringup/share/my_robot_bringup/hook/cmake_prefix_path.sh'
[2.282s] Level 1:colcon.colcon_core.environment:checking '/home/breno/ros2_ws/install/my_robot_bringup/bin'
[2.282s] Level 1:colcon.colcon_core.environment:checking '/home/breno/ros2_ws/install/my_robot_bringup/lib/pkgconfig/my_robot_bringup.pc'
[2.283s] Level 1:colcon.colcon_core.environment:checking '/home/breno/ros2_ws/install/my_robot_bringup/lib/python3.12/site-packages'
[2.283s] Level 1:colcon.colcon_core.environment:checking '/home/breno/ros2_ws/install/my_robot_bringup/bin'
[2.283s] INFO:colcon.colcon_core.shell:Creating package script '/home/breno/ros2_ws/install/my_robot_bringup/share/my_robot_bringup/package.ps1'
[2.283s] INFO:colcon.colcon_core.shell:Creating package descriptor '/home/breno/ros2_ws/install/my_robot_bringup/share/my_robot_bringup/package.dsv'
[2.284s] INFO:colcon.colcon_core.shell:Creating package script '/home/breno/ros2_ws/install/my_robot_bringup/share/my_robot_bringup/package.sh'
[2.284s] INFO:colcon.colcon_core.shell:Creating package script '/home/breno/ros2_ws/install/my_robot_bringup/share/my_robot_bringup/package.bash'
[2.284s] INFO:colcon.colcon_core.shell:Creating package script '/home/breno/ros2_ws/install/my_robot_bringup/share/my_robot_bringup/package.zsh'
[2.284s] Level 1:colcon.colcon_core.environment:create_file_with_runtime_dependencies(/home/breno/ros2_ws/install/my_robot_bringup/share/colcon-core/packages/my_robot_bringup)
[2.285s] Level 1:colcon.colcon_core.environment:create_environment_scripts_only(my_robot_bringup)
[2.285s] Level 1:colcon.colcon_core.environment:checking '/home/breno/ros2_ws/install/my_robot_bringup' for CMake module files
[2.285s] Level 1:colcon.colcon_core.environment:checking '/home/breno/ros2_ws/install/my_robot_bringup' for CMake config files
[2.285s] Level 1:colcon.colcon_core.shell:create_environment_hook('my_robot_bringup', 'cmake_prefix_path')
[2.285s] INFO:colcon.colcon_core.shell:Creating environment hook '/home/breno/ros2_ws/install/my_robot_bringup/share/my_robot_bringup/hook/cmake_prefix_path.ps1'
[2.286s] INFO:colcon.colcon_core.shell:Creating environment descriptor '/home/breno/ros2_ws/install/my_robot_bringup/share/my_robot_bringup/hook/cmake_prefix_path.dsv'
[2.286s] INFO:colcon.colcon_core.shell:Creating environment hook '/home/breno/ros2_ws/install/my_robot_bringup/share/my_robot_bringup/hook/cmake_prefix_path.sh'
[2.286s] Level 1:colcon.colcon_core.environment:checking '/home/breno/ros2_ws/install/my_robot_bringup/bin'
[2.286s] Level 1:colcon.colcon_core.environment:checking '/home/breno/ros2_ws/install/my_robot_bringup/lib/pkgconfig/my_robot_bringup.pc'
[2.286s] Level 1:colcon.colcon_core.environment:checking '/home/breno/ros2_ws/install/my_robot_bringup/lib/python3.12/site-packages'
[2.287s] Level 1:colcon.colcon_core.environment:checking '/home/breno/ros2_ws/install/my_robot_bringup/bin'
[2.287s] INFO:colcon.colcon_core.shell:Creating package script '/home/breno/ros2_ws/install/my_robot_bringup/share/my_robot_bringup/package.ps1'
[2.287s] INFO:colcon.colcon_core.shell:Creating package descriptor '/home/breno/ros2_ws/install/my_robot_bringup/share/my_robot_bringup/package.dsv'
[2.287s] INFO:colcon.colcon_core.shell:Creating package script '/home/breno/ros2_ws/install/my_robot_bringup/share/my_robot_bringup/package.sh'
[2.288s] INFO:colcon.colcon_core.shell:Creating package script '/home/breno/ros2_ws/install/my_robot_bringup/share/my_robot_bringup/package.bash'
[2.288s] INFO:colcon.colcon_core.shell:Creating package script '/home/breno/ros2_ws/install/my_robot_bringup/share/my_robot_bringup/package.zsh'
[2.288s] Level 1:colcon.colcon_core.environment:create_file_with_runtime_dependencies(/home/breno/ros2_ws/install/my_robot_bringup/share/colcon-core/packages/my_robot_bringup)
[2.288s] DEBUG:colcon.colcon_parallel_executor.executor.parallel:closing loop
[2.289s] DEBUG:colcon.colcon_parallel_executor.executor.parallel:loop closed
[2.289s] DEBUG:colcon.colcon_parallel_executor.executor.parallel:run_until_complete finished with '0'
[2.289s] DEBUG:colcon.colcon_core.event_reactor:joining thread
[2.294s] INFO:colcon.colcon_core.plugin_system:Skipping extension 'colcon_notification.desktop_notification.terminal_notifier': Not used on non-Darwin systems
[2.294s] INFO:colcon.colcon_core.plugin_system:Skipping extension 'colcon_notification.desktop_notification.win32': Not used on non-Windows systems
[2.294s] INFO:colcon.colcon_notification.desktop_notification:Sending desktop notification using 'notify2'
[2.307s] DEBUG:colcon.colcon_core.event_reactor:joined thread
[2.307s] INFO:colcon.colcon_core.shell:Creating prefix script '/home/breno/ros2_ws/install/local_setup.ps1'
[2.308s] INFO:colcon.colcon_core.shell:Creating prefix util module '/home/breno/ros2_ws/install/_local_setup_util_ps1.py'
[2.308s] INFO:colcon.colcon_core.shell:Creating prefix chain script '/home/breno/ros2_ws/install/setup.ps1'
[2.309s] INFO:colcon.colcon_core.shell:Creating prefix script '/home/breno/ros2_ws/install/local_setup.sh'
[2.310s] INFO:colcon.colcon_core.shell:Creating prefix util module '/home/breno/ros2_ws/install/_local_setup_util_sh.py'
[2.310s] INFO:colcon.colcon_core.shell:Creating prefix chain script '/home/breno/ros2_ws/install/setup.sh'
[2.311s] INFO:colcon.colcon_core.shell:Creating prefix script '/home/breno/ros2_ws/install/local_setup.bash'
[2.311s] INFO:colcon.colcon_core.shell:Creating prefix chain script '/home/breno/ros2_ws/install/setup.bash'
[2.312s] INFO:colcon.colcon_core.shell:Creating prefix script '/home/breno/ros2_ws/install/local_setup.zsh'
[2.312s] INFO:colcon.colcon_core.shell:Creating prefix chain script '/home/breno/ros2_ws/install/setup.zsh'
