[0.577s] Invoking command in '/home/breno/ros2_ws/build/my_py_pkg': DEBUGINFOD_URLS=https://debuginfod.ubuntu.com PYTHONPATH=/home/breno/ros2_ws/build/my_py_pkg/prefix_override:/usr/lib/python3/dist-packages/colcon_core/task/python/colcon_distutils_commands:/home/breno/ros2_ws/install/my_py_pkg/lib/python3.12/site-packages:${PYTHONPATH} /usr/bin/python3 -W ignore:setup.py install is deprecated -W ignore:easy_install command is deprecated setup.py develop --uninstall --editable --build-directory /home/breno/ros2_ws/build/my_py_pkg/build
[0.796s] running develop
[0.949s] Removing /home/breno/ros2_ws/install/my_py_pkg/lib/python3.12/site-packages/my-py-pkg.egg-link (link to .)
[0.969s] Invoked command in '/home/breno/ros2_ws/build/my_py_pkg' returned '0': DEBUGINFOD_URLS=https://debuginfod.ubuntu.com PYTHONPATH=/home/breno/ros2_ws/build/my_py_pkg/prefix_override:/usr/lib/python3/dist-packages/colcon_core/task/python/colcon_distutils_commands:/home/breno/ros2_ws/install/my_py_pkg/lib/python3.12/site-packages:${PYTHONPATH} /usr/bin/python3 -W ignore:setup.py install is deprecated -W ignore:easy_install command is deprecated setup.py develop --uninstall --editable --build-directory /home/breno/ros2_ws/build/my_py_pkg/build
[0.970s] Invoking command in '/home/breno/ros2_ws/src/my_py_pkg': DEBUGINFOD_URLS=https://debuginfod.ubuntu.com PYTHONPATH=/home/breno/ros2_ws/build/my_py_pkg/prefix_override:/usr/lib/python3/dist-packages/colcon_core/task/python/colcon_distutils_commands:/home/breno/ros2_ws/install/my_py_pkg/lib/python3.12/site-packages:${PYTHONPATH} /usr/bin/python3 -W ignore:setup.py install is deprecated -W ignore:easy_install command is deprecated setup.py egg_info --egg-base ../../build/my_py_pkg build --build-base /home/breno/ros2_ws/build/my_py_pkg/build install --record /home/breno/ros2_ws/build/my_py_pkg/install.log --single-version-externally-managed install_data --force
[1.165s] running egg_info
[1.179s] writing ../../build/my_py_pkg/my_py_pkg.egg-info/PKG-INFO
[1.179s] writing dependency_links to ../../build/my_py_pkg/my_py_pkg.egg-info/dependency_links.txt
[1.180s] writing entry points to ../../build/my_py_pkg/my_py_pkg.egg-info/entry_points.txt
[1.180s] writing requirements to ../../build/my_py_pkg/my_py_pkg.egg-info/requires.txt
[1.180s] writing top-level names to ../../build/my_py_pkg/my_py_pkg.egg-info/top_level.txt
[1.210s] reading manifest file '../../build/my_py_pkg/my_py_pkg.egg-info/SOURCES.txt'
[1.211s] writing manifest file '../../build/my_py_pkg/my_py_pkg.egg-info/SOURCES.txt'
[1.211s] running build
[1.211s] running build_py
[1.211s] creating /home/breno/ros2_ws/build/my_py_pkg/build
[1.211s] creating /home/breno/ros2_ws/build/my_py_pkg/build/lib
[1.211s] creating /home/breno/ros2_ws/build/my_py_pkg/build/lib/my_py_pkg
[1.212s] copying my_py_pkg/__init__.py -> /home/breno/ros2_ws/build/my_py_pkg/build/lib/my_py_pkg
[1.212s] copying my_py_pkg/number_publisher.py -> /home/breno/ros2_ws/build/my_py_pkg/build/lib/my_py_pkg
[1.212s] copying my_py_pkg/robot_news_station.py -> /home/breno/ros2_ws/build/my_py_pkg/build/lib/my_py_pkg
[1.212s] copying my_py_pkg/my_first_node.py -> /home/breno/ros2_ws/build/my_py_pkg/build/lib/my_py_pkg
[1.212s] copying my_py_pkg/template_python_node.py -> /home/breno/ros2_ws/build/my_py_pkg/build/lib/my_py_pkg
[1.212s] copying my_py_pkg/smartphone.py -> /home/breno/ros2_ws/build/my_py_pkg/build/lib/my_py_pkg
[1.212s] running install
[1.217s] running install_lib
[1.232s] creating /home/breno/ros2_ws/install/my_py_pkg/lib/python3.12/site-packages/my_py_pkg
[1.232s] copying /home/breno/ros2_ws/build/my_py_pkg/build/lib/my_py_pkg/__init__.py -> /home/breno/ros2_ws/install/my_py_pkg/lib/python3.12/site-packages/my_py_pkg
[1.232s] copying /home/breno/ros2_ws/build/my_py_pkg/build/lib/my_py_pkg/number_publisher.py -> /home/breno/ros2_ws/install/my_py_pkg/lib/python3.12/site-packages/my_py_pkg
[1.232s] copying /home/breno/ros2_ws/build/my_py_pkg/build/lib/my_py_pkg/robot_news_station.py -> /home/breno/ros2_ws/install/my_py_pkg/lib/python3.12/site-packages/my_py_pkg
[1.232s] copying /home/breno/ros2_ws/build/my_py_pkg/build/lib/my_py_pkg/my_first_node.py -> /home/breno/ros2_ws/install/my_py_pkg/lib/python3.12/site-packages/my_py_pkg
[1.233s] copying /home/breno/ros2_ws/build/my_py_pkg/build/lib/my_py_pkg/template_python_node.py -> /home/breno/ros2_ws/install/my_py_pkg/lib/python3.12/site-packages/my_py_pkg
[1.233s] copying /home/breno/ros2_ws/build/my_py_pkg/build/lib/my_py_pkg/smartphone.py -> /home/breno/ros2_ws/install/my_py_pkg/lib/python3.12/site-packages/my_py_pkg
[1.233s] byte-compiling /home/breno/ros2_ws/install/my_py_pkg/lib/python3.12/site-packages/my_py_pkg/__init__.py to __init__.cpython-312.pyc
[1.233s] byte-compiling /home/breno/ros2_ws/install/my_py_pkg/lib/python3.12/site-packages/my_py_pkg/number_publisher.py to number_publisher.cpython-312.pyc
[1.233s] byte-compiling /home/breno/ros2_ws/install/my_py_pkg/lib/python3.12/site-packages/my_py_pkg/robot_news_station.py to robot_news_station.cpython-312.pyc
[1.234s] byte-compiling /home/breno/ros2_ws/install/my_py_pkg/lib/python3.12/site-packages/my_py_pkg/my_first_node.py to my_first_node.cpython-312.pyc
[1.234s] byte-compiling /home/breno/ros2_ws/install/my_py_pkg/lib/python3.12/site-packages/my_py_pkg/template_python_node.py to template_python_node.cpython-312.pyc
[1.234s] byte-compiling /home/breno/ros2_ws/install/my_py_pkg/lib/python3.12/site-packages/my_py_pkg/smartphone.py to smartphone.cpython-312.pyc
[1.235s] running install_data
[1.235s] copying resource/my_py_pkg -> /home/breno/ros2_ws/install/my_py_pkg/share/ament_index/resource_index/packages
[1.235s] copying package.xml -> /home/breno/ros2_ws/install/my_py_pkg/share/my_py_pkg
[1.235s] running install_egg_info
[1.251s] Copying ../../build/my_py_pkg/my_py_pkg.egg-info to /home/breno/ros2_ws/install/my_py_pkg/lib/python3.12/site-packages/my_py_pkg-0.0.0-py3.12.egg-info
[1.251s] running install_scripts
[1.351s] Installing number_publisher script to /home/breno/ros2_ws/install/my_py_pkg/lib/my_py_pkg
[1.351s] Installing py_node script to /home/breno/ros2_ws/install/my_py_pkg/lib/my_py_pkg
[1.352s] Installing robot_news_station script to /home/breno/ros2_ws/install/my_py_pkg/lib/my_py_pkg
[1.352s] Installing smartphone script to /home/breno/ros2_ws/install/my_py_pkg/lib/my_py_pkg
[1.352s] writing list of installed files to '/home/breno/ros2_ws/build/my_py_pkg/install.log'
[1.375s] Invoked command in '/home/breno/ros2_ws/src/my_py_pkg' returned '0': DEBUGINFOD_URLS=https://debuginfod.ubuntu.com PYTHONPATH=/home/breno/ros2_ws/build/my_py_pkg/prefix_override:/usr/lib/python3/dist-packages/colcon_core/task/python/colcon_distutils_commands:/home/breno/ros2_ws/install/my_py_pkg/lib/python3.12/site-packages:${PYTHONPATH} /usr/bin/python3 -W ignore:setup.py install is deprecated -W ignore:easy_install command is deprecated setup.py egg_info --egg-base ../../build/my_py_pkg build --build-base /home/breno/ros2_ws/build/my_py_pkg/build install --record /home/breno/ros2_ws/build/my_py_pkg/install.log --single-version-externally-managed install_data --force
