[0.780s] Invoking command in '/home/breno/ros2_ws/build/my_py_pkg': CMAKE_PREFIX_PATH=/home/breno/ros2_ws/install/my_robot_interfaces:/home/breno/ros2_ws/install/my_robot_bringup:/opt/ros/jazzy/opt/gz_math_vendor:/opt/ros/jazzy/opt/gz_utils_vendor:/opt/ros/jazzy/opt/gz_cmake_vendor DEBUGINFOD_URLS=https://debuginfod.ubuntu.com PYTHONPATH=/home/breno/ros2_ws/build/my_py_pkg/prefix_override:/usr/lib/python3/dist-packages/colcon_core/task/python/colcon_distutils_commands:/home/breno/ros2_ws/install/my_py_pkg/lib/python3.12/site-packages:/home/breno/ros2_ws/install/my_robot_interfaces/lib/python3.12/site-packages:/home/breno/ros2_ws/build/my_py_pkg:/home/breno/ros2_ws/install/my_py_pkg/lib/python3.12/site-packages:/opt/ros/jazzy/lib/python3.12/site-packages /usr/bin/python3 -W ignore:setup.py install is deprecated -W ignore:easy_install command is deprecated setup.py develop --editable --build-directory /home/breno/ros2_ws/build/my_py_pkg/build --no-deps symlink_data
[1.035s] running develop
[1.194s] running egg_info
[1.209s] writing my_py_pkg.egg-info/PKG-INFO
[1.209s] writing dependency_links to my_py_pkg.egg-info/dependency_links.txt
[1.210s] writing entry points to my_py_pkg.egg-info/entry_points.txt
[1.210s] writing requirements to my_py_pkg.egg-info/requires.txt
[1.210s] writing top-level names to my_py_pkg.egg-info/top_level.txt
[1.240s] reading manifest file 'my_py_pkg.egg-info/SOURCES.txt'
[1.241s] writing manifest file 'my_py_pkg.egg-info/SOURCES.txt'
[1.257s] running build_ext
[1.257s] Creating /home/breno/ros2_ws/install/my_py_pkg/lib/python3.12/site-packages/my-py-pkg.egg-link (link to .)
[1.258s] Installing add_two_ints_client script to /home/breno/ros2_ws/install/my_py_pkg/lib/my_py_pkg
[1.258s] Installing add_two_ints_client_no_opp script to /home/breno/ros2_ws/install/my_py_pkg/lib/my_py_pkg
[1.258s] Installing add_two_ints_server script to /home/breno/ros2_ws/install/my_py_pkg/lib/my_py_pkg
[1.258s] Installing battery script to /home/breno/ros2_ws/install/my_py_pkg/lib/my_py_pkg
[1.258s] Installing hw_status_publisher script to /home/breno/ros2_ws/install/my_py_pkg/lib/my_py_pkg
[1.258s] Installing led_panel script to /home/breno/ros2_ws/install/my_py_pkg/lib/my_py_pkg
[1.259s] Installing number_counter script to /home/breno/ros2_ws/install/my_py_pkg/lib/my_py_pkg
[1.259s] Installing number_publisher script to /home/breno/ros2_ws/install/my_py_pkg/lib/my_py_pkg
[1.259s] Installing py_node script to /home/breno/ros2_ws/install/my_py_pkg/lib/my_py_pkg
[1.259s] Installing reset_counter script to /home/breno/ros2_ws/install/my_py_pkg/lib/my_py_pkg
[1.259s] Installing robot_news_station script to /home/breno/ros2_ws/install/my_py_pkg/lib/my_py_pkg
[1.259s] Installing smartphone script to /home/breno/ros2_ws/install/my_py_pkg/lib/my_py_pkg
[1.259s] Installing turtle_controller script to /home/breno/ros2_ws/install/my_py_pkg/lib/my_py_pkg
[1.259s] 
[1.259s] Installed /home/breno/ros2_ws/build/my_py_pkg
[1.259s] running symlink_data
[1.284s] Invoked command in '/home/breno/ros2_ws/build/my_py_pkg' returned '0': CMAKE_PREFIX_PATH=/home/breno/ros2_ws/install/my_robot_interfaces:/home/breno/ros2_ws/install/my_robot_bringup:/opt/ros/jazzy/opt/gz_math_vendor:/opt/ros/jazzy/opt/gz_utils_vendor:/opt/ros/jazzy/opt/gz_cmake_vendor DEBUGINFOD_URLS=https://debuginfod.ubuntu.com PYTHONPATH=/home/breno/ros2_ws/build/my_py_pkg/prefix_override:/usr/lib/python3/dist-packages/colcon_core/task/python/colcon_distutils_commands:/home/breno/ros2_ws/install/my_py_pkg/lib/python3.12/site-packages:/home/breno/ros2_ws/install/my_robot_interfaces/lib/python3.12/site-packages:/home/breno/ros2_ws/build/my_py_pkg:/home/breno/ros2_ws/install/my_py_pkg/lib/python3.12/site-packages:/opt/ros/jazzy/lib/python3.12/site-packages /usr/bin/python3 -W ignore:setup.py install is deprecated -W ignore:easy_install command is deprecated setup.py develop --editable --build-directory /home/breno/ros2_ws/build/my_py_pkg/build --no-deps symlink_data
