[0.636s] Invoking command in '/home/breno/ros2_ws/build/my_py_pkg': DEBUGINFOD_URLS=https://debuginfod.ubuntu.com PYTHONPATH=/home/breno/ros2_ws/build/my_py_pkg/prefix_override:/usr/lib/python3/dist-packages/colcon_core/task/python/colcon_distutils_commands:/home/breno/ros2_ws/install/my_py_pkg/lib/python3.12/site-packages:${PYTHONPATH} /usr/bin/python3 -W ignore:setup.py install is deprecated -W ignore:easy_install command is deprecated setup.py develop --editable --build-directory /home/breno/ros2_ws/build/my_py_pkg/build --no-deps symlink_data
[0.883s] running develop
[1.040s] running egg_info
[1.054s] writing my_py_pkg.egg-info/PKG-INFO
[1.055s] writing dependency_links to my_py_pkg.egg-info/dependency_links.txt
[1.055s] writing entry points to my_py_pkg.egg-info/entry_points.txt
[1.055s] writing requirements to my_py_pkg.egg-info/requires.txt
[1.055s] writing top-level names to my_py_pkg.egg-info/top_level.txt
[1.085s] reading manifest file 'my_py_pkg.egg-info/SOURCES.txt'
[1.086s] writing manifest file 'my_py_pkg.egg-info/SOURCES.txt'
[1.102s] running build_ext
[1.102s] Creating /home/breno/ros2_ws/install/my_py_pkg/lib/python3.12/site-packages/my-py-pkg.egg-link (link to .)
[1.102s] Installing number_publisher script to /home/breno/ros2_ws/install/my_py_pkg/lib/my_py_pkg
[1.102s] Installing py_node script to /home/breno/ros2_ws/install/my_py_pkg/lib/my_py_pkg
[1.102s] Installing robot_news_station script to /home/breno/ros2_ws/install/my_py_pkg/lib/my_py_pkg
[1.103s] Installing smartphone script to /home/breno/ros2_ws/install/my_py_pkg/lib/my_py_pkg
[1.103s] 
[1.103s] Installed /home/breno/ros2_ws/build/my_py_pkg
[1.103s] running symlink_data
[1.138s] Invoked command in '/home/breno/ros2_ws/build/my_py_pkg' returned '0': DEBUGINFOD_URLS=https://debuginfod.ubuntu.com PYTHONPATH=/home/breno/ros2_ws/build/my_py_pkg/prefix_override:/usr/lib/python3/dist-packages/colcon_core/task/python/colcon_distutils_commands:/home/breno/ros2_ws/install/my_py_pkg/lib/python3.12/site-packages:${PYTHONPATH} /usr/bin/python3 -W ignore:setup.py install is deprecated -W ignore:easy_install command is deprecated setup.py develop --editable --build-directory /home/breno/ros2_ws/build/my_py_pkg/build --no-deps symlink_data
