[0.646s] Invoking command in '/home/breno/ros2_ws/src/my_py_pkg': CMAKE_PREFIX_PATH=/home/breno/ros2_ws/install/my_robot_interfaces:/home/breno/ros2_ws/install/my_robot_bringup:/opt/ros/jazzy/opt/gz_math_vendor:/opt/ros/jazzy/opt/gz_utils_vendor:/opt/ros/jazzy/opt/gz_cmake_vendor DEBUGINFOD_URLS=https://debuginfod.ubuntu.com PYTHONPATH=/home/breno/ros2_ws/build/my_py_pkg/prefix_override:/usr/lib/python3/dist-packages/colcon_core/task/python/colcon_distutils_commands:/home/breno/ros2_ws/install/my_py_pkg/lib/python3.12/site-packages:/home/breno/ros2_ws/install/my_robot_interfaces/lib/python3.12/site-packages:/home/breno/ros2_ws/install/my_py_pkg/lib/python3.12/site-packages:/opt/ros/jazzy/lib/python3.12/site-packages /usr/bin/python3 -W ignore:setup.py install is deprecated -W ignore:easy_install command is deprecated setup.py egg_info --egg-base ../../build/my_py_pkg build --build-base /home/breno/ros2_ws/build/my_py_pkg/build install --record /home/breno/ros2_ws/build/my_py_pkg/install.log --single-version-externally-managed install_data
[0.859s] running egg_info
[0.876s] writing ../../build/my_py_pkg/my_py_pkg.egg-info/PKG-INFO
[0.876s] writing dependency_links to ../../build/my_py_pkg/my_py_pkg.egg-info/dependency_links.txt
[0.876s] writing entry points to ../../build/my_py_pkg/my_py_pkg.egg-info/entry_points.txt
[0.877s] writing requirements to ../../build/my_py_pkg/my_py_pkg.egg-info/requires.txt
[0.877s] writing top-level names to ../../build/my_py_pkg/my_py_pkg.egg-info/top_level.txt
[0.912s] reading manifest file '../../build/my_py_pkg/my_py_pkg.egg-info/SOURCES.txt'
[0.912s] writing manifest file '../../build/my_py_pkg/my_py_pkg.egg-info/SOURCES.txt'
[0.913s] running build
[0.913s] running build_py
[0.913s] copying my_py_pkg/turtle_spawner.py -> /home/breno/ros2_ws/build/my_py_pkg/build/lib/my_py_pkg
[0.913s] copying my_py_pkg/turtle_controller_closer.py -> /home/breno/ros2_ws/build/my_py_pkg/build/lib/my_py_pkg
[0.913s] copying my_py_pkg/turtle_controller BACKUP WORKING.py -> /home/breno/ros2_ws/build/my_py_pkg/build/lib/my_py_pkg
[0.914s] running install
[0.919s] running install_lib
[0.935s] copying /home/breno/ros2_ws/build/my_py_pkg/build/lib/my_py_pkg/turtle_spawner.py -> /home/breno/ros2_ws/install/my_py_pkg/lib/python3.12/site-packages/my_py_pkg
[0.936s] copying /home/breno/ros2_ws/build/my_py_pkg/build/lib/my_py_pkg/turtle_controller_closer.py -> /home/breno/ros2_ws/install/my_py_pkg/lib/python3.12/site-packages/my_py_pkg
[0.936s] copying /home/breno/ros2_ws/build/my_py_pkg/build/lib/my_py_pkg/turtle_controller BACKUP WORKING.py -> /home/breno/ros2_ws/install/my_py_pkg/lib/python3.12/site-packages/my_py_pkg
[0.936s] byte-compiling /home/breno/ros2_ws/install/my_py_pkg/lib/python3.12/site-packages/my_py_pkg/turtle_spawner.py to turtle_spawner.cpython-312.pyc
[0.937s] byte-compiling /home/breno/ros2_ws/install/my_py_pkg/lib/python3.12/site-packages/my_py_pkg/turtle_controller_closer.py to turtle_controller_closer.cpython-312.pyc
[0.938s] byte-compiling /home/breno/ros2_ws/install/my_py_pkg/lib/python3.12/site-packages/my_py_pkg/turtle_controller BACKUP WORKING.py to turtle_controller BACKUP WORKING.cpython-312.pyc
[0.939s] running install_data
[0.939s] running install_egg_info
[0.956s] removing '/home/breno/ros2_ws/install/my_py_pkg/lib/python3.12/site-packages/my_py_pkg-0.0.0-py3.12.egg-info' (and everything under it)
[0.956s] Copying ../../build/my_py_pkg/my_py_pkg.egg-info to /home/breno/ros2_ws/install/my_py_pkg/lib/python3.12/site-packages/my_py_pkg-0.0.0-py3.12.egg-info
[0.957s] running install_scripts
[1.067s] Installing add_two_ints_client script to /home/breno/ros2_ws/install/my_py_pkg/lib/my_py_pkg
[1.068s] Installing add_two_ints_client_no_opp script to /home/breno/ros2_ws/install/my_py_pkg/lib/my_py_pkg
[1.068s] Installing add_two_ints_server script to /home/breno/ros2_ws/install/my_py_pkg/lib/my_py_pkg
[1.068s] Installing battery script to /home/breno/ros2_ws/install/my_py_pkg/lib/my_py_pkg
[1.068s] Installing hw_status_publisher script to /home/breno/ros2_ws/install/my_py_pkg/lib/my_py_pkg
[1.068s] Installing led_panel script to /home/breno/ros2_ws/install/my_py_pkg/lib/my_py_pkg
[1.068s] Installing number_counter script to /home/breno/ros2_ws/install/my_py_pkg/lib/my_py_pkg
[1.068s] Installing number_publisher script to /home/breno/ros2_ws/install/my_py_pkg/lib/my_py_pkg
[1.068s] Installing py_node script to /home/breno/ros2_ws/install/my_py_pkg/lib/my_py_pkg
[1.068s] Installing reset_counter script to /home/breno/ros2_ws/install/my_py_pkg/lib/my_py_pkg
[1.068s] Installing robot_news_station script to /home/breno/ros2_ws/install/my_py_pkg/lib/my_py_pkg
[1.069s] Installing smartphone script to /home/breno/ros2_ws/install/my_py_pkg/lib/my_py_pkg
[1.069s] Installing turtle_controller script to /home/breno/ros2_ws/install/my_py_pkg/lib/my_py_pkg
[1.069s] Installing turtle_controller_closer script to /home/breno/ros2_ws/install/my_py_pkg/lib/my_py_pkg
[1.069s] Installing turtle_spawner script to /home/breno/ros2_ws/install/my_py_pkg/lib/my_py_pkg
[1.069s] writing list of installed files to '/home/breno/ros2_ws/build/my_py_pkg/install.log'
[1.093s] Invoked command in '/home/breno/ros2_ws/src/my_py_pkg' returned '0': CMAKE_PREFIX_PATH=/home/breno/ros2_ws/install/my_robot_interfaces:/home/breno/ros2_ws/install/my_robot_bringup:/opt/ros/jazzy/opt/gz_math_vendor:/opt/ros/jazzy/opt/gz_utils_vendor:/opt/ros/jazzy/opt/gz_cmake_vendor DEBUGINFOD_URLS=https://debuginfod.ubuntu.com PYTHONPATH=/home/breno/ros2_ws/build/my_py_pkg/prefix_override:/usr/lib/python3/dist-packages/colcon_core/task/python/colcon_distutils_commands:/home/breno/ros2_ws/install/my_py_pkg/lib/python3.12/site-packages:/home/breno/ros2_ws/install/my_robot_interfaces/lib/python3.12/site-packages:/home/breno/ros2_ws/install/my_py_pkg/lib/python3.12/site-packages:/opt/ros/jazzy/lib/python3.12/site-packages /usr/bin/python3 -W ignore:setup.py install is deprecated -W ignore:easy_install command is deprecated setup.py egg_info --egg-base ../../build/my_py_pkg build --build-base /home/breno/ros2_ws/build/my_py_pkg/build install --record /home/breno/ros2_ws/build/my_py_pkg/install.log --single-version-externally-managed install_data
