[0.010s] Invoking command in '/home/breno/ros2_ws/build/my_robot_interfaces': CMAKE_PREFIX_PATH=${CMAKE_PREFIX_PATH}:/home/breno/ros2_ws/install/my_py_pkg:/opt/ros/jazzy DEBUGINFOD_URLS=https://debuginfod.ubuntu.com /usr/bin/cmake --build /home/breno/ros2_ws/build/my_robot_interfaces -- -j16 -l16
[0.058s] [  2%] Built target my_robot_interfaces__rosidl_generator_type_description
[0.059s] [  2%] Built target my_robot_interfaces__rs
[0.068s] [  2%] Built target ament_cmake_python_copy_my_robot_interfaces
[0.077s] [  3%] Built target my_robot_interfaces__cpp
[0.086s] [ 27%] Built target my_robot_interfaces__rosidl_generator_c
[0.114s] [ 45%] Built target my_robot_interfaces__rosidl_typesupport_introspection_c
[0.114s] [ 45%] Built target my_robot_interfaces__rosidl_typesupport_c
[0.115s] [ 64%] Built target my_robot_interfaces__rosidl_typesupport_introspection_cpp
[0.116s] [ 64%] Built target my_robot_interfaces__rosidl_typesupport_cpp
[0.116s] [ 74%] Built target my_robot_interfaces__rosidl_typesupport_fastrtps_cpp
[0.119s] [ 83%] Built target my_robot_interfaces__rosidl_typesupport_fastrtps_c
[0.138s] [ 83%] Built target my_robot_interfaces
[0.157s] [ 84%] Built target my_robot_interfaces__py
[0.185s] [ 92%] Built target my_robot_interfaces__rosidl_generator_py
[0.208s] [100%] Built target my_robot_interfaces_s__rosidl_typesupport_fastrtps_c
[0.209s] [100%] Built target my_robot_interfaces_s__rosidl_typesupport_introspection_c
[0.209s] [100%] Built target my_robot_interfaces_s__rosidl_typesupport_c
[0.258s] running egg_info
[0.275s] writing my_robot_interfaces.egg-info/PKG-INFO
[0.275s] writing dependency_links to my_robot_interfaces.egg-info/dependency_links.txt
[0.275s] writing top-level names to my_robot_interfaces.egg-info/top_level.txt
[0.325s] reading manifest file 'my_robot_interfaces.egg-info/SOURCES.txt'
[0.325s] writing manifest file 'my_robot_interfaces.egg-info/SOURCES.txt'
[0.351s] [100%] Built target ament_cmake_python_build_my_robot_interfaces_egg
[0.363s] Invoked command in '/home/breno/ros2_ws/build/my_robot_interfaces' returned '0': CMAKE_PREFIX_PATH=${CMAKE_PREFIX_PATH}:/home/breno/ros2_ws/install/my_py_pkg:/opt/ros/jazzy DEBUGINFOD_URLS=https://debuginfod.ubuntu.com /usr/bin/cmake --build /home/breno/ros2_ws/build/my_robot_interfaces -- -j16 -l16
[0.373s] Invoking command in '/home/breno/ros2_ws/build/my_robot_interfaces': CMAKE_PREFIX_PATH=${CMAKE_PREFIX_PATH}:/home/breno/ros2_ws/install/my_py_pkg:/opt/ros/jazzy DEBUGINFOD_URLS=https://debuginfod.ubuntu.com /usr/bin/cmake --install /home/breno/ros2_ws/build/my_robot_interfaces
[0.380s] -- Install configuration: ""
[0.380s] -- Up-to-date: /home/breno/ros2_ws/install/my_robot_interfaces/share/ament_index/resource_index/rosidl_interfaces/my_robot_interfaces
[0.380s] -- Up-to-date: /home/breno/ros2_ws/install/my_robot_interfaces/share/my_robot_interfaces/msg/HardwareStatus.json
[0.380s] -- Up-to-date: /home/breno/ros2_ws/install/my_robot_interfaces/share/my_robot_interfaces/srv/ComputeRectangleArea.json
[0.380s] -- Up-to-date: /home/breno/ros2_ws/install/my_robot_interfaces/share/my_robot_interfaces/msg/LedPanelState.json
[0.381s] -- Up-to-date: /home/breno/ros2_ws/install/my_robot_interfaces/share/my_robot_interfaces/srv/SetLed.json
[0.381s] -- Up-to-date: /home/breno/ros2_ws/install/my_robot_interfaces/share/my_robot_interfaces/msg/AliveTurtles.json
[0.381s] -- Up-to-date: /home/breno/ros2_ws/install/my_robot_interfaces/share/my_robot_interfaces/srv/CatchTurtle.json
[0.381s] -- Up-to-date: /home/breno/ros2_ws/install/my_robot_interfaces/include/my_robot_interfaces/my_robot_interfaces
[0.381s] -- Up-to-date: /home/breno/ros2_ws/install/my_robot_interfaces/include/my_robot_interfaces/my_robot_interfaces/srv
[0.381s] -- Up-to-date: /home/breno/ros2_ws/install/my_robot_interfaces/include/my_robot_interfaces/my_robot_interfaces/srv/catch_turtle.h
[0.381s] -- Up-to-date: /home/breno/ros2_ws/install/my_robot_interfaces/include/my_robot_interfaces/my_robot_interfaces/srv/compute_rectangle_area.h
[0.381s] -- Up-to-date: /home/breno/ros2_ws/install/my_robot_interfaces/include/my_robot_interfaces/my_robot_interfaces/srv/detail
[0.381s] -- Up-to-date: /home/breno/ros2_ws/install/my_robot_interfaces/include/my_robot_interfaces/my_robot_interfaces/srv/detail/compute_rectangle_area__functions.c
[0.381s] -- Up-to-date: /home/breno/ros2_ws/install/my_robot_interfaces/include/my_robot_interfaces/my_robot_interfaces/srv/detail/set_led__functions.c
[0.382s] -- Up-to-date: /home/breno/ros2_ws/install/my_robot_interfaces/include/my_robot_interfaces/my_robot_interfaces/srv/detail/compute_rectangle_area__struct.h
[0.382s] -- Up-to-date: /home/breno/ros2_ws/install/my_robot_interfaces/include/my_robot_interfaces/my_robot_interfaces/srv/detail/catch_turtle__struct.h
[0.382s] -- Up-to-date: /home/breno/ros2_ws/install/my_robot_interfaces/include/my_robot_interfaces/my_robot_interfaces/srv/detail/catch_turtle__type_support.c
[0.382s] -- Up-to-date: /home/breno/ros2_ws/install/my_robot_interfaces/include/my_robot_interfaces/my_robot_interfaces/srv/detail/compute_rectangle_area__functions.h
[0.382s] -- Up-to-date: /home/breno/ros2_ws/install/my_robot_interfaces/include/my_robot_interfaces/my_robot_interfaces/srv/detail/set_led__struct.h
[0.382s] -- Up-to-date: /home/breno/ros2_ws/install/my_robot_interfaces/include/my_robot_interfaces/my_robot_interfaces/srv/detail/compute_rectangle_area__type_support.c
[0.382s] -- Up-to-date: /home/breno/ros2_ws/install/my_robot_interfaces/include/my_robot_interfaces/my_robot_interfaces/srv/detail/set_led__functions.h
[0.382s] -- Up-to-date: /home/breno/ros2_ws/install/my_robot_interfaces/include/my_robot_interfaces/my_robot_interfaces/srv/detail/set_led__type_support.h
[0.382s] -- Up-to-date: /home/breno/ros2_ws/install/my_robot_interfaces/include/my_robot_interfaces/my_robot_interfaces/srv/detail/catch_turtle__description.c
[0.382s] -- Up-to-date: /home/breno/ros2_ws/install/my_robot_interfaces/include/my_robot_interfaces/my_robot_interfaces/srv/detail/catch_turtle__type_support.h
[0.382s] -- Up-to-date: /home/breno/ros2_ws/install/my_robot_interfaces/include/my_robot_interfaces/my_robot_interfaces/srv/detail/catch_turtle__functions.c
[0.382s] -- Up-to-date: /home/breno/ros2_ws/install/my_robot_interfaces/include/my_robot_interfaces/my_robot_interfaces/srv/detail/catch_turtle__functions.h
[0.382s] -- Up-to-date: /home/breno/ros2_ws/install/my_robot_interfaces/include/my_robot_interfaces/my_robot_interfaces/srv/detail/compute_rectangle_area__type_support.h
[0.382s] -- Up-to-date: /home/breno/ros2_ws/install/my_robot_interfaces/include/my_robot_interfaces/my_robot_interfaces/srv/detail/set_led__description.c
[0.383s] -- Up-to-date: /home/breno/ros2_ws/install/my_robot_interfaces/include/my_robot_interfaces/my_robot_interfaces/srv/detail/set_led__type_support.c
[0.383s] -- Up-to-date: /home/breno/ros2_ws/install/my_robot_interfaces/include/my_robot_interfaces/my_robot_interfaces/srv/detail/compute_rectangle_area__description.c
[0.383s] -- Up-to-date: /home/breno/ros2_ws/install/my_robot_interfaces/include/my_robot_interfaces/my_robot_interfaces/srv/set_led.h
[0.383s] -- Up-to-date: /home/breno/ros2_ws/install/my_robot_interfaces/include/my_robot_interfaces/my_robot_interfaces/msg
[0.383s] -- Up-to-date: /home/breno/ros2_ws/install/my_robot_interfaces/include/my_robot_interfaces/my_robot_interfaces/msg/rosidl_generator_c__visibility_control.h
[0.383s] -- Up-to-date: /home/breno/ros2_ws/install/my_robot_interfaces/include/my_robot_interfaces/my_robot_interfaces/msg/alive_turtles.h
[0.383s] -- Up-to-date: /home/breno/ros2_ws/install/my_robot_interfaces/include/my_robot_interfaces/my_robot_interfaces/msg/led_panel_state.h
[0.383s] -- Up-to-date: /home/breno/ros2_ws/install/my_robot_interfaces/include/my_robot_interfaces/my_robot_interfaces/msg/hardware_status.h
[0.383s] -- Up-to-date: /home/breno/ros2_ws/install/my_robot_interfaces/include/my_robot_interfaces/my_robot_interfaces/msg/detail
[0.383s] -- Up-to-date: /home/breno/ros2_ws/install/my_robot_interfaces/include/my_robot_interfaces/my_robot_interfaces/msg/detail/alive_turtles__functions.c
[0.383s] -- Up-to-date: /home/breno/ros2_ws/install/my_robot_interfaces/include/my_robot_interfaces/my_robot_interfaces/msg/detail/led_panel_state__description.c
[0.383s] -- Up-to-date: /home/breno/ros2_ws/install/my_robot_interfaces/include/my_robot_interfaces/my_robot_interfaces/msg/detail/alive_turtles__functions.h
[0.384s] -- Up-to-date: /home/breno/ros2_ws/install/my_robot_interfaces/include/my_robot_interfaces/my_robot_interfaces/msg/detail/hardware_status__type_support.h
[0.384s] -- Up-to-date: /home/breno/ros2_ws/install/my_robot_interfaces/include/my_robot_interfaces/my_robot_interfaces/msg/detail/alive_turtles__description.c
[0.384s] -- Up-to-date: /home/breno/ros2_ws/install/my_robot_interfaces/include/my_robot_interfaces/my_robot_interfaces/msg/detail/alive_turtles__struct.h
[0.384s] -- Up-to-date: /home/breno/ros2_ws/install/my_robot_interfaces/include/my_robot_interfaces/my_robot_interfaces/msg/detail/led_panel_state__type_support.c
[0.384s] -- Up-to-date: /home/breno/ros2_ws/install/my_robot_interfaces/include/my_robot_interfaces/my_robot_interfaces/msg/detail/hardware_status__functions.c
[0.384s] -- Up-to-date: /home/breno/ros2_ws/install/my_robot_interfaces/include/my_robot_interfaces/my_robot_interfaces/msg/detail/hardware_status__struct.h
[0.384s] -- Up-to-date: /home/breno/ros2_ws/install/my_robot_interfaces/include/my_robot_interfaces/my_robot_interfaces/msg/detail/led_panel_state__struct.h
[0.384s] -- Up-to-date: /home/breno/ros2_ws/install/my_robot_interfaces/include/my_robot_interfaces/my_robot_interfaces/msg/detail/hardware_status__description.c
[0.384s] -- Up-to-date: /home/breno/ros2_ws/install/my_robot_interfaces/include/my_robot_interfaces/my_robot_interfaces/msg/detail/hardware_status__type_support.c
[0.384s] -- Up-to-date: /home/breno/ros2_ws/install/my_robot_interfaces/include/my_robot_interfaces/my_robot_interfaces/msg/detail/led_panel_state__functions.c
[0.384s] -- Up-to-date: /home/breno/ros2_ws/install/my_robot_interfaces/include/my_robot_interfaces/my_robot_interfaces/msg/detail/alive_turtles__type_support.h
[0.384s] -- Up-to-date: /home/breno/ros2_ws/install/my_robot_interfaces/include/my_robot_interfaces/my_robot_interfaces/msg/detail/hardware_status__functions.h
[0.384s] -- Up-to-date: /home/breno/ros2_ws/install/my_robot_interfaces/include/my_robot_interfaces/my_robot_interfaces/msg/detail/led_panel_state__type_support.h
[0.384s] -- Up-to-date: /home/breno/ros2_ws/install/my_robot_interfaces/include/my_robot_interfaces/my_robot_interfaces/msg/detail/alive_turtles__type_support.c
[0.384s] -- Up-to-date: /home/breno/ros2_ws/install/my_robot_interfaces/include/my_robot_interfaces/my_robot_interfaces/msg/detail/led_panel_state__functions.h
[0.384s] -- Up-to-date: /home/breno/ros2_ws/install/my_robot_interfaces/share/my_robot_interfaces/environment/library_path.sh
[0.384s] -- Up-to-date: /home/breno/ros2_ws/install/my_robot_interfaces/share/my_robot_interfaces/environment/library_path.dsv
[0.384s] -- Up-to-date: /home/breno/ros2_ws/install/my_robot_interfaces/lib/libmy_robot_interfaces__rosidl_generator_c.so
[0.385s] -- Up-to-date: /home/breno/ros2_ws/install/my_robot_interfaces/include/my_robot_interfaces/my_robot_interfaces
[0.385s] -- Up-to-date: /home/breno/ros2_ws/install/my_robot_interfaces/include/my_robot_interfaces/my_robot_interfaces/srv
[0.385s] -- Up-to-date: /home/breno/ros2_ws/install/my_robot_interfaces/include/my_robot_interfaces/my_robot_interfaces/srv/detail
[0.385s] -- Up-to-date: /home/breno/ros2_ws/install/my_robot_interfaces/include/my_robot_interfaces/my_robot_interfaces/srv/detail/set_led__rosidl_typesupport_fastrtps_c.h
[0.385s] -- Up-to-date: /home/breno/ros2_ws/install/my_robot_interfaces/include/my_robot_interfaces/my_robot_interfaces/srv/detail/catch_turtle__rosidl_typesupport_fastrtps_c.h
[0.385s] -- Up-to-date: /home/breno/ros2_ws/install/my_robot_interfaces/include/my_robot_interfaces/my_robot_interfaces/srv/detail/compute_rectangle_area__rosidl_typesupport_fastrtps_c.h
[0.385s] -- Up-to-date: /home/breno/ros2_ws/install/my_robot_interfaces/include/my_robot_interfaces/my_robot_interfaces/msg
[0.385s] -- Up-to-date: /home/breno/ros2_ws/install/my_robot_interfaces/include/my_robot_interfaces/my_robot_interfaces/msg/rosidl_typesupport_fastrtps_c__visibility_control.h
[0.385s] -- Up-to-date: /home/breno/ros2_ws/install/my_robot_interfaces/include/my_robot_interfaces/my_robot_interfaces/msg/detail
[0.385s] -- Up-to-date: /home/breno/ros2_ws/install/my_robot_interfaces/include/my_robot_interfaces/my_robot_interfaces/msg/detail/alive_turtles__rosidl_typesupport_fastrtps_c.h
[0.385s] -- Up-to-date: /home/breno/ros2_ws/install/my_robot_interfaces/include/my_robot_interfaces/my_robot_interfaces/msg/detail/led_panel_state__rosidl_typesupport_fastrtps_c.h
[0.385s] -- Up-to-date: /home/breno/ros2_ws/install/my_robot_interfaces/include/my_robot_interfaces/my_robot_interfaces/msg/detail/hardware_status__rosidl_typesupport_fastrtps_c.h
[0.385s] -- Up-to-date: /home/breno/ros2_ws/install/my_robot_interfaces/lib/libmy_robot_interfaces__rosidl_typesupport_fastrtps_c.so
[0.385s] -- Up-to-date: /home/breno/ros2_ws/install/my_robot_interfaces/include/my_robot_interfaces/my_robot_interfaces
[0.385s] -- Up-to-date: /home/breno/ros2_ws/install/my_robot_interfaces/include/my_robot_interfaces/my_robot_interfaces/srv
[0.385s] -- Up-to-date: /home/breno/ros2_ws/install/my_robot_interfaces/include/my_robot_interfaces/my_robot_interfaces/srv/detail
[0.385s] -- Up-to-date: /home/breno/ros2_ws/install/my_robot_interfaces/include/my_robot_interfaces/my_robot_interfaces/srv/detail/set_led__rosidl_typesupport_introspection_c.h
[0.385s] -- Up-to-date: /home/breno/ros2_ws/install/my_robot_interfaces/include/my_robot_interfaces/my_robot_interfaces/srv/detail/catch_turtle__rosidl_typesupport_introspection_c.h
[0.386s] -- Up-to-date: /home/breno/ros2_ws/install/my_robot_interfaces/include/my_robot_interfaces/my_robot_interfaces/srv/detail/catch_turtle__type_support.c
[0.386s] -- Up-to-date: /home/breno/ros2_ws/install/my_robot_interfaces/include/my_robot_interfaces/my_robot_interfaces/srv/detail/compute_rectangle_area__type_support.c
[0.386s] -- Up-to-date: /home/breno/ros2_ws/install/my_robot_interfaces/include/my_robot_interfaces/my_robot_interfaces/srv/detail/compute_rectangle_area__rosidl_typesupport_introspection_c.h
[0.386s] -- Up-to-date: /home/breno/ros2_ws/install/my_robot_interfaces/include/my_robot_interfaces/my_robot_interfaces/srv/detail/set_led__type_support.c
[0.386s] -- Up-to-date: /home/breno/ros2_ws/install/my_robot_interfaces/include/my_robot_interfaces/my_robot_interfaces/msg
[0.386s] -- Up-to-date: /home/breno/ros2_ws/install/my_robot_interfaces/include/my_robot_interfaces/my_robot_interfaces/msg/rosidl_typesupport_introspection_c__visibility_control.h
[0.386s] -- Up-to-date: /home/breno/ros2_ws/install/my_robot_interfaces/include/my_robot_interfaces/my_robot_interfaces/msg/detail
[0.386s] -- Up-to-date: /home/breno/ros2_ws/install/my_robot_interfaces/include/my_robot_interfaces/my_robot_interfaces/msg/detail/hardware_status__rosidl_typesupport_introspection_c.h
[0.386s] -- Up-to-date: /home/breno/ros2_ws/install/my_robot_interfaces/include/my_robot_interfaces/my_robot_interfaces/msg/detail/led_panel_state__type_support.c
[0.386s] -- Up-to-date: /home/breno/ros2_ws/install/my_robot_interfaces/include/my_robot_interfaces/my_robot_interfaces/msg/detail/hardware_status__type_support.c
[0.386s] -- Up-to-date: /home/breno/ros2_ws/install/my_robot_interfaces/include/my_robot_interfaces/my_robot_interfaces/msg/detail/alive_turtles__rosidl_typesupport_introspection_c.h
[0.386s] -- Up-to-date: /home/breno/ros2_ws/install/my_robot_interfaces/include/my_robot_interfaces/my_robot_interfaces/msg/detail/led_panel_state__rosidl_typesupport_introspection_c.h
[0.386s] -- Up-to-date: /home/breno/ros2_ws/install/my_robot_interfaces/include/my_robot_interfaces/my_robot_interfaces/msg/detail/alive_turtles__type_support.c
[0.386s] -- Up-to-date: /home/breno/ros2_ws/install/my_robot_interfaces/lib/libmy_robot_interfaces__rosidl_typesupport_introspection_c.so
[0.386s] -- Up-to-date: /home/breno/ros2_ws/install/my_robot_interfaces/lib/libmy_robot_interfaces__rosidl_typesupport_c.so
[0.386s] -- Up-to-date: /home/breno/ros2_ws/install/my_robot_interfaces/include/my_robot_interfaces/my_robot_interfaces
[0.386s] -- Up-to-date: /home/breno/ros2_ws/install/my_robot_interfaces/include/my_robot_interfaces/my_robot_interfaces/srv
[0.386s] -- Up-to-date: /home/breno/ros2_ws/install/my_robot_interfaces/include/my_robot_interfaces/my_robot_interfaces/srv/set_led.hpp
[0.387s] -- Up-to-date: /home/breno/ros2_ws/install/my_robot_interfaces/include/my_robot_interfaces/my_robot_interfaces/srv/compute_rectangle_area.hpp
[0.387s] -- Up-to-date: /home/breno/ros2_ws/install/my_robot_interfaces/include/my_robot_interfaces/my_robot_interfaces/srv/detail
[0.387s] -- Up-to-date: /home/breno/ros2_ws/install/my_robot_interfaces/include/my_robot_interfaces/my_robot_interfaces/srv/detail/catch_turtle__traits.hpp
[0.387s] -- Up-to-date: /home/breno/ros2_ws/install/my_robot_interfaces/include/my_robot_interfaces/my_robot_interfaces/srv/detail/catch_turtle__type_support.hpp
[0.387s] -- Up-to-date: /home/breno/ros2_ws/install/my_robot_interfaces/include/my_robot_interfaces/my_robot_interfaces/srv/detail/compute_rectangle_area__traits.hpp
[0.387s] -- Up-to-date: /home/breno/ros2_ws/install/my_robot_interfaces/include/my_robot_interfaces/my_robot_interfaces/srv/detail/compute_rectangle_area__type_support.hpp
[0.387s] -- Up-to-date: /home/breno/ros2_ws/install/my_robot_interfaces/include/my_robot_interfaces/my_robot_interfaces/srv/detail/set_led__builder.hpp
[0.387s] -- Up-to-date: /home/breno/ros2_ws/install/my_robot_interfaces/include/my_robot_interfaces/my_robot_interfaces/srv/detail/catch_turtle__builder.hpp
[0.387s] -- Up-to-date: /home/breno/ros2_ws/install/my_robot_interfaces/include/my_robot_interfaces/my_robot_interfaces/srv/detail/set_led__type_support.hpp
[0.387s] -- Up-to-date: /home/breno/ros2_ws/install/my_robot_interfaces/include/my_robot_interfaces/my_robot_interfaces/srv/detail/catch_turtle__struct.hpp
[0.388s] -- Up-to-date: /home/breno/ros2_ws/install/my_robot_interfaces/include/my_robot_interfaces/my_robot_interfaces/srv/detail/compute_rectangle_area__struct.hpp
[0.388s] -- Up-to-date: /home/breno/ros2_ws/install/my_robot_interfaces/include/my_robot_interfaces/my_robot_interfaces/srv/detail/set_led__struct.hpp
[0.388s] -- Up-to-date: /home/breno/ros2_ws/install/my_robot_interfaces/include/my_robot_interfaces/my_robot_interfaces/srv/detail/compute_rectangle_area__builder.hpp
[0.388s] -- Up-to-date: /home/breno/ros2_ws/install/my_robot_interfaces/include/my_robot_interfaces/my_robot_interfaces/srv/detail/set_led__traits.hpp
[0.388s] -- Up-to-date: /home/breno/ros2_ws/install/my_robot_interfaces/include/my_robot_interfaces/my_robot_interfaces/srv/catch_turtle.hpp
[0.388s] -- Up-to-date: /home/breno/ros2_ws/install/my_robot_interfaces/include/my_robot_interfaces/my_robot_interfaces/msg
[0.388s] -- Up-to-date: /home/breno/ros2_ws/install/my_robot_interfaces/include/my_robot_interfaces/my_robot_interfaces/msg/led_panel_state.hpp
[0.388s] -- Up-to-date: /home/breno/ros2_ws/install/my_robot_interfaces/include/my_robot_interfaces/my_robot_interfaces/msg/alive_turtles.hpp
[0.388s] -- Up-to-date: /home/breno/ros2_ws/install/my_robot_interfaces/include/my_robot_interfaces/my_robot_interfaces/msg/detail
[0.388s] -- Up-to-date: /home/breno/ros2_ws/install/my_robot_interfaces/include/my_robot_interfaces/my_robot_interfaces/msg/detail/alive_turtles__struct.hpp
[0.388s] -- Up-to-date: /home/breno/ros2_ws/install/my_robot_interfaces/include/my_robot_interfaces/my_robot_interfaces/msg/detail/hardware_status__builder.hpp
[0.388s] -- Up-to-date: /home/breno/ros2_ws/install/my_robot_interfaces/include/my_robot_interfaces/my_robot_interfaces/msg/detail/led_panel_state__struct.hpp
[0.388s] -- Up-to-date: /home/breno/ros2_ws/install/my_robot_interfaces/include/my_robot_interfaces/my_robot_interfaces/msg/detail/hardware_status__traits.hpp
[0.388s] -- Up-to-date: /home/breno/ros2_ws/install/my_robot_interfaces/include/my_robot_interfaces/my_robot_interfaces/msg/detail/hardware_status__type_support.hpp
[0.388s] -- Up-to-date: /home/breno/ros2_ws/install/my_robot_interfaces/include/my_robot_interfaces/my_robot_interfaces/msg/detail/alive_turtles__type_support.hpp
[0.388s] -- Up-to-date: /home/breno/ros2_ws/install/my_robot_interfaces/include/my_robot_interfaces/my_robot_interfaces/msg/detail/led_panel_state__type_support.hpp
[0.388s] -- Up-to-date: /home/breno/ros2_ws/install/my_robot_interfaces/include/my_robot_interfaces/my_robot_interfaces/msg/detail/alive_turtles__traits.hpp
[0.388s] -- Up-to-date: /home/breno/ros2_ws/install/my_robot_interfaces/include/my_robot_interfaces/my_robot_interfaces/msg/detail/led_panel_state__traits.hpp
[0.388s] -- Up-to-date: /home/breno/ros2_ws/install/my_robot_interfaces/include/my_robot_interfaces/my_robot_interfaces/msg/detail/led_panel_state__builder.hpp
[0.389s] -- Up-to-date: /home/breno/ros2_ws/install/my_robot_interfaces/include/my_robot_interfaces/my_robot_interfaces/msg/detail/alive_turtles__builder.hpp
[0.389s] -- Up-to-date: /home/breno/ros2_ws/install/my_robot_interfaces/include/my_robot_interfaces/my_robot_interfaces/msg/detail/hardware_status__struct.hpp
[0.389s] -- Up-to-date: /home/breno/ros2_ws/install/my_robot_interfaces/include/my_robot_interfaces/my_robot_interfaces/msg/hardware_status.hpp
[0.389s] -- Up-to-date: /home/breno/ros2_ws/install/my_robot_interfaces/include/my_robot_interfaces/my_robot_interfaces/msg/rosidl_generator_cpp__visibility_control.hpp
[0.389s] -- Up-to-date: /home/breno/ros2_ws/install/my_robot_interfaces/include/my_robot_interfaces/my_robot_interfaces
[0.389s] -- Up-to-date: /home/breno/ros2_ws/install/my_robot_interfaces/include/my_robot_interfaces/my_robot_interfaces/srv
[0.389s] -- Up-to-date: /home/breno/ros2_ws/install/my_robot_interfaces/include/my_robot_interfaces/my_robot_interfaces/srv/detail
[0.389s] -- Up-to-date: /home/breno/ros2_ws/install/my_robot_interfaces/include/my_robot_interfaces/my_robot_interfaces/srv/detail/catch_turtle__rosidl_typesupport_fastrtps_cpp.hpp
[0.389s] -- Up-to-date: /home/breno/ros2_ws/install/my_robot_interfaces/include/my_robot_interfaces/my_robot_interfaces/srv/detail/set_led__rosidl_typesupport_fastrtps_cpp.hpp
[0.389s] -- Up-to-date: /home/breno/ros2_ws/install/my_robot_interfaces/include/my_robot_interfaces/my_robot_interfaces/srv/detail/dds_fastrtps
[0.389s] -- Up-to-date: /home/breno/ros2_ws/install/my_robot_interfaces/include/my_robot_interfaces/my_robot_interfaces/srv/detail/compute_rectangle_area__rosidl_typesupport_fastrtps_cpp.hpp
[0.389s] -- Up-to-date: /home/breno/ros2_ws/install/my_robot_interfaces/include/my_robot_interfaces/my_robot_interfaces/msg
[0.389s] -- Up-to-date: /home/breno/ros2_ws/install/my_robot_interfaces/include/my_robot_interfaces/my_robot_interfaces/msg/rosidl_typesupport_fastrtps_cpp__visibility_control.h
[0.389s] -- Up-to-date: /home/breno/ros2_ws/install/my_robot_interfaces/include/my_robot_interfaces/my_robot_interfaces/msg/detail
[0.389s] -- Up-to-date: /home/breno/ros2_ws/install/my_robot_interfaces/include/my_robot_interfaces/my_robot_interfaces/msg/detail/hardware_status__rosidl_typesupport_fastrtps_cpp.hpp
[0.389s] -- Up-to-date: /home/breno/ros2_ws/install/my_robot_interfaces/include/my_robot_interfaces/my_robot_interfaces/msg/detail/led_panel_state__rosidl_typesupport_fastrtps_cpp.hpp
[0.389s] -- Up-to-date: /home/breno/ros2_ws/install/my_robot_interfaces/include/my_robot_interfaces/my_robot_interfaces/msg/detail/alive_turtles__rosidl_typesupport_fastrtps_cpp.hpp
[0.389s] -- Up-to-date: /home/breno/ros2_ws/install/my_robot_interfaces/include/my_robot_interfaces/my_robot_interfaces/msg/detail/dds_fastrtps
[0.389s] -- Up-to-date: /home/breno/ros2_ws/install/my_robot_interfaces/lib/libmy_robot_interfaces__rosidl_typesupport_fastrtps_cpp.so
[0.389s] -- Up-to-date: /home/breno/ros2_ws/install/my_robot_interfaces/include/my_robot_interfaces/my_robot_interfaces
[0.389s] -- Up-to-date: /home/breno/ros2_ws/install/my_robot_interfaces/include/my_robot_interfaces/my_robot_interfaces/srv
[0.389s] -- Up-to-date: /home/breno/ros2_ws/install/my_robot_interfaces/include/my_robot_interfaces/my_robot_interfaces/srv/detail
[0.390s] -- Up-to-date: /home/breno/ros2_ws/install/my_robot_interfaces/include/my_robot_interfaces/my_robot_interfaces/srv/detail/set_led__rosidl_typesupport_introspection_cpp.hpp
[0.390s] -- Up-to-date: /home/breno/ros2_ws/install/my_robot_interfaces/include/my_robot_interfaces/my_robot_interfaces/srv/detail/compute_rectangle_area__type_support.cpp
[0.390s] -- Up-to-date: /home/breno/ros2_ws/install/my_robot_interfaces/include/my_robot_interfaces/my_robot_interfaces/srv/detail/compute_rectangle_area__rosidl_typesupport_introspection_cpp.hpp
[0.390s] -- Up-to-date: /home/breno/ros2_ws/install/my_robot_interfaces/include/my_robot_interfaces/my_robot_interfaces/srv/detail/catch_turtle__rosidl_typesupport_introspection_cpp.hpp
[0.390s] -- Up-to-date: /home/breno/ros2_ws/install/my_robot_interfaces/include/my_robot_interfaces/my_robot_interfaces/srv/detail/catch_turtle__type_support.cpp
[0.390s] -- Up-to-date: /home/breno/ros2_ws/install/my_robot_interfaces/include/my_robot_interfaces/my_robot_interfaces/srv/detail/set_led__type_support.cpp
[0.390s] -- Up-to-date: /home/breno/ros2_ws/install/my_robot_interfaces/include/my_robot_interfaces/my_robot_interfaces/msg
[0.390s] -- Up-to-date: /home/breno/ros2_ws/install/my_robot_interfaces/include/my_robot_interfaces/my_robot_interfaces/msg/detail
[0.390s] -- Up-to-date: /home/breno/ros2_ws/install/my_robot_interfaces/include/my_robot_interfaces/my_robot_interfaces/msg/detail/hardware_status__rosidl_typesupport_introspection_cpp.hpp
[0.390s] -- Up-to-date: /home/breno/ros2_ws/install/my_robot_interfaces/include/my_robot_interfaces/my_robot_interfaces/msg/detail/led_panel_state__rosidl_typesupport_introspection_cpp.hpp
[0.390s] -- Up-to-date: /home/breno/ros2_ws/install/my_robot_interfaces/include/my_robot_interfaces/my_robot_interfaces/msg/detail/hardware_status__type_support.cpp
[0.390s] -- Up-to-date: /home/breno/ros2_ws/install/my_robot_interfaces/include/my_robot_interfaces/my_robot_interfaces/msg/detail/led_panel_state__type_support.cpp
[0.390s] -- Up-to-date: /home/breno/ros2_ws/install/my_robot_interfaces/include/my_robot_interfaces/my_robot_interfaces/msg/detail/alive_turtles__rosidl_typesupport_introspection_cpp.hpp
[0.390s] -- Up-to-date: /home/breno/ros2_ws/install/my_robot_interfaces/include/my_robot_interfaces/my_robot_interfaces/msg/detail/alive_turtles__type_support.cpp
[0.390s] -- Up-to-date: /home/breno/ros2_ws/install/my_robot_interfaces/lib/libmy_robot_interfaces__rosidl_typesupport_introspection_cpp.so
[0.390s] -- Up-to-date: /home/breno/ros2_ws/install/my_robot_interfaces/lib/libmy_robot_interfaces__rosidl_typesupport_cpp.so
[0.390s] -- Up-to-date: /home/breno/ros2_ws/install/my_robot_interfaces/share/my_robot_interfaces/environment/pythonpath.sh
[0.390s] -- Up-to-date: /home/breno/ros2_ws/install/my_robot_interfaces/share/my_robot_interfaces/environment/pythonpath.dsv
[0.390s] -- Up-to-date: /home/breno/ros2_ws/install/my_robot_interfaces/lib/python3.12/site-packages/my_robot_interfaces-0.0.0-py3.12.egg-info
[0.390s] -- Installing: /home/breno/ros2_ws/install/my_robot_interfaces/lib/python3.12/site-packages/my_robot_interfaces-0.0.0-py3.12.egg-info/top_level.txt
[0.390s] -- Installing: /home/breno/ros2_ws/install/my_robot_interfaces/lib/python3.12/site-packages/my_robot_interfaces-0.0.0-py3.12.egg-info/dependency_links.txt
[0.390s] -- Installing: /home/breno/ros2_ws/install/my_robot_interfaces/lib/python3.12/site-packages/my_robot_interfaces-0.0.0-py3.12.egg-info/PKG-INFO
[0.390s] -- Installing: /home/breno/ros2_ws/install/my_robot_interfaces/lib/python3.12/site-packages/my_robot_interfaces-0.0.0-py3.12.egg-info/SOURCES.txt
[0.391s] -- Up-to-date: /home/breno/ros2_ws/install/my_robot_interfaces/lib/python3.12/site-packages/my_robot_interfaces
[0.391s] -- Up-to-date: /home/breno/ros2_ws/install/my_robot_interfaces/lib/python3.12/site-packages/my_robot_interfaces/my_robot_interfaces_s__rosidl_typesupport_fastrtps_c.so
[0.391s] -- Up-to-date: /home/breno/ros2_ws/install/my_robot_interfaces/lib/python3.12/site-packages/my_robot_interfaces/__init__.py
[0.391s] -- Up-to-date: /home/breno/ros2_ws/install/my_robot_interfaces/lib/python3.12/site-packages/my_robot_interfaces/srv
[0.391s] -- Up-to-date: /home/breno/ros2_ws/install/my_robot_interfaces/lib/python3.12/site-packages/my_robot_interfaces/srv/__init__.py
[0.391s] -- Up-to-date: /home/breno/ros2_ws/install/my_robot_interfaces/lib/python3.12/site-packages/my_robot_interfaces/srv/_catch_turtle_s.c
[0.391s] -- Up-to-date: /home/breno/ros2_ws/install/my_robot_interfaces/lib/python3.12/site-packages/my_robot_interfaces/srv/_set_led_s.c
[0.391s] -- Up-to-date: /home/breno/ros2_ws/install/my_robot_interfaces/lib/python3.12/site-packages/my_robot_interfaces/srv/_catch_turtle.py
[0.391s] -- Up-to-date: /home/breno/ros2_ws/install/my_robot_interfaces/lib/python3.12/site-packages/my_robot_interfaces/srv/_compute_rectangle_area_s.c
[0.391s] -- Up-to-date: /home/breno/ros2_ws/install/my_robot_interfaces/lib/python3.12/site-packages/my_robot_interfaces/srv/_compute_rectangle_area.py
[0.391s] -- Up-to-date: /home/breno/ros2_ws/install/my_robot_interfaces/lib/python3.12/site-packages/my_robot_interfaces/srv/_set_led.py
[0.391s] -- Up-to-date: /home/breno/ros2_ws/install/my_robot_interfaces/lib/python3.12/site-packages/my_robot_interfaces/_my_robot_interfaces_s.ep.rosidl_typesupport_introspection_c.c
[0.391s] -- Up-to-date: /home/breno/ros2_ws/install/my_robot_interfaces/lib/python3.12/site-packages/my_robot_interfaces/msg
[0.391s] -- Up-to-date: /home/breno/ros2_ws/install/my_robot_interfaces/lib/python3.12/site-packages/my_robot_interfaces/msg/_hardware_status_s.c
[0.391s] -- Up-to-date: /home/breno/ros2_ws/install/my_robot_interfaces/lib/python3.12/site-packages/my_robot_interfaces/msg/__init__.py
[0.391s] -- Up-to-date: /home/breno/ros2_ws/install/my_robot_interfaces/lib/python3.12/site-packages/my_robot_interfaces/msg/_led_panel_state_s.c
[0.391s] -- Up-to-date: /home/breno/ros2_ws/install/my_robot_interfaces/lib/python3.12/site-packages/my_robot_interfaces/msg/_alive_turtles.py
[0.391s] -- Up-to-date: /home/breno/ros2_ws/install/my_robot_interfaces/lib/python3.12/site-packages/my_robot_interfaces/msg/_led_panel_state.py
[0.391s] -- Up-to-date: /home/breno/ros2_ws/install/my_robot_interfaces/lib/python3.12/site-packages/my_robot_interfaces/msg/_hardware_status.py
[0.391s] -- Up-to-date: /home/breno/ros2_ws/install/my_robot_interfaces/lib/python3.12/site-packages/my_robot_interfaces/msg/_alive_turtles_s.c
[0.391s] -- Up-to-date: /home/breno/ros2_ws/install/my_robot_interfaces/lib/python3.12/site-packages/my_robot_interfaces/my_robot_interfaces_s__rosidl_typesupport_introspection_c.so
[0.391s] -- Up-to-date: /home/breno/ros2_ws/install/my_robot_interfaces/lib/python3.12/site-packages/my_robot_interfaces/_my_robot_interfaces_s.ep.rosidl_typesupport_fastrtps_c.c
[0.392s] -- Up-to-date: /home/breno/ros2_ws/install/my_robot_interfaces/lib/python3.12/site-packages/my_robot_interfaces/_my_robot_interfaces_s.ep.rosidl_typesupport_c.c
[0.392s] -- Up-to-date: /home/breno/ros2_ws/install/my_robot_interfaces/lib/python3.12/site-packages/my_robot_interfaces/my_robot_interfaces_s__rosidl_typesupport_c.so
[0.416s] Listing '/home/breno/ros2_ws/install/my_robot_interfaces/lib/python3.12/site-packages/my_robot_interfaces'...
[0.416s] Listing '/home/breno/ros2_ws/install/my_robot_interfaces/lib/python3.12/site-packages/my_robot_interfaces/msg'...
[0.416s] Listing '/home/breno/ros2_ws/install/my_robot_interfaces/lib/python3.12/site-packages/my_robot_interfaces/srv'...
[0.421s] -- Up-to-date: /home/breno/ros2_ws/install/my_robot_interfaces/lib/python3.12/site-packages/my_robot_interfaces/my_robot_interfaces_s__rosidl_typesupport_fastrtps_c.so
[0.422s] -- Up-to-date: /home/breno/ros2_ws/install/my_robot_interfaces/lib/python3.12/site-packages/my_robot_interfaces/my_robot_interfaces_s__rosidl_typesupport_introspection_c.so
[0.422s] -- Up-to-date: /home/breno/ros2_ws/install/my_robot_interfaces/lib/python3.12/site-packages/my_robot_interfaces/my_robot_interfaces_s__rosidl_typesupport_c.so
[0.422s] -- Up-to-date: /home/breno/ros2_ws/install/my_robot_interfaces/lib/libmy_robot_interfaces__rosidl_generator_py.so
[0.422s] -- Up-to-date: /home/breno/ros2_ws/install/my_robot_interfaces/share/ament_index/resource_index/rust_packages/my_robot_interfaces
[0.422s] -- Up-to-date: /home/breno/ros2_ws/install/my_robot_interfaces/share/my_robot_interfaces/rust
[0.422s] -- Up-to-date: /home/breno/ros2_ws/install/my_robot_interfaces/share/my_robot_interfaces/rust/build.rs
[0.423s] -- Up-to-date: /home/breno/ros2_ws/install/my_robot_interfaces/share/my_robot_interfaces/rust/Cargo.toml
[0.423s] -- Up-to-date: /home/breno/ros2_ws/install/my_robot_interfaces/share/my_robot_interfaces/rust/src
[0.423s] -- Up-to-date: /home/breno/ros2_ws/install/my_robot_interfaces/share/my_robot_interfaces/rust/src/msg.rs
[0.423s] -- Up-to-date: /home/breno/ros2_ws/install/my_robot_interfaces/share/my_robot_interfaces/rust/src/srv
[0.423s] -- Up-to-date: /home/breno/ros2_ws/install/my_robot_interfaces/share/my_robot_interfaces/rust/src/srv/rmw.rs
[0.423s] -- Up-to-date: /home/breno/ros2_ws/install/my_robot_interfaces/share/my_robot_interfaces/rust/src/srv.rs
[0.423s] -- Up-to-date: /home/breno/ros2_ws/install/my_robot_interfaces/share/my_robot_interfaces/rust/src/msg
[0.423s] -- Up-to-date: /home/breno/ros2_ws/install/my_robot_interfaces/share/my_robot_interfaces/rust/src/msg/rmw.rs
[0.423s] -- Up-to-date: /home/breno/ros2_ws/install/my_robot_interfaces/share/my_robot_interfaces/rust/src/lib.rs
[0.423s] -- Up-to-date: /home/breno/ros2_ws/install/my_robot_interfaces/share/my_robot_interfaces/msg/HardwareStatus.idl
[0.423s] -- Up-to-date: /home/breno/ros2_ws/install/my_robot_interfaces/share/my_robot_interfaces/srv/ComputeRectangleArea.idl
[0.423s] -- Up-to-date: /home/breno/ros2_ws/install/my_robot_interfaces/share/my_robot_interfaces/msg/LedPanelState.idl
[0.423s] -- Up-to-date: /home/breno/ros2_ws/install/my_robot_interfaces/share/my_robot_interfaces/srv/SetLed.idl
[0.423s] -- Up-to-date: /home/breno/ros2_ws/install/my_robot_interfaces/share/my_robot_interfaces/msg/AliveTurtles.idl
[0.423s] -- Up-to-date: /home/breno/ros2_ws/install/my_robot_interfaces/share/my_robot_interfaces/srv/CatchTurtle.idl
[0.423s] -- Up-to-date: /home/breno/ros2_ws/install/my_robot_interfaces/share/my_robot_interfaces/msg/HardwareStatus.msg
[0.424s] -- Up-to-date: /home/breno/ros2_ws/install/my_robot_interfaces/share/my_robot_interfaces/srv/ComputeRectangleArea.srv
[0.424s] -- Up-to-date: /home/breno/ros2_ws/install/my_robot_interfaces/share/my_robot_interfaces/msg/LedPanelState.msg
[0.424s] -- Up-to-date: /home/breno/ros2_ws/install/my_robot_interfaces/share/my_robot_interfaces/srv/SetLed.srv
[0.424s] -- Up-to-date: /home/breno/ros2_ws/install/my_robot_interfaces/share/my_robot_interfaces/msg/AliveTurtles.msg
[0.424s] -- Up-to-date: /home/breno/ros2_ws/install/my_robot_interfaces/share/my_robot_interfaces/srv/CatchTurtle.srv
[0.424s] -- Up-to-date: /home/breno/ros2_ws/install/my_robot_interfaces/share/ament_index/resource_index/package_run_dependencies/my_robot_interfaces
[0.424s] -- Up-to-date: /home/breno/ros2_ws/install/my_robot_interfaces/share/ament_index/resource_index/parent_prefix_path/my_robot_interfaces
[0.424s] -- Up-to-date: /home/breno/ros2_ws/install/my_robot_interfaces/share/my_robot_interfaces/environment/ament_prefix_path.sh
[0.424s] -- Up-to-date: /home/breno/ros2_ws/install/my_robot_interfaces/share/my_robot_interfaces/environment/ament_prefix_path.dsv
[0.424s] -- Up-to-date: /home/breno/ros2_ws/install/my_robot_interfaces/share/my_robot_interfaces/environment/path.sh
[0.424s] -- Up-to-date: /home/breno/ros2_ws/install/my_robot_interfaces/share/my_robot_interfaces/environment/path.dsv
[0.424s] -- Up-to-date: /home/breno/ros2_ws/install/my_robot_interfaces/share/my_robot_interfaces/local_setup.bash
[0.424s] -- Up-to-date: /home/breno/ros2_ws/install/my_robot_interfaces/share/my_robot_interfaces/local_setup.sh
[0.424s] -- Up-to-date: /home/breno/ros2_ws/install/my_robot_interfaces/share/my_robot_interfaces/local_setup.zsh
[0.424s] -- Up-to-date: /home/breno/ros2_ws/install/my_robot_interfaces/share/my_robot_interfaces/local_setup.dsv
[0.424s] -- Installing: /home/breno/ros2_ws/install/my_robot_interfaces/share/my_robot_interfaces/package.dsv
[0.424s] -- Up-to-date: /home/breno/ros2_ws/install/my_robot_interfaces/share/ament_index/resource_index/packages/my_robot_interfaces
[0.424s] -- Up-to-date: /home/breno/ros2_ws/install/my_robot_interfaces/share/my_robot_interfaces/cmake/export_my_robot_interfaces__rosidl_generator_cExport.cmake
[0.425s] -- Up-to-date: /home/breno/ros2_ws/install/my_robot_interfaces/share/my_robot_interfaces/cmake/export_my_robot_interfaces__rosidl_generator_cExport-noconfig.cmake
[0.425s] -- Up-to-date: /home/breno/ros2_ws/install/my_robot_interfaces/share/my_robot_interfaces/cmake/export_my_robot_interfaces__rosidl_typesupport_fastrtps_cExport.cmake
[0.425s] -- Up-to-date: /home/breno/ros2_ws/install/my_robot_interfaces/share/my_robot_interfaces/cmake/export_my_robot_interfaces__rosidl_typesupport_fastrtps_cExport-noconfig.cmake
[0.425s] -- Up-to-date: /home/breno/ros2_ws/install/my_robot_interfaces/share/my_robot_interfaces/cmake/my_robot_interfaces__rosidl_typesupport_introspection_cExport.cmake
[0.425s] -- Up-to-date: /home/breno/ros2_ws/install/my_robot_interfaces/share/my_robot_interfaces/cmake/my_robot_interfaces__rosidl_typesupport_introspection_cExport-noconfig.cmake
[0.425s] -- Up-to-date: /home/breno/ros2_ws/install/my_robot_interfaces/share/my_robot_interfaces/cmake/my_robot_interfaces__rosidl_typesupport_cExport.cmake
[0.425s] -- Up-to-date: /home/breno/ros2_ws/install/my_robot_interfaces/share/my_robot_interfaces/cmake/my_robot_interfaces__rosidl_typesupport_cExport-noconfig.cmake
[0.425s] -- Up-to-date: /home/breno/ros2_ws/install/my_robot_interfaces/share/my_robot_interfaces/cmake/export_my_robot_interfaces__rosidl_generator_cppExport.cmake
[0.425s] -- Up-to-date: /home/breno/ros2_ws/install/my_robot_interfaces/share/my_robot_interfaces/cmake/export_my_robot_interfaces__rosidl_typesupport_fastrtps_cppExport.cmake
[0.425s] -- Up-to-date: /home/breno/ros2_ws/install/my_robot_interfaces/share/my_robot_interfaces/cmake/export_my_robot_interfaces__rosidl_typesupport_fastrtps_cppExport-noconfig.cmake
[0.425s] -- Up-to-date: /home/breno/ros2_ws/install/my_robot_interfaces/share/my_robot_interfaces/cmake/my_robot_interfaces__rosidl_typesupport_introspection_cppExport.cmake
[0.425s] -- Up-to-date: /home/breno/ros2_ws/install/my_robot_interfaces/share/my_robot_interfaces/cmake/my_robot_interfaces__rosidl_typesupport_introspection_cppExport-noconfig.cmake
[0.425s] -- Up-to-date: /home/breno/ros2_ws/install/my_robot_interfaces/share/my_robot_interfaces/cmake/my_robot_interfaces__rosidl_typesupport_cppExport.cmake
[0.425s] -- Up-to-date: /home/breno/ros2_ws/install/my_robot_interfaces/share/my_robot_interfaces/cmake/my_robot_interfaces__rosidl_typesupport_cppExport-noconfig.cmake
[0.425s] -- Up-to-date: /home/breno/ros2_ws/install/my_robot_interfaces/share/my_robot_interfaces/cmake/export_my_robot_interfaces__rosidl_generator_pyExport.cmake
[0.426s] -- Up-to-date: /home/breno/ros2_ws/install/my_robot_interfaces/share/my_robot_interfaces/cmake/export_my_robot_interfaces__rosidl_generator_pyExport-noconfig.cmake
[0.426s] -- Up-to-date: /home/breno/ros2_ws/install/my_robot_interfaces/share/my_robot_interfaces/cmake/rosidl_cmake-extras.cmake
[0.426s] -- Up-to-date: /home/breno/ros2_ws/install/my_robot_interfaces/share/my_robot_interfaces/cmake/ament_cmake_export_dependencies-extras.cmake
[0.426s] -- Up-to-date: /home/breno/ros2_ws/install/my_robot_interfaces/share/my_robot_interfaces/cmake/ament_cmake_export_include_directories-extras.cmake
[0.426s] -- Up-to-date: /home/breno/ros2_ws/install/my_robot_interfaces/share/my_robot_interfaces/cmake/ament_cmake_export_libraries-extras.cmake
[0.426s] -- Up-to-date: /home/breno/ros2_ws/install/my_robot_interfaces/share/my_robot_interfaces/cmake/ament_cmake_export_targets-extras.cmake
[0.426s] -- Up-to-date: /home/breno/ros2_ws/install/my_robot_interfaces/share/my_robot_interfaces/cmake/rosidl_cmake_export_typesupport_targets-extras.cmake
[0.426s] -- Up-to-date: /home/breno/ros2_ws/install/my_robot_interfaces/share/my_robot_interfaces/cmake/rosidl_cmake_export_typesupport_libraries-extras.cmake
[0.426s] -- Up-to-date: /home/breno/ros2_ws/install/my_robot_interfaces/share/my_robot_interfaces/cmake/my_robot_interfacesConfig.cmake
[0.426s] -- Up-to-date: /home/breno/ros2_ws/install/my_robot_interfaces/share/my_robot_interfaces/cmake/my_robot_interfacesConfig-version.cmake
[0.426s] -- Up-to-date: /home/breno/ros2_ws/install/my_robot_interfaces/share/my_robot_interfaces/package.xml
[0.428s] Invoked command in '/home/breno/ros2_ws/build/my_robot_interfaces' returned '0': CMAKE_PREFIX_PATH=${CMAKE_PREFIX_PATH}:/home/breno/ros2_ws/install/my_py_pkg:/opt/ros/jazzy DEBUGINFOD_URLS=https://debuginfod.ubuntu.com /usr/bin/cmake --install /home/breno/ros2_ws/build/my_robot_interfaces
